[35m[Appium][39m Welcome to Appium v2.5.0
[35m[Appium][39m Non-default server args:
[35m[Appium][39m { basePath: [32m'/wd/hub'[39m, loglevel: [32m'info'[39m, port: [33m52879[39m }
[35m[Appium][39m Attempting to load driver uiautomator2...
[Appium] Appium REST http interface listener started on http://0.0.0.0:52879/wd/hub
[Appium] You can provide the following URLs in your client code to connect to this server:
[Appium] 	http://127.0.0.1:52879/wd/hub (only accessible from the same host)
[Appium] 	http://172.16.213.176:52879/wd/hub
[Appium] Available drivers:
[Appium]   - uiautomator2@3.0.0 (automationName 'UiAutomator2')
[Appium] No plugins have been installed. Use the "appium plugin" command to install the one(s) you want to use.
[38;5;0m[HTTP][0m [37m-->[39m [37mGET[39m [37m/wd/hub/status[39m
[38;5;0m[HTTP][0m {}
[38;5;0m[HTTP][0m <-- GET /wd/hub/status 200 3 ms - 110
[38;5;0m[HTTP][0m 
[38;5;0m[HTTP][0m [37m-->[39m [37mPOST[39m [37m/wd/hub/session[39m
[38;5;0m[HTTP][0m {"desiredCapabilities":{"appium:systemPort":52877,"appium:newCommandTimeout":1800,"appium:automationName":"uiautomator2","appium:fullReset":true,"appium:platformVersion":"14","appium:noReset":false,"appium:udid":"emulator-5554","appium:autoGrantPermissions":true,"appium:platformName":"ANDROID","appium:deviceName":"emulator-5554 (sdk_gphone64_arm64 - Android 14)","platformName":"Android","appium:app":"/Users/admin/Downloads/Solodroid_E-CommerceApp Demo_3.2.0.apk"},"capabilities":{"firstMatch":[{"appium:app":"/Users/admin/Downloads/Solodroid_E-CommerceApp Demo_3.2.0.apk","appium:autoGrantPermissions":true,"appium:automationName":"uiautomator2","appium:deviceName":"emulator-5554 (sdk_gphone64_arm64 - Android 14)","appium:fullReset":true,"appium:newCommandTimeout":1800,"appium:noReset":false,"appium:platformName":"ANDROID","appium:platformVersion":"14","appium:systemPort":52877,"appium:udid":"emulator-5554","platformName":"android"}]}}
[38;5;32m[BaseDriver][0m Ignoring capability 'appium:platformName=ANDROID' and using capability 'platformName=android'
[38;5;32m[BaseDriver][0m The capabilities ["platformName"] are standard capabilities and do not require "appium:" prefix
[Appium] Attempting to find matching driver for automationName 'uiautomator2' and platformName 'android'
[Appium] The 'uiautomator2' driver was installed and matched caps.
[Appium] Will require it at /Users/admin/.appium/node_modules/appium-uiautomator2-driver
[38;5;16m[AppiumDriver@f169][0m Appium v2.5.0 creating new AndroidUiautomator2Driver (v3.0.0) session
[38;5;16m[AppiumDriver@f169][0m Checking BaseDriver versions for Appium and AndroidUiautomator2Driver
[38;5;16m[AppiumDriver@f169][0m Appium's BaseDriver version is 9.5.1
[38;5;16m[AppiumDriver@f169][0m AndroidUiautomator2Driver's BaseDriver version is 9.5.1
[38;5;48m[AndroidUiautomator2Driver@2ff1 (87d333ad)][0m Session created with session id: 87d333ad-de07-4e11-b3fd-1861de75ee9e
[38;5;64m[ADB][0m Found 1 'build-tools' folders under '/Users/admin/.katalon/tools/android_sdk' (newest first):
[38;5;64m[ADB][0m     /Users/admin/.katalon/tools/android_sdk/build-tools/29.0.3
[38;5;64m[ADB][0m Using 'adb' from '/Users/admin/.katalon/tools/android_sdk/platform-tools/adb'
[38;5;48m[AndroidUiautomator2Driver@2ff1 (87d333ad)][0m Retrieving device list
[38;5;48m[AndroidUiautomator2Driver@2ff1 (87d333ad)][0m Using device: emulator-5554
[38;5;64m[ADB][0m Using 'adb' from '/Users/admin/.katalon/tools/android_sdk/platform-tools/adb'
[38;5;32m[BaseDriver][0m Using local app '/Users/admin/Downloads/Solodroid_E-CommerceApp Demo_3.2.0.apk'
[38;5;64m[ADB][0m Getting device platform version
[38;5;48m[AndroidUiautomator2Driver@2ff1 (87d333ad)][0m Relaxing hidden api policy
[38;5;64m[ADB][0m Package name: 'com.solodroid.solomerce'
[38;5;64m[ADB][0m Main activity name: 'com.solodroid.solomerce.activities.ActivitySplash'
[38;5;64m[ADB][0m Using 'apksigner.jar' from '/Users/admin/.katalon/tools/android_sdk/build-tools/29.0.3/lib/apksigner.jar'
[38;5;64m[ADB][0m '/Users/admin/.appium/node_modules/appium-uiautomator2-driver/node_modules/appium-uiautomator2-server/apks/appium-uiautomator2-server-debug-androidTest.apk' is signed with the default certificate
[38;5;64m[ADB][0m '/Users/admin/Downloads/Solodroid_E-CommerceApp Demo_3.2.0.apk' is signed with a non-default certificate
[38;5;64m[ADB][0m '/Users/admin/.appium/node_modules/appium-uiautomator2-driver/node_modules/appium-uiautomator2-server/apks/appium-uiautomator2-server-v7.0.0.apk' is signed with the default certificate
[38;5;64m[ADB][0m com.solodroid.solomerce was not uninstalled, because it was not present on the device
[38;5;48m[AndroidUiautomator2Driver@2ff1 (87d333ad)][0m Server packages are not going to be (re)installed
[38;5;64m[ADB][0m The application at '/Users/admin/Downloads/Solodroid_E-CommerceApp Demo_3.2.0.apk' will not be cached, because the device under test has confirmed the support of streamed installs
[38;5;64m[ADB][0m Adding packages ["io.appium.settings","io.appium.uiautomator2.server","io.appium.uiautomator2.server.test"] to Doze whitelist
[38;5;64m[ADB][0m The installation of 'Solodroid_E-CommerceApp Demo_3.2.0.apk' took 924ms
[38;5;48m[AndroidUiautomator2Driver@2ff1 (87d333ad)][0m Starting UIAutomator2 server 7.0.0
[38;5;48m[AndroidUiautomator2Driver@2ff1 (87d333ad)][0m Using UIAutomator2 server from '/Users/admin/.appium/node_modules/appium-uiautomator2-driver/node_modules/appium-uiautomator2-server/apks/appium-uiautomator2-server-v7.0.0.apk' and test from '/Users/admin/.appium/node_modules/appium-uiautomator2-driver/node_modules/appium-uiautomator2-server/apks/appium-uiautomator2-server-debug-androidTest.apk'
[38;5;48m[AndroidUiautomator2Driver@2ff1 (87d333ad)][0m Waiting up to 30000ms for UiAutomator2 to be online...
[38;5;48m[AndroidUiautomator2Driver@2ff1 (87d333ad)][0m socket hang up
[38;5;48m[AndroidUiautomator2Driver@2ff1 (87d333ad)][0m socket hang up
[38;5;48m[AndroidUiautomator2Driver@2ff1 (87d333ad)][0m socket hang up
[38;5;48m[AndroidUiautomator2Driver@2ff1 (87d333ad)][0m Determined the downstream protocol as 'W3C'
[38;5;48m[AndroidUiautomator2Driver@2ff1 (87d333ad)][0m Screen already unlocked, doing nothing
[38;5;48m[AndroidUiautomator2Driver@2ff1 (87d333ad)][0m Starting 'com.solodroid.solomerce/com.solodroid.solomerce.activities.ActivitySplash and waiting for 'com.solodroid.solomerce/com.solodroid.solomerce.activities.ActivitySplash'
[38;5;16m[AppiumDriver@f169][0m New AndroidUiautomator2Driver session created successfully, session 87d333ad-de07-4e11-b3fd-1861de75ee9e added to master session list
[38;5;0m[HTTP][0m <-- POST /wd/hub/session 200 7195 ms - 1244
[38;5;0m[HTTP][0m 
[38;5;0m[HTTP][0m [37m-->[39m [37mGET[39m [37m/wd/hub/session/87d333ad-de07-4e11-b3fd-1861de75ee9e[39m
[38;5;0m[HTTP][0m {}
[38;5;0m[HTTP][0m <-- GET /wd/hub/session/87d333ad-de07-4e11-b3fd-1861de75ee9e 200 27 ms - 374
[38;5;0m[HTTP][0m 
[38;5;0m[HTTP][0m [37m-->[39m [37mGET[39m [37m/wd/hub/session/87d333ad-de07-4e11-b3fd-1861de75ee9e[39m
[38;5;0m[HTTP][0m {}
[38;5;0m[HTTP][0m <-- GET /wd/hub/session/87d333ad-de07-4e11-b3fd-1861de75ee9e 200 16 ms - 374
[38;5;0m[HTTP][0m 
[38;5;0m[HTTP][0m [37m-->[39m [37mGET[39m [37m/wd/hub/status[39m
[38;5;0m[HTTP][0m {}
[38;5;0m[HTTP][0m <-- GET /wd/hub/status 200 1 ms - 110
[38;5;0m[HTTP][0m 
[38;5;0m[HTTP][0m [37m-->[39m [37mPOST[39m [37m/wd/hub/session/87d333ad-de07-4e11-b3fd-1861de75ee9e/timeouts[39m
[38;5;0m[HTTP][0m {"implicit":30000}
[38;5;0m[HTTP][0m <-- POST /wd/hub/session/87d333ad-de07-4e11-b3fd-1861de75ee9e/timeouts 200 6 ms - 14
[38;5;0m[HTTP][0m 
[38;5;0m[HTTP][0m [37m-->[39m [37mGET[39m [37m/wd/hub/session/87d333ad-de07-4e11-b3fd-1861de75ee9e/appium/device/system_bars[39m
[38;5;0m[HTTP][0m {}
[38;5;0m[HTTP][0m <-- GET /wd/hub/session/87d333ad-de07-4e11-b3fd-1861de75ee9e/appium/device/system_bars 200 151 ms - 151
[38;5;0m[HTTP][0m 
[38;5;0m[HTTP][0m [37m-->[39m [37mPOST[39m [37m/wd/hub/session/87d333ad-de07-4e11-b3fd-1861de75ee9e/timeouts[39m
[38;5;0m[HTTP][0m {"implicit":50}
[38;5;0m[HTTP][0m <-- POST /wd/hub/session/87d333ad-de07-4e11-b3fd-1861de75ee9e/timeouts 200 3 ms - 14
[38;5;0m[HTTP][0m 
[38;5;0m[HTTP][0m [37m-->[39m [37mGET[39m [37m/wd/hub/session/87d333ad-de07-4e11-b3fd-1861de75ee9e/window/rect[39m
[38;5;0m[HTTP][0m {}
[38;5;0m[HTTP][0m <-- GET /wd/hub/session/87d333ad-de07-4e11-b3fd-1861de75ee9e/window/rect 200 26 ms - 50
[38;5;0m[HTTP][0m 
[38;5;0m[HTTP][0m [37m-->[39m [37mPOST[39m [37m/wd/hub/session/87d333ad-de07-4e11-b3fd-1861de75ee9e/elements[39m
[38;5;0m[HTTP][0m {"using":"xpath","value":"//*[@class = 'android.widget.ImageButton' and @resource-id = 'com.solodroid.solomerce:id/btn_add_cart' and (@text = '' or . = '')]"}
[38;5;0m[HTTP][0m <-- POST /wd/hub/session/87d333ad-de07-4e11-b3fd-1861de75ee9e/elements 200 1300 ms - 12
[38;5;0m[HTTP][0m 
[38;5;0m[HTTP][0m [37m-->[39m [37mPOST[39m [37m/wd/hub/session/87d333ad-de07-4e11-b3fd-1861de75ee9e/elements[39m
[38;5;0m[HTTP][0m {"using":"xpath","value":"//*[@class = 'android.widget.ImageButton' and @resource-id = 'com.solodroid.solomerce:id/btn_add_cart' and (@text = '' or . = '')]"}
[38;5;0m[HTTP][0m <-- POST /wd/hub/session/87d333ad-de07-4e11-b3fd-1861de75ee9e/elements 200 3057 ms - 139
[38;5;0m[HTTP][0m 
[38;5;0m[HTTP][0m [37m-->[39m [37mGET[39m [37m/wd/hub/session/87d333ad-de07-4e11-b3fd-1861de75ee9e/element/00000000-0000-00e3-ffff-ffff00000017/location[39m
[38;5;0m[HTTP][0m {}
[38;5;48m[AndroidUiautomator2Driver@2ff1 (87d333ad)][0m Driver proxy active, passing request on via HTTP proxy
[38;5;48m[AndroidUiautomator2Driver@2ff1 (87d333ad)][0m Replacing sessionId 51eafa76-d275-4bdd-a145-029d0f7a6f79 with 87d333ad-de07-4e11-b3fd-1861de75ee9e
[38;5;0m[HTTP][0m <-- GET /wd/hub/session/87d333ad-de07-4e11-b3fd-1861de75ee9e/element/00000000-0000-00e3-ffff-ffff00000017/location 200 15 ms - 77
[38;5;0m[HTTP][0m 
[38;5;0m[HTTP][0m [37m-->[39m [37mPOST[39m [37m/wd/hub/session/87d333ad-de07-4e11-b3fd-1861de75ee9e/timeouts[39m
[38;5;0m[HTTP][0m {"implicit":30000}
[38;5;0m[HTTP][0m <-- POST /wd/hub/session/87d333ad-de07-4e11-b3fd-1861de75ee9e/timeouts 200 2 ms - 14
[38;5;0m[HTTP][0m 
[38;5;0m[HTTP][0m [37m-->[39m [37mPOST[39m [37m/wd/hub/session/87d333ad-de07-4e11-b3fd-1861de75ee9e/element/00000000-0000-00e3-ffff-ffff00000017/click[39m
[38;5;0m[HTTP][0m {"id":"00000000-0000-00e3-ffff-ffff00000017"}
[38;5;0m[HTTP][0m <-- POST /wd/hub/session/87d333ad-de07-4e11-b3fd-1861de75ee9e/element/00000000-0000-00e3-ffff-ffff00000017/click 200 77 ms - 14
[38;5;0m[HTTP][0m 
[38;5;0m[HTTP][0m [37m-->[39m [37mPOST[39m [37m/wd/hub/session/87d333ad-de07-4e11-b3fd-1861de75ee9e/timeouts[39m
[38;5;0m[HTTP][0m {"implicit":50}
[38;5;0m[HTTP][0m <-- POST /wd/hub/session/87d333ad-de07-4e11-b3fd-1861de75ee9e/timeouts 200 2 ms - 14
[38;5;0m[HTTP][0m 
[38;5;0m[HTTP][0m [37m-->[39m [37mGET[39m [37m/wd/hub/session/87d333ad-de07-4e11-b3fd-1861de75ee9e/window/rect[39m
[38;5;0m[HTTP][0m {}
[38;5;0m[HTTP][0m <-- GET /wd/hub/session/87d333ad-de07-4e11-b3fd-1861de75ee9e/window/rect 200 44 ms - 50
[38;5;0m[HTTP][0m 
[38;5;0m[HTTP][0m [37m-->[39m [37mPOST[39m [37m/wd/hub/session/87d333ad-de07-4e11-b3fd-1861de75ee9e/elements[39m
[38;5;0m[HTTP][0m {"using":"xpath","value":"//*[@class = 'android.widget.ImageButton' and (@text = '' or . = '')]"}
[38;5;0m[HTTP][0m <-- POST /wd/hub/session/87d333ad-de07-4e11-b3fd-1861de75ee9e/elements 200 324 ms - 12
[38;5;0m[HTTP][0m 
[38;5;0m[HTTP][0m [37m-->[39m [37mPOST[39m [37m/wd/hub/session/87d333ad-de07-4e11-b3fd-1861de75ee9e/elements[39m
[38;5;0m[HTTP][0m {"using":"xpath","value":"//*[@class = 'android.widget.ImageButton' and (@text = '' or . = '')]"}
[38;5;0m[HTTP][0m <-- POST /wd/hub/session/87d333ad-de07-4e11-b3fd-1861de75ee9e/elements 200 1188 ms - 139
[38;5;0m[HTTP][0m 
[38;5;0m[HTTP][0m [37m-->[39m [37mGET[39m [37m/wd/hub/session/87d333ad-de07-4e11-b3fd-1861de75ee9e/element/00000000-0000-00e4-ffff-ffff000000c8/location[39m
[38;5;0m[HTTP][0m {}
[38;5;48m[AndroidUiautomator2Driver@2ff1 (87d333ad)][0m Driver proxy active, passing request on via HTTP proxy
[38;5;48m[AndroidUiautomator2Driver@2ff1 (87d333ad)][0m Replacing sessionId 51eafa76-d275-4bdd-a145-029d0f7a6f79 with 87d333ad-de07-4e11-b3fd-1861de75ee9e
[38;5;0m[HTTP][0m <-- GET /wd/hub/session/87d333ad-de07-4e11-b3fd-1861de75ee9e/element/00000000-0000-00e4-ffff-ffff000000c8/location 200 22 ms - 75
[38;5;0m[HTTP][0m 
[38;5;0m[HTTP][0m [37m-->[39m [37mPOST[39m [37m/wd/hub/session/87d333ad-de07-4e11-b3fd-1861de75ee9e/timeouts[39m
[38;5;0m[HTTP][0m {"implicit":30000}
[38;5;0m[HTTP][0m <-- POST /wd/hub/session/87d333ad-de07-4e11-b3fd-1861de75ee9e/timeouts 200 2 ms - 14
[38;5;0m[HTTP][0m 
[38;5;0m[HTTP][0m [37m-->[39m [37mPOST[39m [37m/wd/hub/session/87d333ad-de07-4e11-b3fd-1861de75ee9e/element/00000000-0000-00e4-ffff-ffff000000c8/click[39m
[38;5;0m[HTTP][0m {"id":"00000000-0000-00e4-ffff-ffff000000c8"}
[38;5;0m[HTTP][0m <-- POST /wd/hub/session/87d333ad-de07-4e11-b3fd-1861de75ee9e/element/00000000-0000-00e4-ffff-ffff000000c8/click 200 94 ms - 14
[38;5;0m[HTTP][0m 
[38;5;0m[HTTP][0m [37m-->[39m [37mPOST[39m [37m/wd/hub/session/87d333ad-de07-4e11-b3fd-1861de75ee9e/timeouts[39m
[38;5;0m[HTTP][0m {"implicit":50}
[38;5;0m[HTTP][0m <-- POST /wd/hub/session/87d333ad-de07-4e11-b3fd-1861de75ee9e/timeouts 200 1 ms - 14
[38;5;0m[HTTP][0m 
[38;5;0m[HTTP][0m [37m-->[39m [37mGET[39m [37m/wd/hub/session/87d333ad-de07-4e11-b3fd-1861de75ee9e/window/rect[39m
[38;5;0m[HTTP][0m {}
[38;5;0m[HTTP][0m <-- GET /wd/hub/session/87d333ad-de07-4e11-b3fd-1861de75ee9e/window/rect 200 18 ms - 50
[38;5;0m[HTTP][0m 
[38;5;0m[HTTP][0m [37m-->[39m [37mPOST[39m [37m/wd/hub/session/87d333ad-de07-4e11-b3fd-1861de75ee9e/elements[39m
[38;5;0m[HTTP][0m {"using":"xpath","value":"//hierarchy/android.widget.FrameLayout[1]/android.widget.LinearLayout[1]/android.widget.FrameLayout[1]/android.widget.LinearLayout[1]/android.widget.FrameLayout[1]/android.widget.RelativeLayout[1]/android.view.ViewGroup[1]/androidx.viewpager.widget.ViewPager[1]/android.widget.LinearLayout[1]/android.view.ViewGroup[1]/androidx.recyclerview.widget.RecyclerView[1]/android.widget.FrameLayout[3]/android.widget.RelativeLayout[1]/android.view.ViewGroup[1]/android.widget.ImageView[1]"}
[38;5;0m[HTTP][0m <-- POST /wd/hub/session/87d333ad-de07-4e11-b3fd-1861de75ee9e/elements 200 631 ms - 139
[38;5;0m[HTTP][0m 
[38;5;0m[HTTP][0m [37m-->[39m [37mGET[39m [37m/wd/hub/session/87d333ad-de07-4e11-b3fd-1861de75ee9e/element/00000000-0000-00e3-ffff-ffff00000082/location[39m
[38;5;0m[HTTP][0m {}
[38;5;48m[AndroidUiautomator2Driver@2ff1 (87d333ad)][0m Driver proxy active, passing request on via HTTP proxy
[38;5;48m[AndroidUiautomator2Driver@2ff1 (87d333ad)][0m Replacing sessionId 51eafa76-d275-4bdd-a145-029d0f7a6f79 with 87d333ad-de07-4e11-b3fd-1861de75ee9e
[38;5;0m[HTTP][0m <-- GET /wd/hub/session/87d333ad-de07-4e11-b3fd-1861de75ee9e/element/00000000-0000-00e3-ffff-ffff00000082/location 200 13 ms - 78
[38;5;0m[HTTP][0m 
[38;5;0m[HTTP][0m [37m-->[39m [37mPOST[39m [37m/wd/hub/session/87d333ad-de07-4e11-b3fd-1861de75ee9e/timeouts[39m
[38;5;0m[HTTP][0m {"implicit":30000}
[38;5;0m[HTTP][0m <-- POST /wd/hub/session/87d333ad-de07-4e11-b3fd-1861de75ee9e/timeouts 200 1 ms - 14
[38;5;0m[HTTP][0m 
[38;5;0m[HTTP][0m [37m-->[39m [37mPOST[39m [37m/wd/hub/session/87d333ad-de07-4e11-b3fd-1861de75ee9e/element/00000000-0000-00e3-ffff-ffff00000082/click[39m
[38;5;0m[HTTP][0m {"id":"00000000-0000-00e3-ffff-ffff00000082"}
[38;5;0m[HTTP][0m <-- POST /wd/hub/session/87d333ad-de07-4e11-b3fd-1861de75ee9e/element/00000000-0000-00e3-ffff-ffff00000082/click 200 2029 ms - 14
[38;5;0m[HTTP][0m 
[38;5;0m[HTTP][0m [37m-->[39m [37mPOST[39m [37m/wd/hub/session/87d333ad-de07-4e11-b3fd-1861de75ee9e/timeouts[39m
[38;5;0m[HTTP][0m {"implicit":50}
[38;5;0m[HTTP][0m <-- POST /wd/hub/session/87d333ad-de07-4e11-b3fd-1861de75ee9e/timeouts 200 4 ms - 14
[38;5;0m[HTTP][0m 
[38;5;0m[HTTP][0m [37m-->[39m [37mGET[39m [37m/wd/hub/session/87d333ad-de07-4e11-b3fd-1861de75ee9e/window/rect[39m
[38;5;0m[HTTP][0m {}
[38;5;0m[HTTP][0m <-- GET /wd/hub/session/87d333ad-de07-4e11-b3fd-1861de75ee9e/window/rect 200 18 ms - 50
[38;5;0m[HTTP][0m 
[38;5;0m[HTTP][0m [37m-->[39m [37mPOST[39m [37m/wd/hub/session/87d333ad-de07-4e11-b3fd-1861de75ee9e/elements[39m
[38;5;0m[HTTP][0m {"using":"xpath","value":"//*[@class = 'android.widget.Button' and (@text = 'ADD TO CART' or . = 'ADD TO CART') and @resource-id = 'com.solodroid.solomerce:id/btn_add_cart']"}
[38;5;0m[HTTP][0m <-- POST /wd/hub/session/87d333ad-de07-4e11-b3fd-1861de75ee9e/elements 200 157 ms - 139
[38;5;0m[HTTP][0m 
[38;5;0m[HTTP][0m [37m-->[39m [37mGET[39m [37m/wd/hub/session/87d333ad-de07-4e11-b3fd-1861de75ee9e/element/00000000-0000-00e5-ffff-ffff000000fa/location[39m
[38;5;0m[HTTP][0m {}
[38;5;48m[AndroidUiautomator2Driver@2ff1 (87d333ad)][0m Driver proxy active, passing request on via HTTP proxy
[38;5;48m[AndroidUiautomator2Driver@2ff1 (87d333ad)][0m Replacing sessionId 51eafa76-d275-4bdd-a145-029d0f7a6f79 with 87d333ad-de07-4e11-b3fd-1861de75ee9e
[38;5;0m[HTTP][0m <-- GET /wd/hub/session/87d333ad-de07-4e11-b3fd-1861de75ee9e/element/00000000-0000-00e5-ffff-ffff000000fa/location 200 460 ms - 77
[38;5;0m[HTTP][0m 
[38;5;0m[HTTP][0m [37m-->[39m [37mPOST[39m [37m/wd/hub/session/87d333ad-de07-4e11-b3fd-1861de75ee9e/timeouts[39m
[38;5;0m[HTTP][0m {"implicit":30000}
[38;5;0m[HTTP][0m <-- POST /wd/hub/session/87d333ad-de07-4e11-b3fd-1861de75ee9e/timeouts 200 3 ms - 14
[38;5;0m[HTTP][0m 
[38;5;0m[HTTP][0m [37m-->[39m [37mPOST[39m [37m/wd/hub/session/87d333ad-de07-4e11-b3fd-1861de75ee9e/element/00000000-0000-00e5-ffff-ffff000000fa/click[39m
[38;5;0m[HTTP][0m {"id":"00000000-0000-00e5-ffff-ffff000000fa"}
[38;5;0m[HTTP][0m <-- POST /wd/hub/session/87d333ad-de07-4e11-b3fd-1861de75ee9e/element/00000000-0000-00e5-ffff-ffff000000fa/click 200 94 ms - 14
[38;5;0m[HTTP][0m 
[38;5;0m[HTTP][0m [37m-->[39m [37mPOST[39m [37m/wd/hub/session/87d333ad-de07-4e11-b3fd-1861de75ee9e/timeouts[39m
[38;5;0m[HTTP][0m {"implicit":50}
[38;5;0m[HTTP][0m <-- POST /wd/hub/session/87d333ad-de07-4e11-b3fd-1861de75ee9e/timeouts 200 1 ms - 14
[38;5;0m[HTTP][0m 
[38;5;0m[HTTP][0m [37m-->[39m [37mGET[39m [37m/wd/hub/session/87d333ad-de07-4e11-b3fd-1861de75ee9e/window/rect[39m
[38;5;0m[HTTP][0m {}
[38;5;0m[HTTP][0m <-- GET /wd/hub/session/87d333ad-de07-4e11-b3fd-1861de75ee9e/window/rect 200 8 ms - 50
[38;5;0m[HTTP][0m 
[38;5;0m[HTTP][0m [37m-->[39m [37mPOST[39m [37m/wd/hub/session/87d333ad-de07-4e11-b3fd-1861de75ee9e/elements[39m
[38;5;0m[HTTP][0m {"using":"xpath","value":"//*[@class = 'android.widget.EditText' and @resource-id = 'com.solodroid.solomerce:id/userInputDialog' and (@text = '' or . = '')]"}
[38;5;0m[HTTP][0m <-- POST /wd/hub/session/87d333ad-de07-4e11-b3fd-1861de75ee9e/elements 200 128 ms - 12
[38;5;0m[HTTP][0m 
[38;5;0m[HTTP][0m [37m-->[39m [37mPOST[39m [37m/wd/hub/session/87d333ad-de07-4e11-b3fd-1861de75ee9e/elements[39m
[38;5;0m[HTTP][0m {"using":"xpath","value":"//*[@class = 'android.widget.EditText' and @resource-id = 'com.solodroid.solomerce:id/userInputDialog' and (@text = '' or . = '')]"}
[38;5;0m[HTTP][0m <-- POST /wd/hub/session/87d333ad-de07-4e11-b3fd-1861de75ee9e/elements 200 102 ms - 12
[38;5;0m[HTTP][0m 
[38;5;0m[HTTP][0m [37m-->[39m [37mPOST[39m [37m/wd/hub/session/87d333ad-de07-4e11-b3fd-1861de75ee9e/elements[39m
[38;5;0m[HTTP][0m {"using":"xpath","value":"//*[@class = 'android.widget.EditText' and @resource-id = 'com.solodroid.solomerce:id/userInputDialog' and (@text = '' or . = '')]"}
[38;5;0m[HTTP][0m <-- POST /wd/hub/session/87d333ad-de07-4e11-b3fd-1861de75ee9e/elements 200 112 ms - 12
[38;5;0m[HTTP][0m 
[38;5;0m[HTTP][0m [37m-->[39m [37mPOST[39m [37m/wd/hub/session/87d333ad-de07-4e11-b3fd-1861de75ee9e/elements[39m
[38;5;0m[HTTP][0m {"using":"xpath","value":"//*[@class = 'android.widget.EditText' and @resource-id = 'com.solodroid.solomerce:id/userInputDialog' and (@text = '' or . = '')]"}
[38;5;0m[HTTP][0m <-- POST /wd/hub/session/87d333ad-de07-4e11-b3fd-1861de75ee9e/elements 200 880 ms - 139
[38;5;0m[HTTP][0m 
[38;5;0m[HTTP][0m [37m-->[39m [37mGET[39m [37m/wd/hub/session/87d333ad-de07-4e11-b3fd-1861de75ee9e/element/00000000-0000-00e6-ffff-ffff00000113/location[39m
[38;5;0m[HTTP][0m {}
[38;5;48m[AndroidUiautomator2Driver@2ff1 (87d333ad)][0m Driver proxy active, passing request on via HTTP proxy
[38;5;48m[AndroidUiautomator2Driver@2ff1 (87d333ad)][0m Replacing sessionId 51eafa76-d275-4bdd-a145-029d0f7a6f79 with 87d333ad-de07-4e11-b3fd-1861de75ee9e
[38;5;0m[HTTP][0m <-- GET /wd/hub/session/87d333ad-de07-4e11-b3fd-1861de75ee9e/element/00000000-0000-00e6-ffff-ffff00000113/location 200 23 ms - 79
[38;5;0m[HTTP][0m 
[38;5;0m[HTTP][0m [37m-->[39m [37mPOST[39m [37m/wd/hub/session/87d333ad-de07-4e11-b3fd-1861de75ee9e/timeouts[39m
[38;5;0m[HTTP][0m {"implicit":30000}
[38;5;0m[HTTP][0m <-- POST /wd/hub/session/87d333ad-de07-4e11-b3fd-1861de75ee9e/timeouts 200 2 ms - 14
[38;5;0m[HTTP][0m 
[38;5;0m[HTTP][0m [37m-->[39m [37mPOST[39m [37m/wd/hub/session/87d333ad-de07-4e11-b3fd-1861de75ee9e/element/00000000-0000-00e6-ffff-ffff00000113/clear[39m
[38;5;0m[HTTP][0m {"id":"00000000-0000-00e6-ffff-ffff00000113"}
[38;5;0m[HTTP][0m <-- POST /wd/hub/session/87d333ad-de07-4e11-b3fd-1861de75ee9e/element/00000000-0000-00e6-ffff-ffff00000113/clear 200 9 ms - 14
[38;5;0m[HTTP][0m 
[38;5;0m[HTTP][0m [37m-->[39m [37mPOST[39m [37m/wd/hub/session/87d333ad-de07-4e11-b3fd-1861de75ee9e/element/00000000-0000-00e6-ffff-ffff00000113/click[39m
[38;5;0m[HTTP][0m {"id":"00000000-0000-00e6-ffff-ffff00000113"}
[38;5;0m[HTTP][0m <-- POST /wd/hub/session/87d333ad-de07-4e11-b3fd-1861de75ee9e/element/00000000-0000-00e6-ffff-ffff00000113/click 200 546 ms - 14
[38;5;0m[HTTP][0m 
[38;5;0m[HTTP][0m [37m-->[39m [37mPOST[39m [37m/wd/hub/session/87d333ad-de07-4e11-b3fd-1861de75ee9e/element/00000000-0000-00e6-ffff-ffff00000113/value[39m
[38;5;0m[HTTP][0m {"id":"00000000-0000-00e6-ffff-ffff00000113","text":"1","value":["1"]}
[38;5;0m[HTTP][0m <-- POST /wd/hub/session/87d333ad-de07-4e11-b3fd-1861de75ee9e/element/00000000-0000-00e6-ffff-ffff00000113/value 200 1231 ms - 14
[38;5;0m[HTTP][0m 
[38;5;0m[HTTP][0m [37m-->[39m [37mPOST[39m [37m/wd/hub/session/87d333ad-de07-4e11-b3fd-1861de75ee9e/timeouts[39m
[38;5;0m[HTTP][0m {"implicit":50}
[38;5;0m[HTTP][0m <-- POST /wd/hub/session/87d333ad-de07-4e11-b3fd-1861de75ee9e/timeouts 200 1 ms - 14
[38;5;0m[HTTP][0m 
[38;5;0m[HTTP][0m [37m-->[39m [37mGET[39m [37m/wd/hub/session/87d333ad-de07-4e11-b3fd-1861de75ee9e/window/rect[39m
[38;5;0m[HTTP][0m {}
[38;5;0m[HTTP][0m <-- GET /wd/hub/session/87d333ad-de07-4e11-b3fd-1861de75ee9e/window/rect 200 8 ms - 50
[38;5;0m[HTTP][0m 
[38;5;0m[HTTP][0m [37m-->[39m [37mPOST[39m [37m/wd/hub/session/87d333ad-de07-4e11-b3fd-1861de75ee9e/elements[39m
[38;5;0m[HTTP][0m {"using":"xpath","value":"//*[@class = 'android.widget.Button' and (@text = 'ADD' or . = 'ADD') and @resource-id = 'android:id/button1']"}
[38;5;0m[HTTP][0m <-- POST /wd/hub/session/87d333ad-de07-4e11-b3fd-1861de75ee9e/elements 200 632 ms - 139
[38;5;0m[HTTP][0m 
[38;5;0m[HTTP][0m [37m-->[39m [37mGET[39m [37m/wd/hub/session/87d333ad-de07-4e11-b3fd-1861de75ee9e/element/00000000-0000-00e6-ffff-ffff00000119/location[39m
[38;5;0m[HTTP][0m {}
[38;5;48m[AndroidUiautomator2Driver@2ff1 (87d333ad)][0m Driver proxy active, passing request on via HTTP proxy
[38;5;48m[AndroidUiautomator2Driver@2ff1 (87d333ad)][0m Replacing sessionId 51eafa76-d275-4bdd-a145-029d0f7a6f79 with 87d333ad-de07-4e11-b3fd-1861de75ee9e
[38;5;0m[HTTP][0m <-- GET /wd/hub/session/87d333ad-de07-4e11-b3fd-1861de75ee9e/element/00000000-0000-00e6-ffff-ffff00000119/location 200 17 ms - 78
[38;5;0m[HTTP][0m 
[38;5;0m[HTTP][0m [37m-->[39m [37mPOST[39m [37m/wd/hub/session/87d333ad-de07-4e11-b3fd-1861de75ee9e/timeouts[39m
[38;5;0m[HTTP][0m {"implicit":30000}
[38;5;0m[HTTP][0m <-- POST /wd/hub/session/87d333ad-de07-4e11-b3fd-1861de75ee9e/timeouts 200 1 ms - 14
[38;5;0m[HTTP][0m 
[38;5;0m[HTTP][0m [37m-->[39m [37mPOST[39m [37m/wd/hub/session/87d333ad-de07-4e11-b3fd-1861de75ee9e/element/00000000-0000-00e6-ffff-ffff00000119/click[39m
[38;5;0m[HTTP][0m {"id":"00000000-0000-00e6-ffff-ffff00000119"}
[38;5;0m[HTTP][0m <-- POST /wd/hub/session/87d333ad-de07-4e11-b3fd-1861de75ee9e/element/00000000-0000-00e6-ffff-ffff00000119/click 200 69 ms - 14
[38;5;0m[HTTP][0m 
[38;5;0m[HTTP][0m [37m-->[39m [37mPOST[39m [37m/wd/hub/session/87d333ad-de07-4e11-b3fd-1861de75ee9e/timeouts[39m
[38;5;0m[HTTP][0m {"implicit":50}
[38;5;0m[HTTP][0m <-- POST /wd/hub/session/87d333ad-de07-4e11-b3fd-1861de75ee9e/timeouts 200 1 ms - 14
[38;5;0m[HTTP][0m 
[38;5;0m[HTTP][0m [37m-->[39m [37mGET[39m [37m/wd/hub/session/87d333ad-de07-4e11-b3fd-1861de75ee9e/window/rect[39m
[38;5;0m[HTTP][0m {}
[38;5;0m[HTTP][0m <-- GET /wd/hub/session/87d333ad-de07-4e11-b3fd-1861de75ee9e/window/rect 200 29 ms - 50
[38;5;0m[HTTP][0m 
[38;5;0m[HTTP][0m [37m-->[39m [37mPOST[39m [37m/wd/hub/session/87d333ad-de07-4e11-b3fd-1861de75ee9e/elements[39m
[38;5;0m[HTTP][0m {"using":"xpath","value":"//*[@class = 'android.widget.TextView' and @resource-id = 'com.solodroid.solomerce:id/cart' and (@text = '' or . = '')]"}
[38;5;0m[HTTP][0m <-- POST /wd/hub/session/87d333ad-de07-4e11-b3fd-1861de75ee9e/elements 200 708 ms - 139
[38;5;0m[HTTP][0m 
[38;5;0m[HTTP][0m [37m-->[39m [37mGET[39m [37m/wd/hub/session/87d333ad-de07-4e11-b3fd-1861de75ee9e/element/00000000-0000-00e5-ffff-ffff00000100/location[39m
[38;5;0m[HTTP][0m {}
[38;5;48m[AndroidUiautomator2Driver@2ff1 (87d333ad)][0m Driver proxy active, passing request on via HTTP proxy
[38;5;48m[AndroidUiautomator2Driver@2ff1 (87d333ad)][0m Replacing sessionId 51eafa76-d275-4bdd-a145-029d0f7a6f79 with 87d333ad-de07-4e11-b3fd-1861de75ee9e
[38;5;0m[HTTP][0m <-- GET /wd/hub/session/87d333ad-de07-4e11-b3fd-1861de75ee9e/element/00000000-0000-00e5-ffff-ffff00000100/location 200 9 ms - 77
[38;5;0m[HTTP][0m 
[38;5;0m[HTTP][0m [37m-->[39m [37mPOST[39m [37m/wd/hub/session/87d333ad-de07-4e11-b3fd-1861de75ee9e/timeouts[39m
[38;5;0m[HTTP][0m {"implicit":30000}
[38;5;0m[HTTP][0m <-- POST /wd/hub/session/87d333ad-de07-4e11-b3fd-1861de75ee9e/timeouts 200 1 ms - 14
[38;5;0m[HTTP][0m 
[38;5;0m[HTTP][0m [37m-->[39m [37mPOST[39m [37m/wd/hub/session/87d333ad-de07-4e11-b3fd-1861de75ee9e/element/00000000-0000-00e5-ffff-ffff00000100/click[39m
[38;5;0m[HTTP][0m {"id":"00000000-0000-00e5-ffff-ffff00000100"}
[38;5;0m[HTTP][0m <-- POST /wd/hub/session/87d333ad-de07-4e11-b3fd-1861de75ee9e/element/00000000-0000-00e5-ffff-ffff00000100/click 200 85 ms - 14
[38;5;0m[HTTP][0m 
[38;5;0m[HTTP][0m [37m-->[39m [37mPOST[39m [37m/wd/hub/session/87d333ad-de07-4e11-b3fd-1861de75ee9e/timeouts[39m
[38;5;0m[HTTP][0m {"implicit":50}
[38;5;0m[HTTP][0m <-- POST /wd/hub/session/87d333ad-de07-4e11-b3fd-1861de75ee9e/timeouts 200 1 ms - 14
[38;5;0m[HTTP][0m 
[38;5;0m[HTTP][0m [37m-->[39m [37mGET[39m [37m/wd/hub/session/87d333ad-de07-4e11-b3fd-1861de75ee9e/window/rect[39m
[38;5;0m[HTTP][0m {}
[38;5;0m[HTTP][0m <-- GET /wd/hub/session/87d333ad-de07-4e11-b3fd-1861de75ee9e/window/rect 200 8 ms - 50
[38;5;0m[HTTP][0m 
[38;5;0m[HTTP][0m [37m-->[39m [37mPOST[39m [37m/wd/hub/session/87d333ad-de07-4e11-b3fd-1861de75ee9e/elements[39m
[38;5;0m[HTTP][0m {"using":"xpath","value":"//*[@class = 'android.widget.Button' and (@text = 'CHECKOUT' or . = 'CHECKOUT') and @resource-id = 'com.solodroid.solomerce:id/btn_checkout']"}
[38;5;0m[HTTP][0m <-- POST /wd/hub/session/87d333ad-de07-4e11-b3fd-1861de75ee9e/elements 200 1320 ms - 139
[38;5;0m[HTTP][0m 
[38;5;0m[HTTP][0m [37m-->[39m [37mGET[39m [37m/wd/hub/session/87d333ad-de07-4e11-b3fd-1861de75ee9e/element/00000000-0000-00e8-ffff-ffff0000012e/location[39m
[38;5;0m[HTTP][0m {}
[38;5;48m[AndroidUiautomator2Driver@2ff1 (87d333ad)][0m Driver proxy active, passing request on via HTTP proxy
[38;5;48m[AndroidUiautomator2Driver@2ff1 (87d333ad)][0m Replacing sessionId 51eafa76-d275-4bdd-a145-029d0f7a6f79 with 87d333ad-de07-4e11-b3fd-1861de75ee9e
[38;5;0m[HTTP][0m <-- GET /wd/hub/session/87d333ad-de07-4e11-b3fd-1861de75ee9e/element/00000000-0000-00e8-ffff-ffff0000012e/location 200 11 ms - 79
[38;5;0m[HTTP][0m 
[38;5;0m[HTTP][0m [37m-->[39m [37mPOST[39m [37m/wd/hub/session/87d333ad-de07-4e11-b3fd-1861de75ee9e/timeouts[39m
[38;5;0m[HTTP][0m {"implicit":30000}
[38;5;0m[HTTP][0m <-- POST /wd/hub/session/87d333ad-de07-4e11-b3fd-1861de75ee9e/timeouts 200 1 ms - 14
[38;5;0m[HTTP][0m 
[38;5;0m[HTTP][0m [37m-->[39m [37mPOST[39m [37m/wd/hub/session/87d333ad-de07-4e11-b3fd-1861de75ee9e/element/00000000-0000-00e8-ffff-ffff0000012e/click[39m
[38;5;0m[HTTP][0m {"id":"00000000-0000-00e8-ffff-ffff0000012e"}
[38;5;0m[HTTP][0m <-- POST /wd/hub/session/87d333ad-de07-4e11-b3fd-1861de75ee9e/element/00000000-0000-00e8-ffff-ffff0000012e/click 200 54 ms - 14
[38;5;0m[HTTP][0m 
[38;5;0m[HTTP][0m [37m-->[39m [37mPOST[39m [37m/wd/hub/session/87d333ad-de07-4e11-b3fd-1861de75ee9e/timeouts[39m
[38;5;0m[HTTP][0m {"implicit":50}
[38;5;0m[HTTP][0m <-- POST /wd/hub/session/87d333ad-de07-4e11-b3fd-1861de75ee9e/timeouts 200 2 ms - 14
[38;5;0m[HTTP][0m 
[38;5;0m[HTTP][0m [37m-->[39m [37mGET[39m [37m/wd/hub/session/87d333ad-de07-4e11-b3fd-1861de75ee9e/window/rect[39m
[38;5;0m[HTTP][0m {}
[38;5;0m[HTTP][0m <-- GET /wd/hub/session/87d333ad-de07-4e11-b3fd-1861de75ee9e/window/rect 200 51 ms - 50
[38;5;0m[HTTP][0m 
[38;5;0m[HTTP][0m [37m-->[39m [37mPOST[39m [37m/wd/hub/session/87d333ad-de07-4e11-b3fd-1861de75ee9e/elements[39m
[38;5;0m[HTTP][0m {"using":"xpath","value":"//*[@class = 'android.widget.EditText' and (@text = 'Your Name' or . = 'Your Name') and @resource-id = 'com.solodroid.solomerce:id/edt_name']"}
[38;5;0m[HTTP][0m <-- POST /wd/hub/session/87d333ad-de07-4e11-b3fd-1861de75ee9e/elements 200 198 ms - 12
[38;5;0m[HTTP][0m 
[38;5;0m[HTTP][0m [37m-->[39m [37mPOST[39m [37m/wd/hub/session/87d333ad-de07-4e11-b3fd-1861de75ee9e/elements[39m
[38;5;0m[HTTP][0m {"using":"xpath","value":"//*[@class = 'android.widget.EditText' and (@text = 'Your Name' or . = 'Your Name') and @resource-id = 'com.solodroid.solomerce:id/edt_name']"}
[38;5;0m[HTTP][0m <-- POST /wd/hub/session/87d333ad-de07-4e11-b3fd-1861de75ee9e/elements 200 317 ms - 12
[38;5;0m[HTTP][0m 
[38;5;0m[HTTP][0m [37m-->[39m [37mPOST[39m [37m/wd/hub/session/87d333ad-de07-4e11-b3fd-1861de75ee9e/elements[39m
[38;5;0m[HTTP][0m {"using":"xpath","value":"//*[@class = 'android.widget.EditText' and (@text = 'Your Name' or . = 'Your Name') and @resource-id = 'com.solodroid.solomerce:id/edt_name']"}
[38;5;0m[HTTP][0m <-- POST /wd/hub/session/87d333ad-de07-4e11-b3fd-1861de75ee9e/elements 200 1549 ms - 139
[38;5;0m[HTTP][0m 
[38;5;0m[HTTP][0m [37m-->[39m [37mGET[39m [37m/wd/hub/session/87d333ad-de07-4e11-b3fd-1861de75ee9e/element/00000000-0000-00e9-ffff-ffff00000154/location[39m
[38;5;0m[HTTP][0m {}
[38;5;48m[AndroidUiautomator2Driver@2ff1 (87d333ad)][0m Driver proxy active, passing request on via HTTP proxy
[38;5;48m[AndroidUiautomator2Driver@2ff1 (87d333ad)][0m Replacing sessionId 51eafa76-d275-4bdd-a145-029d0f7a6f79 with 87d333ad-de07-4e11-b3fd-1861de75ee9e
[38;5;0m[HTTP][0m <-- GET /wd/hub/session/87d333ad-de07-4e11-b3fd-1861de75ee9e/element/00000000-0000-00e9-ffff-ffff00000154/location 200 12 ms - 77
[38;5;0m[HTTP][0m 
[38;5;0m[HTTP][0m [37m-->[39m [37mPOST[39m [37m/wd/hub/session/87d333ad-de07-4e11-b3fd-1861de75ee9e/timeouts[39m
[38;5;0m[HTTP][0m {"implicit":30000}
[38;5;0m[HTTP][0m <-- POST /wd/hub/session/87d333ad-de07-4e11-b3fd-1861de75ee9e/timeouts 200 1 ms - 14
[38;5;0m[HTTP][0m 
[38;5;0m[HTTP][0m [37m-->[39m [37mPOST[39m [37m/wd/hub/session/87d333ad-de07-4e11-b3fd-1861de75ee9e/element/00000000-0000-00e9-ffff-ffff00000154/clear[39m
[38;5;0m[HTTP][0m {"id":"00000000-0000-00e9-ffff-ffff00000154"}
[38;5;0m[HTTP][0m <-- POST /wd/hub/session/87d333ad-de07-4e11-b3fd-1861de75ee9e/element/00000000-0000-00e9-ffff-ffff00000154/clear 200 11 ms - 14
[38;5;0m[HTTP][0m 
[38;5;0m[HTTP][0m [37m-->[39m [37mPOST[39m [37m/wd/hub/session/87d333ad-de07-4e11-b3fd-1861de75ee9e/element/00000000-0000-00e9-ffff-ffff00000154/click[39m
[38;5;0m[HTTP][0m {"id":"00000000-0000-00e9-ffff-ffff00000154"}
[38;5;0m[HTTP][0m <-- POST /wd/hub/session/87d333ad-de07-4e11-b3fd-1861de75ee9e/element/00000000-0000-00e9-ffff-ffff00000154/click 200 582 ms - 14
[38;5;0m[HTTP][0m 
[38;5;0m[HTTP][0m [37m-->[39m [37mPOST[39m [37m/wd/hub/session/87d333ad-de07-4e11-b3fd-1861de75ee9e/element/00000000-0000-00e9-ffff-ffff00000154/value[39m
[38;5;0m[HTTP][0m {"id":"00000000-0000-00e9-ffff-ffff00000154","text":"Testing paypal","value":["T","e","s","t","i","n","g"," ","p","a","y","p","a","l"]}
[38;5;0m[HTTP][0m <-- POST /wd/hub/session/87d333ad-de07-4e11-b3fd-1861de75ee9e/element/00000000-0000-00e9-ffff-ffff00000154/value 200 1690 ms - 14
[38;5;0m[HTTP][0m 
[38;5;0m[HTTP][0m [37m-->[39m [37mPOST[39m [37m/wd/hub/session/87d333ad-de07-4e11-b3fd-1861de75ee9e/timeouts[39m
[38;5;0m[HTTP][0m {"implicit":50}
[38;5;0m[HTTP][0m <-- POST /wd/hub/session/87d333ad-de07-4e11-b3fd-1861de75ee9e/timeouts 200 1 ms - 14
[38;5;0m[HTTP][0m 
[38;5;0m[HTTP][0m [37m-->[39m [37mGET[39m [37m/wd/hub/session/87d333ad-de07-4e11-b3fd-1861de75ee9e/window/rect[39m
[38;5;0m[HTTP][0m {}
[38;5;0m[HTTP][0m <-- GET /wd/hub/session/87d333ad-de07-4e11-b3fd-1861de75ee9e/window/rect 200 11 ms - 50
[38;5;0m[HTTP][0m 
[38;5;0m[HTTP][0m [37m-->[39m [37mPOST[39m [37m/wd/hub/session/87d333ad-de07-4e11-b3fd-1861de75ee9e/elements[39m
[38;5;0m[HTTP][0m {"using":"xpath","value":"//*[@class = 'android.widget.EditText' and (@text = 'your.email@gmail.com' or . = 'your.email@gmail.com') and @resource-id = 'com.solodroid.solomerce:id/edt_email']"}
[38;5;0m[HTTP][0m <-- POST /wd/hub/session/87d333ad-de07-4e11-b3fd-1861de75ee9e/elements 200 736 ms - 139
[38;5;0m[HTTP][0m 
[38;5;0m[HTTP][0m [37m-->[39m [37mGET[39m [37m/wd/hub/session/87d333ad-de07-4e11-b3fd-1861de75ee9e/element/00000000-0000-00e9-ffff-ffff00000160/location[39m
[38;5;0m[HTTP][0m {}
[38;5;48m[AndroidUiautomator2Driver@2ff1 (87d333ad)][0m Driver proxy active, passing request on via HTTP proxy
[38;5;48m[AndroidUiautomator2Driver@2ff1 (87d333ad)][0m Replacing sessionId 51eafa76-d275-4bdd-a145-029d0f7a6f79 with 87d333ad-de07-4e11-b3fd-1861de75ee9e
[38;5;0m[HTTP][0m <-- GET /wd/hub/session/87d333ad-de07-4e11-b3fd-1861de75ee9e/element/00000000-0000-00e9-ffff-ffff00000160/location 200 10 ms - 77
[38;5;0m[HTTP][0m 
[38;5;0m[HTTP][0m [37m-->[39m [37mPOST[39m [37m/wd/hub/session/87d333ad-de07-4e11-b3fd-1861de75ee9e/timeouts[39m
[38;5;0m[HTTP][0m {"implicit":30000}
[38;5;0m[HTTP][0m <-- POST /wd/hub/session/87d333ad-de07-4e11-b3fd-1861de75ee9e/timeouts 200 1 ms - 14
[38;5;0m[HTTP][0m 
[38;5;0m[HTTP][0m [37m-->[39m [37mPOST[39m [37m/wd/hub/session/87d333ad-de07-4e11-b3fd-1861de75ee9e/element/00000000-0000-00e9-ffff-ffff00000160/click[39m
[38;5;0m[HTTP][0m {"id":"00000000-0000-00e9-ffff-ffff00000160"}
[38;5;0m[HTTP][0m <-- POST /wd/hub/session/87d333ad-de07-4e11-b3fd-1861de75ee9e/element/00000000-0000-00e9-ffff-ffff00000160/click 200 54 ms - 14
[38;5;0m[HTTP][0m 
[38;5;0m[HTTP][0m [37m-->[39m [37mPOST[39m [37m/wd/hub/session/87d333ad-de07-4e11-b3fd-1861de75ee9e/timeouts[39m
[38;5;0m[HTTP][0m {"implicit":50}
[38;5;0m[HTTP][0m <-- POST /wd/hub/session/87d333ad-de07-4e11-b3fd-1861de75ee9e/timeouts 200 1 ms - 14
[38;5;0m[HTTP][0m 
[38;5;0m[HTTP][0m [37m-->[39m [37mGET[39m [37m/wd/hub/session/87d333ad-de07-4e11-b3fd-1861de75ee9e/window/rect[39m
[38;5;0m[HTTP][0m {}
[38;5;0m[HTTP][0m <-- GET /wd/hub/session/87d333ad-de07-4e11-b3fd-1861de75ee9e/window/rect 200 15 ms - 50
[38;5;0m[HTTP][0m 
[38;5;0m[HTTP][0m [37m-->[39m [37mPOST[39m [37m/wd/hub/session/87d333ad-de07-4e11-b3fd-1861de75ee9e/elements[39m
[38;5;0m[HTTP][0m {"using":"xpath","value":"//*[@class = 'android.widget.EditText' and (@text = 'Your Address' or . = 'Your Address') and @resource-id = 'com.solodroid.solomerce:id/edt_address']"}
[38;5;0m[HTTP][0m <-- POST /wd/hub/session/87d333ad-de07-4e11-b3fd-1861de75ee9e/elements 200 766 ms - 139
[38;5;0m[HTTP][0m 
[38;5;0m[HTTP][0m [37m-->[39m [37mGET[39m [37m/wd/hub/session/87d333ad-de07-4e11-b3fd-1861de75ee9e/element/00000000-0000-00e9-ffff-ffff00000178/location[39m
[38;5;0m[HTTP][0m {}
[38;5;48m[AndroidUiautomator2Driver@2ff1 (87d333ad)][0m Driver proxy active, passing request on via HTTP proxy
[38;5;48m[AndroidUiautomator2Driver@2ff1 (87d333ad)][0m Replacing sessionId 51eafa76-d275-4bdd-a145-029d0f7a6f79 with 87d333ad-de07-4e11-b3fd-1861de75ee9e
[38;5;0m[HTTP][0m <-- GET /wd/hub/session/87d333ad-de07-4e11-b3fd-1861de75ee9e/element/00000000-0000-00e9-ffff-ffff00000178/location 200 10 ms - 77
[38;5;0m[HTTP][0m 
[38;5;0m[HTTP][0m [37m-->[39m [37mPOST[39m [37m/wd/hub/session/87d333ad-de07-4e11-b3fd-1861de75ee9e/timeouts[39m
[38;5;0m[HTTP][0m {"implicit":30000}
[38;5;0m[HTTP][0m <-- POST /wd/hub/session/87d333ad-de07-4e11-b3fd-1861de75ee9e/timeouts 200 1 ms - 14
[38;5;0m[HTTP][0m 
[38;5;0m[HTTP][0m [37m-->[39m [37mPOST[39m [37m/wd/hub/session/87d333ad-de07-4e11-b3fd-1861de75ee9e/element/00000000-0000-00e9-ffff-ffff00000178/click[39m
[38;5;0m[HTTP][0m {"id":"00000000-0000-00e9-ffff-ffff00000178"}
[38;5;0m[HTTP][0m <-- POST /wd/hub/session/87d333ad-de07-4e11-b3fd-1861de75ee9e/element/00000000-0000-00e9-ffff-ffff00000178/click 200 55 ms - 14
[38;5;0m[HTTP][0m 
[38;5;0m[HTTP][0m [37m-->[39m [37mPOST[39m [37m/wd/hub/session/87d333ad-de07-4e11-b3fd-1861de75ee9e/timeouts[39m
[38;5;0m[HTTP][0m {"implicit":50}
[38;5;0m[HTTP][0m <-- POST /wd/hub/session/87d333ad-de07-4e11-b3fd-1861de75ee9e/timeouts 200 1 ms - 14
[38;5;0m[HTTP][0m 
[38;5;0m[HTTP][0m [37m-->[39m [37mGET[39m [37m/wd/hub/session/87d333ad-de07-4e11-b3fd-1861de75ee9e/window/rect[39m
[38;5;0m[HTTP][0m {}
[38;5;0m[HTTP][0m <-- GET /wd/hub/session/87d333ad-de07-4e11-b3fd-1861de75ee9e/window/rect 200 25 ms - 50
[38;5;0m[HTTP][0m 
[38;5;0m[HTTP][0m [37m-->[39m [37mPOST[39m [37m/wd/hub/session/87d333ad-de07-4e11-b3fd-1861de75ee9e/elements[39m
[38;5;0m[HTTP][0m {"using":"xpath","value":"//*[@class = 'android.widget.EditText' and (@text = 'your.email@gmail.com' or . = 'your.email@gmail.com') and @resource-id = 'com.solodroid.solomerce:id/edt_email']"}
[38;5;0m[HTTP][0m <-- POST /wd/hub/session/87d333ad-de07-4e11-b3fd-1861de75ee9e/elements 200 230 ms - 139
[38;5;0m[HTTP][0m 
[38;5;0m[HTTP][0m [37m-->[39m [37mGET[39m [37m/wd/hub/session/87d333ad-de07-4e11-b3fd-1861de75ee9e/element/00000000-0000-00e9-ffff-ffff00000160/location[39m
[38;5;0m[HTTP][0m {}
[38;5;48m[AndroidUiautomator2Driver@2ff1 (87d333ad)][0m Driver proxy active, passing request on via HTTP proxy
[38;5;48m[AndroidUiautomator2Driver@2ff1 (87d333ad)][0m Replacing sessionId 51eafa76-d275-4bdd-a145-029d0f7a6f79 with 87d333ad-de07-4e11-b3fd-1861de75ee9e
[38;5;0m[HTTP][0m <-- GET /wd/hub/session/87d333ad-de07-4e11-b3fd-1861de75ee9e/element/00000000-0000-00e9-ffff-ffff00000160/location 200 609 ms - 77
[38;5;0m[HTTP][0m 
[38;5;0m[HTTP][0m [37m-->[39m [37mPOST[39m [37m/wd/hub/session/87d333ad-de07-4e11-b3fd-1861de75ee9e/timeouts[39m
[38;5;0m[HTTP][0m {"implicit":30000}
[38;5;0m[HTTP][0m <-- POST /wd/hub/session/87d333ad-de07-4e11-b3fd-1861de75ee9e/timeouts 200 2 ms - 14
[38;5;0m[HTTP][0m 
[38;5;0m[HTTP][0m [37m-->[39m [37mPOST[39m [37m/wd/hub/session/87d333ad-de07-4e11-b3fd-1861de75ee9e/element/00000000-0000-00e9-ffff-ffff00000160/click[39m
[38;5;0m[HTTP][0m {"id":"00000000-0000-00e9-ffff-ffff00000160"}
[38;5;0m[HTTP][0m <-- POST /wd/hub/session/87d333ad-de07-4e11-b3fd-1861de75ee9e/element/00000000-0000-00e9-ffff-ffff00000160/click 200 777 ms - 14
[38;5;0m[HTTP][0m 
[38;5;0m[HTTP][0m [37m-->[39m [37mPOST[39m [37m/wd/hub/session/87d333ad-de07-4e11-b3fd-1861de75ee9e/timeouts[39m
[38;5;0m[HTTP][0m {"implicit":50}
[38;5;0m[HTTP][0m <-- POST /wd/hub/session/87d333ad-de07-4e11-b3fd-1861de75ee9e/timeouts 200 1 ms - 14
[38;5;0m[HTTP][0m 
[38;5;0m[HTTP][0m [37m-->[39m [37mGET[39m [37m/wd/hub/session/87d333ad-de07-4e11-b3fd-1861de75ee9e/window/rect[39m
[38;5;0m[HTTP][0m {}
[38;5;0m[HTTP][0m <-- GET /wd/hub/session/87d333ad-de07-4e11-b3fd-1861de75ee9e/window/rect 200 12 ms - 50
[38;5;0m[HTTP][0m 
[38;5;0m[HTTP][0m [37m-->[39m [37mPOST[39m [37m/wd/hub/session/87d333ad-de07-4e11-b3fd-1861de75ee9e/elements[39m
[38;5;0m[HTTP][0m {"using":"xpath","value":"//*[@class = 'android.widget.EditText' and (@text = 'your.email@gmail.com' or . = 'your.email@gmail.com') and @resource-id = 'com.solodroid.solomerce:id/edt_email']"}
[38;5;0m[HTTP][0m <-- POST /wd/hub/session/87d333ad-de07-4e11-b3fd-1861de75ee9e/elements 200 81 ms - 139
[38;5;0m[HTTP][0m 
[38;5;0m[HTTP][0m [37m-->[39m [37mGET[39m [37m/wd/hub/session/87d333ad-de07-4e11-b3fd-1861de75ee9e/element/00000000-0000-00e9-ffff-ffff00000160/location[39m
[38;5;0m[HTTP][0m {}
[38;5;48m[AndroidUiautomator2Driver@2ff1 (87d333ad)][0m Driver proxy active, passing request on via HTTP proxy
[38;5;48m[AndroidUiautomator2Driver@2ff1 (87d333ad)][0m Replacing sessionId 51eafa76-d275-4bdd-a145-029d0f7a6f79 with 87d333ad-de07-4e11-b3fd-1861de75ee9e
[38;5;0m[HTTP][0m <-- GET /wd/hub/session/87d333ad-de07-4e11-b3fd-1861de75ee9e/element/00000000-0000-00e9-ffff-ffff00000160/location 200 9 ms - 77
[38;5;0m[HTTP][0m 
[38;5;0m[HTTP][0m [37m-->[39m [37mPOST[39m [37m/wd/hub/session/87d333ad-de07-4e11-b3fd-1861de75ee9e/timeouts[39m
[38;5;0m[HTTP][0m {"implicit":30000}
[38;5;0m[HTTP][0m <-- POST /wd/hub/session/87d333ad-de07-4e11-b3fd-1861de75ee9e/timeouts 200 0 ms - 14
[38;5;0m[HTTP][0m 
[38;5;0m[HTTP][0m [37m-->[39m [37mPOST[39m [37m/wd/hub/session/87d333ad-de07-4e11-b3fd-1861de75ee9e/element/00000000-0000-00e9-ffff-ffff00000160/clear[39m
[38;5;0m[HTTP][0m {"id":"00000000-0000-00e9-ffff-ffff00000160"}
[38;5;0m[HTTP][0m <-- POST /wd/hub/session/87d333ad-de07-4e11-b3fd-1861de75ee9e/element/00000000-0000-00e9-ffff-ffff00000160/clear 200 15 ms - 14
[38;5;0m[HTTP][0m 
[38;5;0m[HTTP][0m [37m-->[39m [37mPOST[39m [37m/wd/hub/session/87d333ad-de07-4e11-b3fd-1861de75ee9e/element/00000000-0000-00e9-ffff-ffff00000160/click[39m
[38;5;0m[HTTP][0m {"id":"00000000-0000-00e9-ffff-ffff00000160"}
[38;5;0m[HTTP][0m <-- POST /wd/hub/session/87d333ad-de07-4e11-b3fd-1861de75ee9e/element/00000000-0000-00e9-ffff-ffff00000160/click 200 1216 ms - 14
[38;5;0m[HTTP][0m 
[38;5;0m[HTTP][0m [37m-->[39m [37mPOST[39m [37m/wd/hub/session/87d333ad-de07-4e11-b3fd-1861de75ee9e/element/00000000-0000-00e9-ffff-ffff00000160/value[39m
[38;5;0m[HTTP][0m {"id":"00000000-0000-00e9-ffff-ffff00000160","text":"test@gmail.com","value":["t","e","s","t","@","g","m","a","i","l",".","c","o","m"]}
[38;5;0m[HTTP][0m <-- POST /wd/hub/session/87d333ad-de07-4e11-b3fd-1861de75ee9e/element/00000000-0000-00e9-ffff-ffff00000160/value 200 70 ms - 14
[38;5;0m[HTTP][0m 
[38;5;0m[HTTP][0m [37m-->[39m [37mPOST[39m [37m/wd/hub/session/87d333ad-de07-4e11-b3fd-1861de75ee9e/timeouts[39m
[38;5;0m[HTTP][0m {"implicit":50}
[38;5;0m[HTTP][0m <-- POST /wd/hub/session/87d333ad-de07-4e11-b3fd-1861de75ee9e/timeouts 200 1 ms - 14
[38;5;0m[HTTP][0m 
[38;5;0m[HTTP][0m [37m-->[39m [37mGET[39m [37m/wd/hub/session/87d333ad-de07-4e11-b3fd-1861de75ee9e/window/rect[39m
[38;5;0m[HTTP][0m {}
[38;5;0m[HTTP][0m <-- GET /wd/hub/session/87d333ad-de07-4e11-b3fd-1861de75ee9e/window/rect 200 4 ms - 50
[38;5;0m[HTTP][0m 
[38;5;0m[HTTP][0m [37m-->[39m [37mPOST[39m [37m/wd/hub/session/87d333ad-de07-4e11-b3fd-1861de75ee9e/elements[39m
[38;5;0m[HTTP][0m {"using":"xpath","value":"//*[@class = 'android.widget.EditText' and (@text = 'Your Address' or . = 'Your Address') and @resource-id = 'com.solodroid.solomerce:id/edt_address']"}
[38;5;0m[HTTP][0m <-- POST /wd/hub/session/87d333ad-de07-4e11-b3fd-1861de75ee9e/elements 200 691 ms - 139
[38;5;0m[HTTP][0m 
[38;5;0m[HTTP][0m [37m-->[39m [37mGET[39m [37m/wd/hub/session/87d333ad-de07-4e11-b3fd-1861de75ee9e/element/00000000-0000-00e9-ffff-ffff00000178/location[39m
[38;5;0m[HTTP][0m {}
[38;5;48m[AndroidUiautomator2Driver@2ff1 (87d333ad)][0m Driver proxy active, passing request on via HTTP proxy
[38;5;48m[AndroidUiautomator2Driver@2ff1 (87d333ad)][0m Replacing sessionId 51eafa76-d275-4bdd-a145-029d0f7a6f79 with 87d333ad-de07-4e11-b3fd-1861de75ee9e
[38;5;0m[HTTP][0m <-- GET /wd/hub/session/87d333ad-de07-4e11-b3fd-1861de75ee9e/element/00000000-0000-00e9-ffff-ffff00000178/location 200 10 ms - 77
[38;5;0m[HTTP][0m 
[38;5;0m[HTTP][0m [37m-->[39m [37mPOST[39m [37m/wd/hub/session/87d333ad-de07-4e11-b3fd-1861de75ee9e/timeouts[39m
[38;5;0m[HTTP][0m {"implicit":30000}
[38;5;0m[HTTP][0m <-- POST /wd/hub/session/87d333ad-de07-4e11-b3fd-1861de75ee9e/timeouts 200 1 ms - 14
[38;5;0m[HTTP][0m 
[38;5;0m[HTTP][0m [37m-->[39m [37mPOST[39m [37m/wd/hub/session/87d333ad-de07-4e11-b3fd-1861de75ee9e/element/00000000-0000-00e9-ffff-ffff00000178/clear[39m
[38;5;0m[HTTP][0m {"id":"00000000-0000-00e9-ffff-ffff00000178"}
[38;5;0m[HTTP][0m <-- POST /wd/hub/session/87d333ad-de07-4e11-b3fd-1861de75ee9e/element/00000000-0000-00e9-ffff-ffff00000178/clear 200 11 ms - 14
[38;5;0m[HTTP][0m 
[38;5;0m[HTTP][0m [37m-->[39m [37mPOST[39m [37m/wd/hub/session/87d333ad-de07-4e11-b3fd-1861de75ee9e/element/00000000-0000-00e9-ffff-ffff00000178/click[39m
[38;5;0m[HTTP][0m {"id":"00000000-0000-00e9-ffff-ffff00000178"}
[38;5;0m[HTTP][0m <-- POST /wd/hub/session/87d333ad-de07-4e11-b3fd-1861de75ee9e/element/00000000-0000-00e9-ffff-ffff00000178/click 200 584 ms - 14
[38;5;0m[HTTP][0m 
[38;5;0m[HTTP][0m [37m-->[39m [37mPOST[39m [37m/wd/hub/session/87d333ad-de07-4e11-b3fd-1861de75ee9e/element/00000000-0000-00e9-ffff-ffff00000178/value[39m
[38;5;0m[HTTP][0m {"id":"00000000-0000-00e9-ffff-ffff00000178","text":"test","value":["t","e","s","t"]}
[38;5;0m[HTTP][0m <-- POST /wd/hub/session/87d333ad-de07-4e11-b3fd-1861de75ee9e/element/00000000-0000-00e9-ffff-ffff00000178/value 200 1255 ms - 14
[38;5;0m[HTTP][0m 
[38;5;0m[HTTP][0m [37m-->[39m [37mGET[39m [37m/wd/hub/session/87d333ad-de07-4e11-b3fd-1861de75ee9e/context[39m
[38;5;0m[HTTP][0m {}
[38;5;0m[HTTP][0m <-- GET /wd/hub/session/87d333ad-de07-4e11-b3fd-1861de75ee9e/context 200 1 ms - 22
[38;5;0m[HTTP][0m 
[38;5;0m[HTTP][0m [37m-->[39m [37mGET[39m [37m/wd/hub/session/87d333ad-de07-4e11-b3fd-1861de75ee9e/contexts[39m
[38;5;0m[HTTP][0m {}
[38;5;0m[HTTP][0m <-- GET /wd/hub/session/87d333ad-de07-4e11-b3fd-1861de75ee9e/contexts 200 337 ms - 58
[38;5;0m[HTTP][0m 
[38;5;0m[HTTP][0m [37m-->[39m [37mPOST[39m [37m/wd/hub/session/87d333ad-de07-4e11-b3fd-1861de75ee9e/context[39m
[38;5;0m[HTTP][0m {"name":"NATIVE_APP"}
[38;5;0m[HTTP][0m <-- POST /wd/hub/session/87d333ad-de07-4e11-b3fd-1861de75ee9e/context 200 0 ms - 14
[38;5;0m[HTTP][0m 
[38;5;0m[HTTP][0m [37m-->[39m [37mPOST[39m [37m/wd/hub/session/87d333ad-de07-4e11-b3fd-1861de75ee9e/appium/device/hide_keyboard[39m
[38;5;0m[HTTP][0m {}
[38;5;0m[HTTP][0m <-- POST /wd/hub/session/87d333ad-de07-4e11-b3fd-1861de75ee9e/appium/device/hide_keyboard 200 449 ms - 14
[38;5;0m[HTTP][0m 
[38;5;0m[HTTP][0m [37m-->[39m [37mPOST[39m [37m/wd/hub/session/87d333ad-de07-4e11-b3fd-1861de75ee9e/context[39m
[38;5;0m[HTTP][0m {"name":"NATIVE_APP"}
[38;5;0m[HTTP][0m <-- POST /wd/hub/session/87d333ad-de07-4e11-b3fd-1861de75ee9e/context 200 1 ms - 14
[38;5;0m[HTTP][0m 
[38;5;0m[HTTP][0m [37m-->[39m [37mPOST[39m [37m/wd/hub/session/87d333ad-de07-4e11-b3fd-1861de75ee9e/timeouts[39m
[38;5;0m[HTTP][0m {"implicit":50}
[38;5;0m[HTTP][0m <-- POST /wd/hub/session/87d333ad-de07-4e11-b3fd-1861de75ee9e/timeouts 200 1 ms - 14
[38;5;0m[HTTP][0m 
[38;5;0m[HTTP][0m [37m-->[39m [37mGET[39m [37m/wd/hub/session/87d333ad-de07-4e11-b3fd-1861de75ee9e/window/rect[39m
[38;5;0m[HTTP][0m {}
[38;5;0m[HTTP][0m <-- GET /wd/hub/session/87d333ad-de07-4e11-b3fd-1861de75ee9e/window/rect 200 15 ms - 50
[38;5;0m[HTTP][0m 
[38;5;0m[HTTP][0m [37m-->[39m [37mPOST[39m [37m/wd/hub/session/87d333ad-de07-4e11-b3fd-1861de75ee9e/elements[39m
[38;5;0m[HTTP][0m {"using":"xpath","value":"//hierarchy/android.widget.FrameLayout[1]/android.widget.LinearLayout[1]/android.widget.FrameLayout[1]/android.widget.LinearLayout[1]/android.widget.FrameLayout[1]/android.widget.RelativeLayout[1]/android.widget.RelativeLayout[1]/android.widget.FrameLayout[1]"}
[38;5;0m[HTTP][0m <-- POST /wd/hub/session/87d333ad-de07-4e11-b3fd-1861de75ee9e/elements 200 707 ms - 139
[38;5;0m[HTTP][0m 
[38;5;0m[HTTP][0m [37m-->[39m [37mGET[39m [37m/wd/hub/session/87d333ad-de07-4e11-b3fd-1861de75ee9e/element/00000000-0000-00e9-ffff-ffff000001b4/location[39m
[38;5;0m[HTTP][0m {}
[38;5;48m[AndroidUiautomator2Driver@2ff1 (87d333ad)][0m Driver proxy active, passing request on via HTTP proxy
[38;5;48m[AndroidUiautomator2Driver@2ff1 (87d333ad)][0m Replacing sessionId 51eafa76-d275-4bdd-a145-029d0f7a6f79 with 87d333ad-de07-4e11-b3fd-1861de75ee9e
[38;5;0m[HTTP][0m <-- GET /wd/hub/session/87d333ad-de07-4e11-b3fd-1861de75ee9e/element/00000000-0000-00e9-ffff-ffff000001b4/location 200 12 ms - 77
[38;5;0m[HTTP][0m 
[38;5;0m[HTTP][0m [37m-->[39m [37mPOST[39m [37m/wd/hub/session/87d333ad-de07-4e11-b3fd-1861de75ee9e/timeouts[39m
[38;5;0m[HTTP][0m {"implicit":30000}
[38;5;0m[HTTP][0m <-- POST /wd/hub/session/87d333ad-de07-4e11-b3fd-1861de75ee9e/timeouts 200 1 ms - 14
[38;5;0m[HTTP][0m 
[38;5;0m[HTTP][0m [37m-->[39m [37mPOST[39m [37m/wd/hub/session/87d333ad-de07-4e11-b3fd-1861de75ee9e/element/00000000-0000-00e9-ffff-ffff000001b4/click[39m
[38;5;0m[HTTP][0m {"id":"00000000-0000-00e9-ffff-ffff000001b4"}
[38;5;0m[HTTP][0m <-- POST /wd/hub/session/87d333ad-de07-4e11-b3fd-1861de75ee9e/element/00000000-0000-00e9-ffff-ffff000001b4/click 200 77 ms - 14
[38;5;0m[HTTP][0m 
[38;5;0m[HTTP][0m [37m-->[39m [37mPOST[39m [37m/wd/hub/session/87d333ad-de07-4e11-b3fd-1861de75ee9e/timeouts[39m
[38;5;0m[HTTP][0m {"implicit":50}
[38;5;0m[HTTP][0m <-- POST /wd/hub/session/87d333ad-de07-4e11-b3fd-1861de75ee9e/timeouts 200 0 ms - 14
[38;5;0m[HTTP][0m 
[38;5;0m[HTTP][0m [37m-->[39m [37mGET[39m [37m/wd/hub/session/87d333ad-de07-4e11-b3fd-1861de75ee9e/window/rect[39m
[38;5;0m[HTTP][0m {}
[38;5;0m[HTTP][0m <-- GET /wd/hub/session/87d333ad-de07-4e11-b3fd-1861de75ee9e/window/rect 200 12 ms - 50
[38;5;0m[HTTP][0m 
[38;5;0m[HTTP][0m [37m-->[39m [37mPOST[39m [37m/wd/hub/session/87d333ad-de07-4e11-b3fd-1861de75ee9e/elements[39m
[38;5;0m[HTTP][0m {"using":"xpath","value":"//*[@class = 'android.widget.Button' and (@text = 'NO' or . = 'NO') and @resource-id = 'android:id/button2']"}
[38;5;0m[HTTP][0m <-- POST /wd/hub/session/87d333ad-de07-4e11-b3fd-1861de75ee9e/elements 200 117 ms - 12
[38;5;0m[HTTP][0m 
[38;5;0m[HTTP][0m [37m-->[39m [37mPOST[39m [37m/wd/hub/session/87d333ad-de07-4e11-b3fd-1861de75ee9e/elements[39m
[38;5;0m[HTTP][0m {"using":"xpath","value":"//*[@class = 'android.widget.Button' and (@text = 'NO' or . = 'NO') and @resource-id = 'android:id/button2']"}
[38;5;0m[HTTP][0m <-- POST /wd/hub/session/87d333ad-de07-4e11-b3fd-1861de75ee9e/elements 200 92 ms - 12
[38;5;0m[HTTP][0m 
[38;5;0m[HTTP][0m [37m-->[39m [37mPOST[39m [37m/wd/hub/session/87d333ad-de07-4e11-b3fd-1861de75ee9e/elements[39m
[38;5;0m[HTTP][0m {"using":"xpath","value":"//*[@class = 'android.widget.Button' and (@text = 'NO' or . = 'NO') and @resource-id = 'android:id/button2']"}
[38;5;0m[HTTP][0m <-- POST /wd/hub/session/87d333ad-de07-4e11-b3fd-1861de75ee9e/elements 200 200 ms - 12
[38;5;0m[HTTP][0m 
[38;5;0m[HTTP][0m [37m-->[39m [37mPOST[39m [37m/wd/hub/session/87d333ad-de07-4e11-b3fd-1861de75ee9e/elements[39m
[38;5;0m[HTTP][0m {"using":"xpath","value":"//*[@class = 'android.widget.Button' and (@text = 'NO' or . = 'NO') and @resource-id = 'android:id/button2']"}
[38;5;0m[HTTP][0m <-- POST /wd/hub/session/87d333ad-de07-4e11-b3fd-1861de75ee9e/elements 200 893 ms - 139
[38;5;0m[HTTP][0m 
[38;5;0m[HTTP][0m [37m-->[39m [37mGET[39m [37m/wd/hub/session/87d333ad-de07-4e11-b3fd-1861de75ee9e/element/00000000-0000-00ed-ffff-ffff000001d3/location[39m
[38;5;0m[HTTP][0m {}
[38;5;48m[AndroidUiautomator2Driver@2ff1 (87d333ad)][0m Driver proxy active, passing request on via HTTP proxy
[38;5;48m[AndroidUiautomator2Driver@2ff1 (87d333ad)][0m Replacing sessionId 51eafa76-d275-4bdd-a145-029d0f7a6f79 with 87d333ad-de07-4e11-b3fd-1861de75ee9e
[38;5;0m[HTTP][0m <-- GET /wd/hub/session/87d333ad-de07-4e11-b3fd-1861de75ee9e/element/00000000-0000-00ed-ffff-ffff000001d3/location 200 19 ms - 79
[38;5;0m[HTTP][0m 
[38;5;0m[HTTP][0m [37m-->[39m [37mPOST[39m [37m/wd/hub/session/87d333ad-de07-4e11-b3fd-1861de75ee9e/timeouts[39m
[38;5;0m[HTTP][0m {"implicit":30000}
[38;5;0m[HTTP][0m <-- POST /wd/hub/session/87d333ad-de07-4e11-b3fd-1861de75ee9e/timeouts 200 1 ms - 14
[38;5;0m[HTTP][0m 
[38;5;0m[HTTP][0m [37m-->[39m [37mPOST[39m [37m/wd/hub/session/87d333ad-de07-4e11-b3fd-1861de75ee9e/element/00000000-0000-00ed-ffff-ffff000001d3/click[39m
[38;5;0m[HTTP][0m {"id":"00000000-0000-00ed-ffff-ffff000001d3"}
[38;5;0m[HTTP][0m <-- POST /wd/hub/session/87d333ad-de07-4e11-b3fd-1861de75ee9e/element/00000000-0000-00ed-ffff-ffff000001d3/click 200 77 ms - 14
[38;5;0m[HTTP][0m 
[38;5;0m[HTTP][0m [37m-->[39m [37mGET[39m [37m/wd/hub/session/87d333ad-de07-4e11-b3fd-1861de75ee9e/context[39m
[38;5;0m[HTTP][0m {}
[38;5;0m[HTTP][0m <-- GET /wd/hub/session/87d333ad-de07-4e11-b3fd-1861de75ee9e/context 200 1 ms - 22
[38;5;0m[HTTP][0m 
[38;5;0m[HTTP][0m [37m-->[39m [37mGET[39m [37m/wd/hub/session/87d333ad-de07-4e11-b3fd-1861de75ee9e/contexts[39m
[38;5;0m[HTTP][0m {}
[38;5;0m[HTTP][0m <-- GET /wd/hub/session/87d333ad-de07-4e11-b3fd-1861de75ee9e/contexts 200 285 ms - 58
[38;5;0m[HTTP][0m 
[38;5;0m[HTTP][0m [37m-->[39m [37mPOST[39m [37m/wd/hub/session/87d333ad-de07-4e11-b3fd-1861de75ee9e/context[39m
[38;5;0m[HTTP][0m {"name":"NATIVE_APP"}
[38;5;0m[HTTP][0m <-- POST /wd/hub/session/87d333ad-de07-4e11-b3fd-1861de75ee9e/context 200 0 ms - 14
[38;5;0m[HTTP][0m 
[38;5;0m[HTTP][0m [37m-->[39m [37mGET[39m [37m/wd/hub/session/87d333ad-de07-4e11-b3fd-1861de75ee9e/appium/device/current_package[39m
[38;5;0m[HTTP][0m {}
[38;5;0m[HTTP][0m <-- GET /wd/hub/session/87d333ad-de07-4e11-b3fd-1861de75ee9e/appium/device/current_package 200 52 ms - 35
[38;5;0m[HTTP][0m 
[38;5;0m[HTTP][0m [37m-->[39m [37mPOST[39m [37m/wd/hub/session/87d333ad-de07-4e11-b3fd-1861de75ee9e/appium/device/terminate_app[39m
[38;5;0m[HTTP][0m {"bundleId":"com.solodroid.solomerce"}
[38;5;48m[AndroidUiautomator2Driver@2ff1 (87d333ad)][0m Terminating 'com.solodroid.solomerce'
[38;5;48m[AndroidUiautomator2Driver@2ff1 (87d333ad)][0m Querying the state of 'com.solodroid.solomerce'
[38;5;48m[AndroidUiautomator2Driver@2ff1 (87d333ad)][0m 'com.solodroid.solomerce' has been successfully terminated
[38;5;0m[HTTP][0m <-- POST /wd/hub/session/87d333ad-de07-4e11-b3fd-1861de75ee9e/appium/device/terminate_app 200 609 ms - 14
[38;5;0m[HTTP][0m 
[38;5;0m[HTTP][0m [37m-->[39m [37mPOST[39m [37m/wd/hub/session/87d333ad-de07-4e11-b3fd-1861de75ee9e/context[39m
[38;5;0m[HTTP][0m {"name":"NATIVE_APP"}
[38;5;0m[HTTP][0m <-- POST /wd/hub/session/87d333ad-de07-4e11-b3fd-1861de75ee9e/context 200 1 ms - 14
[38;5;0m[HTTP][0m 
[38;5;0m[HTTP][0m [37m-->[39m [37mDELETE[39m [37m/wd/hub/session/87d333ad-de07-4e11-b3fd-1861de75ee9e[39m
[38;5;0m[HTTP][0m {}
[38;5;16m[AppiumDriver@f169][0m Removing session 87d333ad-de07-4e11-b3fd-1861de75ee9e from our master session list
[38;5;64m[ADB][0m com.solodroid.solomerce was successfully uninstalled
[38;5;48m[AndroidUiautomator2Driver@2ff1 (87d333ad)][0m Restoring hidden api policy to the device default configuration
[38;5;0m[HTTP][0m <-- DELETE /wd/hub/session/87d333ad-de07-4e11-b3fd-1861de75ee9e 200 1106 ms - 14
[38;5;0m[HTTP][0m 
[Appium] Received SIGTERM - shutting down
[38;5;0m[HTTP][0m Waiting until the server is closed
[38;5;0m[HTTP][0m Received server close event
