[35m[Appium][39m Welcome to Appium v2.5.0
[35m[Appium][39m Non-default server args:
[35m[Appium][39m { basePath: [32m'/wd/hub'[39m, loglevel: [32m'info'[39m, port: [33m52005[39m }
[35m[Appium][39m Attempting to load driver uiautomator2...
[Appium] Appium REST http interface listener started on http://0.0.0.0:52005/wd/hub
[Appium] You can provide the following URLs in your client code to connect to this server:
[Appium] 	http://127.0.0.1:52005/wd/hub (only accessible from the same host)
[Appium] 	http://172.16.213.176:52005/wd/hub
[Appium] Available drivers:
[Appium]   - uiautomator2@3.0.0 (automationName 'UiAutomator2')
[Appium] No plugins have been installed. Use the "appium plugin" command to install the one(s) you want to use.
[38;5;0m[HTTP][0m [37m-->[39m [37mGET[39m [37m/wd/hub/status[39m
[38;5;0m[HTTP][0m {}
[38;5;0m[HTTP][0m <-- GET /wd/hub/status 200 5 ms - 110
[38;5;0m[HTTP][0m 
[38;5;0m[HTTP][0m [37m-->[39m [37mGET[39m [37m/wd/hub/status[39m
[38;5;0m[HTTP][0m {}
[38;5;0m[HTTP][0m <-- GET /wd/hub/status 200 1 ms - 110
[38;5;0m[HTTP][0m 
[38;5;0m[HTTP][0m [37m-->[39m [37mPOST[39m [37m/wd/hub/session[39m
[38;5;0m[HTTP][0m {"desiredCapabilities":{"appium:systemPort":52015,"appium:newCommandTimeout":1800,"appium:automationName":"uiautomator2","appium:fullReset":false,"appium:platformVersion":"14","appium:noReset":true,"appium:udid":"emulator-5554","appium:autoGrantPermissions":true,"appium:platformName":"ANDROID","appium:deviceName":"emulator-5554 (sdk_gphone64_arm64 - Android 14)","platformName":"Android","appium:app":"/Users/admin/Downloads/Solodroid_E-CommerceApp Demo_3.2.0.apk"},"capabilities":{"firstMatch":[{"appium:app":"/Users/admin/Downloads/Solodroid_E-CommerceApp Demo_3.2.0.apk","appium:autoGrantPermissions":true,"appium:automationName":"uiautomator2","appium:deviceName":"emulator-5554 (sdk_gphone64_arm64 - Android 14)","appium:fullReset":false,"appium:newCommandTimeout":1800,"appium:noReset":true,"appium:platformName":"ANDROID","appium:platformVersion":"14","appium:systemPort":52015,"appium:udid":"emulator-5554","platformName":"android"}]}}
[38;5;32m[BaseDriver][0m Ignoring capability 'appium:platformName=ANDROID' and using capability 'platformName=android'
[38;5;32m[BaseDriver][0m The capabilities ["platformName"] are standard capabilities and do not require "appium:" prefix
[Appium] Attempting to find matching driver for automationName 'uiautomator2' and platformName 'android'
[Appium] The 'uiautomator2' driver was installed and matched caps.
[Appium] Will require it at /Users/admin/.appium/node_modules/appium-uiautomator2-driver
[38;5;16m[AppiumDriver@88a0][0m Appium v2.5.0 creating new AndroidUiautomator2Driver (v3.0.0) session
[38;5;16m[AppiumDriver@88a0][0m Checking BaseDriver versions for Appium and AndroidUiautomator2Driver
[38;5;16m[AppiumDriver@88a0][0m Appium's BaseDriver version is 9.5.1
[38;5;16m[AppiumDriver@88a0][0m AndroidUiautomator2Driver's BaseDriver version is 9.5.1
[38;5;48m[AndroidUiautomator2Driver@c0e6 (04fb1899)][0m Session created with session id: 04fb1899-4e5b-47b2-b00b-019762cc1459
[38;5;64m[ADB][0m Found 1 'build-tools' folders under '/Users/admin/.katalon/tools/android_sdk' (newest first):
[38;5;64m[ADB][0m     /Users/admin/.katalon/tools/android_sdk/build-tools/29.0.3
[38;5;64m[ADB][0m Using 'adb' from '/Users/admin/.katalon/tools/android_sdk/platform-tools/adb'
[38;5;48m[AndroidUiautomator2Driver@c0e6 (04fb1899)][0m Retrieving device list
[38;5;48m[AndroidUiautomator2Driver@c0e6 (04fb1899)][0m Using device: emulator-5554
[38;5;64m[ADB][0m Using 'adb' from '/Users/admin/.katalon/tools/android_sdk/platform-tools/adb'
[38;5;32m[BaseDriver][0m Using local app '/Users/admin/Downloads/Solodroid_E-CommerceApp Demo_3.2.0.apk'
[38;5;64m[ADB][0m Getting device platform version
[38;5;48m[AndroidUiautomator2Driver@c0e6 (04fb1899)][0m Relaxing hidden api policy
[38;5;64m[ADB][0m Package name: 'com.solodroid.solomerce'
[38;5;64m[ADB][0m Main activity name: 'com.solodroid.solomerce.activities.ActivitySplash'
[38;5;64m[ADB][0m Using 'apksigner.jar' from '/Users/admin/.katalon/tools/android_sdk/build-tools/29.0.3/lib/apksigner.jar'
[38;5;64m[ADB][0m '/Users/admin/.appium/node_modules/appium-uiautomator2-driver/node_modules/appium-uiautomator2-server/apks/appium-uiautomator2-server-debug-androidTest.apk' is signed with the default certificate
[38;5;64m[ADB][0m '/Users/admin/Downloads/Solodroid_E-CommerceApp Demo_3.2.0.apk' is signed with a non-default certificate
[38;5;64m[ADB][0m '/Users/admin/.appium/node_modules/appium-uiautomator2-driver/node_modules/appium-uiautomator2-server/apks/appium-uiautomator2-server-v7.0.0.apk' is signed with the default certificate
[38;5;64m[ADB][0m The application at '/Users/admin/Downloads/Solodroid_E-CommerceApp Demo_3.2.0.apk' will not be cached, because the device under test has confirmed the support of streamed installs
[38;5;48m[AndroidUiautomator2Driver@c0e6 (04fb1899)][0m Server packages are not going to be (re)installed
[38;5;64m[ADB][0m Adding packages ["io.appium.settings","io.appium.uiautomator2.server","io.appium.uiautomator2.server.test"] to Doze whitelist
[38;5;64m[ADB][0m The installation of 'Solodroid_E-CommerceApp Demo_3.2.0.apk' took 853ms
[38;5;48m[AndroidUiautomator2Driver@c0e6 (04fb1899)][0m Starting UIAutomator2 server 7.0.0
[38;5;48m[AndroidUiautomator2Driver@c0e6 (04fb1899)][0m Using UIAutomator2 server from '/Users/admin/.appium/node_modules/appium-uiautomator2-driver/node_modules/appium-uiautomator2-server/apks/appium-uiautomator2-server-v7.0.0.apk' and test from '/Users/admin/.appium/node_modules/appium-uiautomator2-driver/node_modules/appium-uiautomator2-server/apks/appium-uiautomator2-server-debug-androidTest.apk'
[38;5;48m[AndroidUiautomator2Driver@c0e6 (04fb1899)][0m Waiting up to 30000ms for UiAutomator2 to be online...
[38;5;48m[AndroidUiautomator2Driver@c0e6 (04fb1899)][0m socket hang up
[38;5;48m[AndroidUiautomator2Driver@c0e6 (04fb1899)][0m socket hang up
[38;5;48m[AndroidUiautomator2Driver@c0e6 (04fb1899)][0m socket hang up
[38;5;48m[AndroidUiautomator2Driver@c0e6 (04fb1899)][0m Determined the downstream protocol as 'W3C'
[38;5;48m[AndroidUiautomator2Driver@c0e6 (04fb1899)][0m Screen already unlocked, doing nothing
[38;5;48m[AndroidUiautomator2Driver@c0e6 (04fb1899)][0m Starting 'com.solodroid.solomerce/com.solodroid.solomerce.activities.ActivitySplash and waiting for 'com.solodroid.solomerce/com.solodroid.solomerce.activities.ActivitySplash'
[38;5;16m[AppiumDriver@88a0][0m New AndroidUiautomator2Driver session created successfully, session 04fb1899-4e5b-47b2-b00b-019762cc1459 added to master session list
[38;5;0m[HTTP][0m <-- POST /wd/hub/session 200 6830 ms - 1244
[38;5;0m[HTTP][0m 
[38;5;0m[HTTP][0m [37m-->[39m [37mGET[39m [37m/wd/hub/session/04fb1899-4e5b-47b2-b00b-019762cc1459[39m
[38;5;0m[HTTP][0m {}
[38;5;0m[HTTP][0m <-- GET /wd/hub/session/04fb1899-4e5b-47b2-b00b-019762cc1459 200 12 ms - 374
[38;5;0m[HTTP][0m 
[38;5;0m[HTTP][0m [37m-->[39m [37mGET[39m [37m/wd/hub/session/04fb1899-4e5b-47b2-b00b-019762cc1459[39m
[38;5;0m[HTTP][0m {}
[38;5;0m[HTTP][0m <-- GET /wd/hub/session/04fb1899-4e5b-47b2-b00b-019762cc1459 200 14 ms - 374
[38;5;0m[HTTP][0m 
[38;5;0m[HTTP][0m [37m-->[39m [37mGET[39m [37m/wd/hub/status[39m
[38;5;0m[HTTP][0m {}
[38;5;0m[HTTP][0m <-- GET /wd/hub/status 200 0 ms - 110
[38;5;0m[HTTP][0m 
[38;5;0m[HTTP][0m [37m-->[39m [37mPOST[39m [37m/wd/hub/session/04fb1899-4e5b-47b2-b00b-019762cc1459/timeouts[39m
[38;5;0m[HTTP][0m {"implicit":60000}
[38;5;0m[HTTP][0m <-- POST /wd/hub/session/04fb1899-4e5b-47b2-b00b-019762cc1459/timeouts 200 1 ms - 14
[38;5;0m[HTTP][0m 
[38;5;0m[HTTP][0m [37m-->[39m [37mGET[39m [37m/wd/hub/session/04fb1899-4e5b-47b2-b00b-019762cc1459/source[39m
[38;5;0m[HTTP][0m {}
[38;5;48m[AndroidUiautomator2Driver@c0e6 (04fb1899)][0m Driver proxy active, passing request on via HTTP proxy
[38;5;48m[AndroidUiautomator2Driver@c0e6 (04fb1899)][0m Replacing sessionId d92d345f-129f-468b-aa85-5241dac485e0 with 04fb1899-4e5b-47b2-b00b-019762cc1459
[38;5;0m[HTTP][0m <-- GET /wd/hub/session/04fb1899-4e5b-47b2-b00b-019762cc1459/source 200 681 ms - 4092
[38;5;0m[HTTP][0m 
[38;5;0m[HTTP][0m [37m-->[39m [37mGET[39m [37m/wd/hub/session/04fb1899-4e5b-47b2-b00b-019762cc1459/screenshot[39m
[38;5;0m[HTTP][0m {}
[38;5;0m[HTTP][0m <-- GET /wd/hub/session/04fb1899-4e5b-47b2-b00b-019762cc1459/screenshot 200 502 ms - 319360
[38;5;0m[HTTP][0m 
[38;5;0m[HTTP][0m [37m-->[39m [37mGET[39m [37m/wd/hub/session/04fb1899-4e5b-47b2-b00b-019762cc1459/source[39m
[38;5;0m[HTTP][0m {}
[38;5;48m[AndroidUiautomator2Driver@c0e6 (04fb1899)][0m Driver proxy active, passing request on via HTTP proxy
[38;5;48m[AndroidUiautomator2Driver@c0e6 (04fb1899)][0m Replacing sessionId d92d345f-129f-468b-aa85-5241dac485e0 with 04fb1899-4e5b-47b2-b00b-019762cc1459
[38;5;0m[HTTP][0m <-- GET /wd/hub/session/04fb1899-4e5b-47b2-b00b-019762cc1459/source 200 180 ms - 34524
[38;5;0m[HTTP][0m 
[38;5;0m[HTTP][0m [37m-->[39m [37mGET[39m [37m/wd/hub/session/04fb1899-4e5b-47b2-b00b-019762cc1459/screenshot[39m
[38;5;0m[HTTP][0m {}
[38;5;0m[HTTP][0m <-- GET /wd/hub/session/04fb1899-4e5b-47b2-b00b-019762cc1459/screenshot 200 642 ms - 1563652
[38;5;0m[HTTP][0m 
[38;5;0m[HTTP][0m [37m-->[39m [37mPOST[39m [37m/wd/hub/session/04fb1899-4e5b-47b2-b00b-019762cc1459/elements[39m
[38;5;0m[HTTP][0m {"using":"xpath","value":"//*[@class = 'android.widget.ImageButton' and @resource-id = 'com.solodroid.solomerce:id/btn_add_cart' and (@text = '' or . = '')]"}
[38;5;0m[HTTP][0m <-- POST /wd/hub/session/04fb1899-4e5b-47b2-b00b-019762cc1459/elements 200 410 ms - 139
[38;5;0m[HTTP][0m 
[38;5;0m[HTTP][0m [37m-->[39m [37mGET[39m [37m/wd/hub/session/04fb1899-4e5b-47b2-b00b-019762cc1459/window/rect[39m
[38;5;0m[HTTP][0m {}
[38;5;0m[HTTP][0m <-- GET /wd/hub/session/04fb1899-4e5b-47b2-b00b-019762cc1459/window/rect 200 8 ms - 50
[38;5;0m[HTTP][0m 
[38;5;0m[HTTP][0m [37m-->[39m [37mPOST[39m [37m/wd/hub/session/04fb1899-4e5b-47b2-b00b-019762cc1459/elements[39m
[38;5;0m[HTTP][0m {"using":"xpath","value":"//*[@class = 'android.widget.ImageButton' and @resource-id = 'com.solodroid.solomerce:id/btn_add_cart' and (@text = '' or . = '')]"}
[38;5;0m[HTTP][0m <-- POST /wd/hub/session/04fb1899-4e5b-47b2-b00b-019762cc1459/elements 200 113 ms - 139
[38;5;0m[HTTP][0m 
[38;5;0m[HTTP][0m [37m-->[39m [37mGET[39m [37m/wd/hub/session/04fb1899-4e5b-47b2-b00b-019762cc1459/element/00000000-0000-009e-ffff-ffff00000017/location[39m
[38;5;0m[HTTP][0m {}
[38;5;48m[AndroidUiautomator2Driver@c0e6 (04fb1899)][0m Driver proxy active, passing request on via HTTP proxy
[38;5;48m[AndroidUiautomator2Driver@c0e6 (04fb1899)][0m Replacing sessionId d92d345f-129f-468b-aa85-5241dac485e0 with 04fb1899-4e5b-47b2-b00b-019762cc1459
[38;5;0m[HTTP][0m <-- GET /wd/hub/session/04fb1899-4e5b-47b2-b00b-019762cc1459/element/00000000-0000-009e-ffff-ffff00000017/location 200 11 ms - 77
[38;5;0m[HTTP][0m 
[38;5;0m[HTTP][0m [37m-->[39m [37mPOST[39m [37m/wd/hub/session/04fb1899-4e5b-47b2-b00b-019762cc1459/element/00000000-0000-009e-ffff-ffff00000017/click[39m
[38;5;0m[HTTP][0m {"id":"00000000-0000-009e-ffff-ffff00000017"}
[38;5;0m[HTTP][0m <-- POST /wd/hub/session/04fb1899-4e5b-47b2-b00b-019762cc1459/element/00000000-0000-009e-ffff-ffff00000017/click 200 79 ms - 14
[38;5;0m[HTTP][0m 
[38;5;0m[HTTP][0m [37m-->[39m [37mGET[39m [37m/wd/hub/session/04fb1899-4e5b-47b2-b00b-019762cc1459/source[39m
[38;5;0m[HTTP][0m {}
[38;5;48m[AndroidUiautomator2Driver@c0e6 (04fb1899)][0m Driver proxy active, passing request on via HTTP proxy
[38;5;48m[AndroidUiautomator2Driver@c0e6 (04fb1899)][0m Replacing sessionId d92d345f-129f-468b-aa85-5241dac485e0 with 04fb1899-4e5b-47b2-b00b-019762cc1459
[38;5;0m[HTTP][0m <-- GET /wd/hub/session/04fb1899-4e5b-47b2-b00b-019762cc1459/source 200 921 ms - 12020
[38;5;0m[HTTP][0m 
[38;5;0m[HTTP][0m [37m-->[39m [37mGET[39m [37m/wd/hub/session/04fb1899-4e5b-47b2-b00b-019762cc1459/screenshot[39m
[38;5;0m[HTTP][0m {}
[38;5;0m[HTTP][0m <-- GET /wd/hub/session/04fb1899-4e5b-47b2-b00b-019762cc1459/screenshot 200 157 ms - 80992
[38;5;0m[HTTP][0m 
[38;5;0m[HTTP][0m [37m-->[39m [37mPOST[39m [37m/wd/hub/session/04fb1899-4e5b-47b2-b00b-019762cc1459/elements[39m
[38;5;0m[HTTP][0m {"using":"xpath","value":"//*[@class = 'android.widget.ImageButton' and (@text = '' or . = '')]"}
[38;5;0m[HTTP][0m <-- POST /wd/hub/session/04fb1899-4e5b-47b2-b00b-019762cc1459/elements 200 75 ms - 139
[38;5;0m[HTTP][0m 
[38;5;0m[HTTP][0m [37m-->[39m [37mGET[39m [37m/wd/hub/session/04fb1899-4e5b-47b2-b00b-019762cc1459/window/rect[39m
[38;5;0m[HTTP][0m {}
[38;5;0m[HTTP][0m <-- GET /wd/hub/session/04fb1899-4e5b-47b2-b00b-019762cc1459/window/rect 200 8 ms - 50
[38;5;0m[HTTP][0m 
[38;5;0m[HTTP][0m [37m-->[39m [37mPOST[39m [37m/wd/hub/session/04fb1899-4e5b-47b2-b00b-019762cc1459/elements[39m
[38;5;0m[HTTP][0m {"using":"xpath","value":"//*[@class = 'android.widget.ImageButton' and (@text = '' or . = '')]"}
[38;5;0m[HTTP][0m <-- POST /wd/hub/session/04fb1899-4e5b-47b2-b00b-019762cc1459/elements 200 48 ms - 139
[38;5;0m[HTTP][0m 
[38;5;0m[HTTP][0m [37m-->[39m [37mGET[39m [37m/wd/hub/session/04fb1899-4e5b-47b2-b00b-019762cc1459/element/00000000-0000-009f-ffff-ffff000000c8/location[39m
[38;5;0m[HTTP][0m {}
[38;5;48m[AndroidUiautomator2Driver@c0e6 (04fb1899)][0m Driver proxy active, passing request on via HTTP proxy
[38;5;48m[AndroidUiautomator2Driver@c0e6 (04fb1899)][0m Replacing sessionId d92d345f-129f-468b-aa85-5241dac485e0 with 04fb1899-4e5b-47b2-b00b-019762cc1459
[38;5;0m[HTTP][0m <-- GET /wd/hub/session/04fb1899-4e5b-47b2-b00b-019762cc1459/element/00000000-0000-009f-ffff-ffff000000c8/location 200 7 ms - 75
[38;5;0m[HTTP][0m 
[38;5;0m[HTTP][0m [37m-->[39m [37mPOST[39m [37m/wd/hub/session/04fb1899-4e5b-47b2-b00b-019762cc1459/element/00000000-0000-009f-ffff-ffff000000c8/click[39m
[38;5;0m[HTTP][0m {"id":"00000000-0000-009f-ffff-ffff000000c8"}
[38;5;0m[HTTP][0m <-- POST /wd/hub/session/04fb1899-4e5b-47b2-b00b-019762cc1459/element/00000000-0000-009f-ffff-ffff000000c8/click 200 113 ms - 14
[38;5;0m[HTTP][0m 
[38;5;0m[HTTP][0m [37m-->[39m [37mGET[39m [37m/wd/hub/session/04fb1899-4e5b-47b2-b00b-019762cc1459/source[39m
[38;5;0m[HTTP][0m {}
[38;5;48m[AndroidUiautomator2Driver@c0e6 (04fb1899)][0m Driver proxy active, passing request on via HTTP proxy
[38;5;48m[AndroidUiautomator2Driver@c0e6 (04fb1899)][0m Replacing sessionId d92d345f-129f-468b-aa85-5241dac485e0 with 04fb1899-4e5b-47b2-b00b-019762cc1459
[38;5;0m[HTTP][0m <-- GET /wd/hub/session/04fb1899-4e5b-47b2-b00b-019762cc1459/source 200 251 ms - 34524
[38;5;0m[HTTP][0m 
[38;5;0m[HTTP][0m [37m-->[39m [37mGET[39m [37m/wd/hub/session/04fb1899-4e5b-47b2-b00b-019762cc1459/screenshot[39m
[38;5;0m[HTTP][0m {}
[38;5;0m[HTTP][0m <-- GET /wd/hub/session/04fb1899-4e5b-47b2-b00b-019762cc1459/screenshot 200 610 ms - 1563740
[38;5;0m[HTTP][0m 
[38;5;0m[HTTP][0m [37m-->[39m [37mPOST[39m [37m/wd/hub/session/04fb1899-4e5b-47b2-b00b-019762cc1459/elements[39m
[38;5;0m[HTTP][0m {"using":"xpath","value":"//*[@class = 'android.widget.ImageView' and @resource-id = 'com.solodroid.solomerce:id/category_image' and (@text = '' or . = '')]"}
[38;5;0m[HTTP][0m <-- POST /wd/hub/session/04fb1899-4e5b-47b2-b00b-019762cc1459/elements 200 128 ms - 779
[38;5;0m[HTTP][0m 
[38;5;0m[HTTP][0m [37m-->[39m [37mPOST[39m [37m/wd/hub/session/04fb1899-4e5b-47b2-b00b-019762cc1459/elements[39m
[38;5;0m[HTTP][0m {"using":"id","value":"com.solodroid.solomerce:id/category_image"}
[38;5;0m[HTTP][0m <-- POST /wd/hub/session/04fb1899-4e5b-47b2-b00b-019762cc1459/elements 200 33 ms - 779
[38;5;0m[HTTP][0m 
[38;5;0m[HTTP][0m [37m-->[39m [37mPOST[39m [37m/wd/hub/session/04fb1899-4e5b-47b2-b00b-019762cc1459/elements[39m
[38;5;0m[HTTP][0m {"using":"-android uiautomator","value":"new UiSelector().className(\"android.widget.ImageView\").resourceId(\"com.solodroid.solomerce:id/category_image\")"}
[38;5;0m[HTTP][0m <-- POST /wd/hub/session/04fb1899-4e5b-47b2-b00b-019762cc1459/elements 200 56 ms - 779
[38;5;0m[HTTP][0m 
[38;5;0m[HTTP][0m [37m-->[39m [37mGET[39m [37m/wd/hub/session/04fb1899-4e5b-47b2-b00b-019762cc1459/window/rect[39m
[38;5;0m[HTTP][0m {}
[38;5;0m[HTTP][0m <-- GET /wd/hub/session/04fb1899-4e5b-47b2-b00b-019762cc1459/window/rect 200 5 ms - 50
[38;5;0m[HTTP][0m 
[38;5;0m[HTTP][0m [37m-->[39m [37mPOST[39m [37m/wd/hub/session/04fb1899-4e5b-47b2-b00b-019762cc1459/elements[39m
[38;5;0m[HTTP][0m {"using":"xpath","value":"//hierarchy/android.widget.FrameLayout[1]/android.widget.LinearLayout[1]/android.widget.FrameLayout[1]/android.widget.LinearLayout[1]/android.widget.FrameLayout[1]/android.widget.RelativeLayout[1]/android.view.ViewGroup[1]/androidx.viewpager.widget.ViewPager[1]/android.widget.LinearLayout[1]/android.view.ViewGroup[1]/androidx.recyclerview.widget.RecyclerView[1]/android.widget.FrameLayout[3]/android.widget.RelativeLayout[1]/android.view.ViewGroup[1]/android.widget.ImageView[1]"}
[38;5;0m[HTTP][0m <-- POST /wd/hub/session/04fb1899-4e5b-47b2-b00b-019762cc1459/elements 200 73 ms - 139
[38;5;0m[HTTP][0m 
[38;5;0m[HTTP][0m [37m-->[39m [37mGET[39m [37m/wd/hub/session/04fb1899-4e5b-47b2-b00b-019762cc1459/element/00000000-0000-009e-ffff-ffff000000a6/location[39m
[38;5;0m[HTTP][0m {}
[38;5;48m[AndroidUiautomator2Driver@c0e6 (04fb1899)][0m Driver proxy active, passing request on via HTTP proxy
[38;5;48m[AndroidUiautomator2Driver@c0e6 (04fb1899)][0m Replacing sessionId d92d345f-129f-468b-aa85-5241dac485e0 with 04fb1899-4e5b-47b2-b00b-019762cc1459
[38;5;0m[HTTP][0m <-- GET /wd/hub/session/04fb1899-4e5b-47b2-b00b-019762cc1459/element/00000000-0000-009e-ffff-ffff000000a6/location 200 11 ms - 78
[38;5;0m[HTTP][0m 
[38;5;0m[HTTP][0m [37m-->[39m [37mPOST[39m [37m/wd/hub/session/04fb1899-4e5b-47b2-b00b-019762cc1459/element/00000000-0000-009e-ffff-ffff000000a6/click[39m
[38;5;0m[HTTP][0m {"id":"00000000-0000-009e-ffff-ffff000000a6"}
[38;5;0m[HTTP][0m <-- POST /wd/hub/session/04fb1899-4e5b-47b2-b00b-019762cc1459/element/00000000-0000-009e-ffff-ffff000000a6/click 200 1010 ms - 14
[38;5;0m[HTTP][0m 
[38;5;0m[HTTP][0m [37m-->[39m [37mGET[39m [37m/wd/hub/session/04fb1899-4e5b-47b2-b00b-019762cc1459/source[39m
[38;5;0m[HTTP][0m {}
[38;5;48m[AndroidUiautomator2Driver@c0e6 (04fb1899)][0m Driver proxy active, passing request on via HTTP proxy
[38;5;48m[AndroidUiautomator2Driver@c0e6 (04fb1899)][0m Replacing sessionId d92d345f-129f-468b-aa85-5241dac485e0 with 04fb1899-4e5b-47b2-b00b-019762cc1459
[38;5;0m[HTTP][0m <-- GET /wd/hub/session/04fb1899-4e5b-47b2-b00b-019762cc1459/source 200 800 ms - 17760
[38;5;0m[HTTP][0m 
[38;5;0m[HTTP][0m [37m-->[39m [37mGET[39m [37m/wd/hub/session/04fb1899-4e5b-47b2-b00b-019762cc1459/screenshot[39m
[38;5;0m[HTTP][0m {}
[38;5;0m[HTTP][0m <-- GET /wd/hub/session/04fb1899-4e5b-47b2-b00b-019762cc1459/screenshot 200 302 ms - 768584
[38;5;0m[HTTP][0m 
[38;5;0m[HTTP][0m [37m-->[39m [37mGET[39m [37m/wd/hub/session/04fb1899-4e5b-47b2-b00b-019762cc1459/source[39m
[38;5;0m[HTTP][0m {}
[38;5;48m[AndroidUiautomator2Driver@c0e6 (04fb1899)][0m Driver proxy active, passing request on via HTTP proxy
[38;5;48m[AndroidUiautomator2Driver@c0e6 (04fb1899)][0m Replacing sessionId d92d345f-129f-468b-aa85-5241dac485e0 with 04fb1899-4e5b-47b2-b00b-019762cc1459
[38;5;0m[HTTP][0m <-- GET /wd/hub/session/04fb1899-4e5b-47b2-b00b-019762cc1459/source 200 94 ms - 17760
[38;5;0m[HTTP][0m 
[38;5;0m[HTTP][0m [37m-->[39m [37mGET[39m [37m/wd/hub/session/04fb1899-4e5b-47b2-b00b-019762cc1459/screenshot[39m
[38;5;0m[HTTP][0m {}
[38;5;0m[HTTP][0m <-- GET /wd/hub/session/04fb1899-4e5b-47b2-b00b-019762cc1459/screenshot 200 299 ms - 768584
[38;5;0m[HTTP][0m 
[38;5;0m[HTTP][0m [37m-->[39m [37mPOST[39m [37m/wd/hub/session/04fb1899-4e5b-47b2-b00b-019762cc1459/elements[39m
[38;5;0m[HTTP][0m {"using":"xpath","value":"//*[@class = 'android.widget.Button' and (@text = 'ADD TO CART' or . = 'ADD TO CART') and @resource-id = 'com.solodroid.solomerce:id/btn_add_cart']"}
[38;5;0m[HTTP][0m <-- POST /wd/hub/session/04fb1899-4e5b-47b2-b00b-019762cc1459/elements 200 114 ms - 139
[38;5;0m[HTTP][0m 
[38;5;0m[HTTP][0m [37m-->[39m [37mGET[39m [37m/wd/hub/session/04fb1899-4e5b-47b2-b00b-019762cc1459/window/rect[39m
[38;5;0m[HTTP][0m {}
[38;5;0m[HTTP][0m <-- GET /wd/hub/session/04fb1899-4e5b-47b2-b00b-019762cc1459/window/rect 200 5 ms - 50
[38;5;0m[HTTP][0m 
[38;5;0m[HTTP][0m [37m-->[39m [37mPOST[39m [37m/wd/hub/session/04fb1899-4e5b-47b2-b00b-019762cc1459/elements[39m
[38;5;0m[HTTP][0m {"using":"xpath","value":"//*[@class = 'android.widget.Button' and (@text = 'ADD TO CART' or . = 'ADD TO CART') and @resource-id = 'com.solodroid.solomerce:id/btn_add_cart']"}
[38;5;0m[HTTP][0m <-- POST /wd/hub/session/04fb1899-4e5b-47b2-b00b-019762cc1459/elements 200 70 ms - 139
[38;5;0m[HTTP][0m 
[38;5;0m[HTTP][0m [37m-->[39m [37mGET[39m [37m/wd/hub/session/04fb1899-4e5b-47b2-b00b-019762cc1459/element/00000000-0000-00a0-ffff-ffff000000fa/location[39m
[38;5;0m[HTTP][0m {}
[38;5;48m[AndroidUiautomator2Driver@c0e6 (04fb1899)][0m Driver proxy active, passing request on via HTTP proxy
[38;5;48m[AndroidUiautomator2Driver@c0e6 (04fb1899)][0m Replacing sessionId d92d345f-129f-468b-aa85-5241dac485e0 with 04fb1899-4e5b-47b2-b00b-019762cc1459
[38;5;0m[HTTP][0m <-- GET /wd/hub/session/04fb1899-4e5b-47b2-b00b-019762cc1459/element/00000000-0000-00a0-ffff-ffff000000fa/location 200 7 ms - 77
[38;5;0m[HTTP][0m 
[38;5;0m[HTTP][0m [37m-->[39m [37mPOST[39m [37m/wd/hub/session/04fb1899-4e5b-47b2-b00b-019762cc1459/element/00000000-0000-00a0-ffff-ffff000000fa/click[39m
[38;5;0m[HTTP][0m {"id":"00000000-0000-00a0-ffff-ffff000000fa"}
[38;5;0m[HTTP][0m <-- POST /wd/hub/session/04fb1899-4e5b-47b2-b00b-019762cc1459/element/00000000-0000-00a0-ffff-ffff000000fa/click 200 84 ms - 14
[38;5;0m[HTTP][0m 
[38;5;0m[HTTP][0m [37m-->[39m [37mGET[39m [37m/wd/hub/session/04fb1899-4e5b-47b2-b00b-019762cc1459/source[39m
[38;5;0m[HTTP][0m {}
[38;5;48m[AndroidUiautomator2Driver@c0e6 (04fb1899)][0m Driver proxy active, passing request on via HTTP proxy
[38;5;48m[AndroidUiautomator2Driver@c0e6 (04fb1899)][0m Replacing sessionId d92d345f-129f-468b-aa85-5241dac485e0 with 04fb1899-4e5b-47b2-b00b-019762cc1459
[38;5;0m[HTTP][0m <-- GET /wd/hub/session/04fb1899-4e5b-47b2-b00b-019762cc1459/source 200 781 ms - 6060
[38;5;0m[HTTP][0m 
[38;5;0m[HTTP][0m [37m-->[39m [37mGET[39m [37m/wd/hub/session/04fb1899-4e5b-47b2-b00b-019762cc1459/screenshot[39m
[38;5;0m[HTTP][0m {}
[38;5;0m[HTTP][0m <-- GET /wd/hub/session/04fb1899-4e5b-47b2-b00b-019762cc1459/screenshot 200 376 ms - 529120
[38;5;0m[HTTP][0m 
[38;5;0m[HTTP][0m [37m-->[39m [37mGET[39m [37m/wd/hub/session/04fb1899-4e5b-47b2-b00b-019762cc1459/source[39m
[38;5;0m[HTTP][0m {}
[38;5;48m[AndroidUiautomator2Driver@c0e6 (04fb1899)][0m Driver proxy active, passing request on via HTTP proxy
[38;5;48m[AndroidUiautomator2Driver@c0e6 (04fb1899)][0m Replacing sessionId d92d345f-129f-468b-aa85-5241dac485e0 with 04fb1899-4e5b-47b2-b00b-019762cc1459
[38;5;0m[HTTP][0m <-- GET /wd/hub/session/04fb1899-4e5b-47b2-b00b-019762cc1459/source 200 48 ms - 6060
[38;5;0m[HTTP][0m 
[38;5;0m[HTTP][0m [37m-->[39m [37mGET[39m [37m/wd/hub/session/04fb1899-4e5b-47b2-b00b-019762cc1459/screenshot[39m
[38;5;0m[HTTP][0m {}
[38;5;0m[HTTP][0m <-- GET /wd/hub/session/04fb1899-4e5b-47b2-b00b-019762cc1459/screenshot 200 260 ms - 529120
[38;5;0m[HTTP][0m 
[38;5;0m[HTTP][0m [37m-->[39m [37mPOST[39m [37m/wd/hub/session/04fb1899-4e5b-47b2-b00b-019762cc1459/elements[39m
[38;5;0m[HTTP][0m {"using":"xpath","value":"//*[@class = 'android.widget.EditText' and @resource-id = 'com.solodroid.solomerce:id/userInputDialog' and (@text = '' or . = '')]"}
[38;5;0m[HTTP][0m <-- POST /wd/hub/session/04fb1899-4e5b-47b2-b00b-019762cc1459/elements 200 92 ms - 139
[38;5;0m[HTTP][0m 
[38;5;0m[HTTP][0m [37m-->[39m [37mGET[39m [37m/wd/hub/session/04fb1899-4e5b-47b2-b00b-019762cc1459/window/rect[39m
[38;5;0m[HTTP][0m {}
[38;5;0m[HTTP][0m <-- GET /wd/hub/session/04fb1899-4e5b-47b2-b00b-019762cc1459/window/rect 200 16 ms - 50
[38;5;0m[HTTP][0m 
[38;5;0m[HTTP][0m [37m-->[39m [37mPOST[39m [37m/wd/hub/session/04fb1899-4e5b-47b2-b00b-019762cc1459/elements[39m
[38;5;0m[HTTP][0m {"using":"xpath","value":"//*[@class = 'android.widget.EditText' and @resource-id = 'com.solodroid.solomerce:id/userInputDialog' and (@text = '' or . = '')]"}
[38;5;0m[HTTP][0m <-- POST /wd/hub/session/04fb1899-4e5b-47b2-b00b-019762cc1459/elements 200 68 ms - 139
[38;5;0m[HTTP][0m 
[38;5;0m[HTTP][0m [37m-->[39m [37mGET[39m [37m/wd/hub/session/04fb1899-4e5b-47b2-b00b-019762cc1459/element/00000000-0000-00a1-ffff-ffff00000113/location[39m
[38;5;0m[HTTP][0m {}
[38;5;48m[AndroidUiautomator2Driver@c0e6 (04fb1899)][0m Driver proxy active, passing request on via HTTP proxy
[38;5;48m[AndroidUiautomator2Driver@c0e6 (04fb1899)][0m Replacing sessionId d92d345f-129f-468b-aa85-5241dac485e0 with 04fb1899-4e5b-47b2-b00b-019762cc1459
[38;5;0m[HTTP][0m <-- GET /wd/hub/session/04fb1899-4e5b-47b2-b00b-019762cc1459/element/00000000-0000-00a1-ffff-ffff00000113/location 200 9 ms - 79
[38;5;0m[HTTP][0m 
[38;5;0m[HTTP][0m [37m-->[39m [37mPOST[39m [37m/wd/hub/session/04fb1899-4e5b-47b2-b00b-019762cc1459/element/00000000-0000-00a1-ffff-ffff00000113/clear[39m
[38;5;0m[HTTP][0m {"id":"00000000-0000-00a1-ffff-ffff00000113"}
[38;5;0m[HTTP][0m <-- POST /wd/hub/session/04fb1899-4e5b-47b2-b00b-019762cc1459/element/00000000-0000-00a1-ffff-ffff00000113/clear 200 14 ms - 14
[38;5;0m[HTTP][0m 
[38;5;0m[HTTP][0m [37m-->[39m [37mPOST[39m [37m/wd/hub/session/04fb1899-4e5b-47b2-b00b-019762cc1459/element/00000000-0000-00a1-ffff-ffff00000113/click[39m
[38;5;0m[HTTP][0m {"id":"00000000-0000-00a1-ffff-ffff00000113"}
[38;5;0m[HTTP][0m <-- POST /wd/hub/session/04fb1899-4e5b-47b2-b00b-019762cc1459/element/00000000-0000-00a1-ffff-ffff00000113/click 200 598 ms - 14
[38;5;0m[HTTP][0m 
[38;5;0m[HTTP][0m [37m-->[39m [37mPOST[39m [37m/wd/hub/session/04fb1899-4e5b-47b2-b00b-019762cc1459/element/00000000-0000-00a1-ffff-ffff00000113/value[39m
[38;5;0m[HTTP][0m {"id":"00000000-0000-00a1-ffff-ffff00000113","text":"1","value":["1"]}
[38;5;0m[HTTP][0m <-- POST /wd/hub/session/04fb1899-4e5b-47b2-b00b-019762cc1459/element/00000000-0000-00a1-ffff-ffff00000113/value 200 1238 ms - 14
[38;5;0m[HTTP][0m 
[38;5;0m[HTTP][0m [37m-->[39m [37mGET[39m [37m/wd/hub/session/04fb1899-4e5b-47b2-b00b-019762cc1459/source[39m
[38;5;0m[HTTP][0m {}
[38;5;48m[AndroidUiautomator2Driver@c0e6 (04fb1899)][0m Driver proxy active, passing request on via HTTP proxy
[38;5;48m[AndroidUiautomator2Driver@c0e6 (04fb1899)][0m Replacing sessionId d92d345f-129f-468b-aa85-5241dac485e0 with 04fb1899-4e5b-47b2-b00b-019762cc1459
[38;5;0m[HTTP][0m <-- GET /wd/hub/session/04fb1899-4e5b-47b2-b00b-019762cc1459/source 200 97 ms - 6050
[38;5;0m[HTTP][0m 
[38;5;0m[HTTP][0m [37m-->[39m [37mGET[39m [37m/wd/hub/session/04fb1899-4e5b-47b2-b00b-019762cc1459/screenshot[39m
[38;5;0m[HTTP][0m {}
[38;5;0m[HTTP][0m <-- GET /wd/hub/session/04fb1899-4e5b-47b2-b00b-019762cc1459/screenshot 200 303 ms - 387480
[38;5;0m[HTTP][0m 
[38;5;0m[HTTP][0m [37m-->[39m [37mGET[39m [37m/wd/hub/session/04fb1899-4e5b-47b2-b00b-019762cc1459/source[39m
[38;5;0m[HTTP][0m {}
[38;5;48m[AndroidUiautomator2Driver@c0e6 (04fb1899)][0m Driver proxy active, passing request on via HTTP proxy
[38;5;48m[AndroidUiautomator2Driver@c0e6 (04fb1899)][0m Replacing sessionId d92d345f-129f-468b-aa85-5241dac485e0 with 04fb1899-4e5b-47b2-b00b-019762cc1459
[38;5;0m[HTTP][0m <-- GET /wd/hub/session/04fb1899-4e5b-47b2-b00b-019762cc1459/source 200 57 ms - 6050
[38;5;0m[HTTP][0m 
[38;5;0m[HTTP][0m [37m-->[39m [37mGET[39m [37m/wd/hub/session/04fb1899-4e5b-47b2-b00b-019762cc1459/screenshot[39m
[38;5;0m[HTTP][0m {}
[38;5;0m[HTTP][0m <-- GET /wd/hub/session/04fb1899-4e5b-47b2-b00b-019762cc1459/screenshot 200 231 ms - 387480
[38;5;0m[HTTP][0m 
[38;5;0m[HTTP][0m [37m-->[39m [37mPOST[39m [37m/wd/hub/session/04fb1899-4e5b-47b2-b00b-019762cc1459/elements[39m
[38;5;0m[HTTP][0m {"using":"xpath","value":"//*[@class = 'android.widget.Button' and (@text = 'ADD' or . = 'ADD') and @resource-id = 'android:id/button1']"}
[38;5;0m[HTTP][0m <-- POST /wd/hub/session/04fb1899-4e5b-47b2-b00b-019762cc1459/elements 200 128 ms - 139
[38;5;0m[HTTP][0m 
[38;5;0m[HTTP][0m [37m-->[39m [37mGET[39m [37m/wd/hub/session/04fb1899-4e5b-47b2-b00b-019762cc1459/window/rect[39m
[38;5;0m[HTTP][0m {}
[38;5;0m[HTTP][0m <-- GET /wd/hub/session/04fb1899-4e5b-47b2-b00b-019762cc1459/window/rect 200 6 ms - 50
[38;5;0m[HTTP][0m 
[38;5;0m[HTTP][0m [37m-->[39m [37mPOST[39m [37m/wd/hub/session/04fb1899-4e5b-47b2-b00b-019762cc1459/elements[39m
[38;5;0m[HTTP][0m {"using":"xpath","value":"//*[@class = 'android.widget.Button' and (@text = 'ADD' or . = 'ADD') and @resource-id = 'android:id/button1']"}
[38;5;0m[HTTP][0m <-- POST /wd/hub/session/04fb1899-4e5b-47b2-b00b-019762cc1459/elements 200 40 ms - 139
[38;5;0m[HTTP][0m 
[38;5;0m[HTTP][0m [37m-->[39m [37mGET[39m [37m/wd/hub/session/04fb1899-4e5b-47b2-b00b-019762cc1459/element/00000000-0000-00a1-ffff-ffff00000119/location[39m
[38;5;0m[HTTP][0m {}
[38;5;48m[AndroidUiautomator2Driver@c0e6 (04fb1899)][0m Driver proxy active, passing request on via HTTP proxy
[38;5;48m[AndroidUiautomator2Driver@c0e6 (04fb1899)][0m Replacing sessionId d92d345f-129f-468b-aa85-5241dac485e0 with 04fb1899-4e5b-47b2-b00b-019762cc1459
[38;5;0m[HTTP][0m <-- GET /wd/hub/session/04fb1899-4e5b-47b2-b00b-019762cc1459/element/00000000-0000-00a1-ffff-ffff00000119/location 200 7 ms - 78
[38;5;0m[HTTP][0m 
[38;5;0m[HTTP][0m [37m-->[39m [37mPOST[39m [37m/wd/hub/session/04fb1899-4e5b-47b2-b00b-019762cc1459/element/00000000-0000-00a1-ffff-ffff00000119/click[39m
[38;5;0m[HTTP][0m {"id":"00000000-0000-00a1-ffff-ffff00000119"}
[38;5;0m[HTTP][0m <-- POST /wd/hub/session/04fb1899-4e5b-47b2-b00b-019762cc1459/element/00000000-0000-00a1-ffff-ffff00000119/click 200 64 ms - 14
[38;5;0m[HTTP][0m 
[38;5;0m[HTTP][0m [37m-->[39m [37mGET[39m [37m/wd/hub/session/04fb1899-4e5b-47b2-b00b-019762cc1459/source[39m
[38;5;0m[HTTP][0m {}
[38;5;48m[AndroidUiautomator2Driver@c0e6 (04fb1899)][0m Driver proxy active, passing request on via HTTP proxy
[38;5;48m[AndroidUiautomator2Driver@c0e6 (04fb1899)][0m Replacing sessionId d92d345f-129f-468b-aa85-5241dac485e0 with 04fb1899-4e5b-47b2-b00b-019762cc1459
[38;5;0m[HTTP][0m <-- GET /wd/hub/session/04fb1899-4e5b-47b2-b00b-019762cc1459/source 200 209 ms - 18079
[38;5;0m[HTTP][0m 
[38;5;0m[HTTP][0m [37m-->[39m [37mGET[39m [37m/wd/hub/session/04fb1899-4e5b-47b2-b00b-019762cc1459/screenshot[39m
[38;5;0m[HTTP][0m {}
[38;5;0m[HTTP][0m <-- GET /wd/hub/session/04fb1899-4e5b-47b2-b00b-019762cc1459/screenshot 200 323 ms - 771024
[38;5;0m[HTTP][0m 
[38;5;0m[HTTP][0m [37m-->[39m [37mGET[39m [37m/wd/hub/session/04fb1899-4e5b-47b2-b00b-019762cc1459/source[39m
[38;5;0m[HTTP][0m {}
[38;5;48m[AndroidUiautomator2Driver@c0e6 (04fb1899)][0m Driver proxy active, passing request on via HTTP proxy
[38;5;48m[AndroidUiautomator2Driver@c0e6 (04fb1899)][0m Replacing sessionId d92d345f-129f-468b-aa85-5241dac485e0 with 04fb1899-4e5b-47b2-b00b-019762cc1459
[38;5;0m[HTTP][0m <-- GET /wd/hub/session/04fb1899-4e5b-47b2-b00b-019762cc1459/source 200 100 ms - 18079
[38;5;0m[HTTP][0m 
[38;5;0m[HTTP][0m [37m-->[39m [37mGET[39m [37m/wd/hub/session/04fb1899-4e5b-47b2-b00b-019762cc1459/screenshot[39m
[38;5;0m[HTTP][0m {}
[38;5;0m[HTTP][0m <-- GET /wd/hub/session/04fb1899-4e5b-47b2-b00b-019762cc1459/screenshot 200 263 ms - 768584
[38;5;0m[HTTP][0m 
[38;5;0m[HTTP][0m [37m-->[39m [37mPOST[39m [37m/wd/hub/session/04fb1899-4e5b-47b2-b00b-019762cc1459/elements[39m
[38;5;0m[HTTP][0m {"using":"xpath","value":"//*[@class = 'android.widget.TextView' and @resource-id = 'com.solodroid.solomerce:id/cart' and (@text = '' or . = '')]"}
[38;5;0m[HTTP][0m <-- POST /wd/hub/session/04fb1899-4e5b-47b2-b00b-019762cc1459/elements 200 128 ms - 139
[38;5;0m[HTTP][0m 
[38;5;0m[HTTP][0m [37m-->[39m [37mGET[39m [37m/wd/hub/session/04fb1899-4e5b-47b2-b00b-019762cc1459/window/rect[39m
[38;5;0m[HTTP][0m {}
[38;5;0m[HTTP][0m <-- GET /wd/hub/session/04fb1899-4e5b-47b2-b00b-019762cc1459/window/rect 200 5 ms - 50
[38;5;0m[HTTP][0m 
[38;5;0m[HTTP][0m [37m-->[39m [37mPOST[39m [37m/wd/hub/session/04fb1899-4e5b-47b2-b00b-019762cc1459/elements[39m
[38;5;0m[HTTP][0m {"using":"xpath","value":"//*[@class = 'android.widget.TextView' and @resource-id = 'com.solodroid.solomerce:id/cart' and (@text = '' or . = '')]"}
[38;5;0m[HTTP][0m <-- POST /wd/hub/session/04fb1899-4e5b-47b2-b00b-019762cc1459/elements 200 96 ms - 139
[38;5;0m[HTTP][0m 
[38;5;0m[HTTP][0m [37m-->[39m [37mGET[39m [37m/wd/hub/session/04fb1899-4e5b-47b2-b00b-019762cc1459/element/00000000-0000-00a0-ffff-ffff00000100/location[39m
[38;5;0m[HTTP][0m {}
[38;5;48m[AndroidUiautomator2Driver@c0e6 (04fb1899)][0m Driver proxy active, passing request on via HTTP proxy
[38;5;48m[AndroidUiautomator2Driver@c0e6 (04fb1899)][0m Replacing sessionId d92d345f-129f-468b-aa85-5241dac485e0 with 04fb1899-4e5b-47b2-b00b-019762cc1459
[38;5;0m[HTTP][0m <-- GET /wd/hub/session/04fb1899-4e5b-47b2-b00b-019762cc1459/element/00000000-0000-00a0-ffff-ffff00000100/location 200 10 ms - 77
[38;5;0m[HTTP][0m 
[38;5;0m[HTTP][0m [37m-->[39m [37mPOST[39m [37m/wd/hub/session/04fb1899-4e5b-47b2-b00b-019762cc1459/element/00000000-0000-00a0-ffff-ffff00000100/click[39m
[38;5;0m[HTTP][0m {"id":"00000000-0000-00a0-ffff-ffff00000100"}
[38;5;0m[HTTP][0m <-- POST /wd/hub/session/04fb1899-4e5b-47b2-b00b-019762cc1459/element/00000000-0000-00a0-ffff-ffff00000100/click 200 135 ms - 14
[38;5;0m[HTTP][0m 
[38;5;0m[HTTP][0m [37m-->[39m [37mGET[39m [37m/wd/hub/session/04fb1899-4e5b-47b2-b00b-019762cc1459/source[39m
[38;5;0m[HTTP][0m {}
[38;5;48m[AndroidUiautomator2Driver@c0e6 (04fb1899)][0m Driver proxy active, passing request on via HTTP proxy
[38;5;48m[AndroidUiautomator2Driver@c0e6 (04fb1899)][0m Replacing sessionId d92d345f-129f-468b-aa85-5241dac485e0 with 04fb1899-4e5b-47b2-b00b-019762cc1459
[38;5;0m[HTTP][0m <-- GET /wd/hub/session/04fb1899-4e5b-47b2-b00b-019762cc1459/source 200 875 ms - 16059
[38;5;0m[HTTP][0m 
[38;5;0m[HTTP][0m [37m-->[39m [37mGET[39m [37m/wd/hub/session/04fb1899-4e5b-47b2-b00b-019762cc1459/screenshot[39m
[38;5;0m[HTTP][0m {}
[38;5;0m[HTTP][0m <-- GET /wd/hub/session/04fb1899-4e5b-47b2-b00b-019762cc1459/screenshot 200 224 ms - 130040
[38;5;0m[HTTP][0m 
[38;5;0m[HTTP][0m [37m-->[39m [37mGET[39m [37m/wd/hub/session/04fb1899-4e5b-47b2-b00b-019762cc1459/source[39m
[38;5;0m[HTTP][0m {}
[38;5;48m[AndroidUiautomator2Driver@c0e6 (04fb1899)][0m Driver proxy active, passing request on via HTTP proxy
[38;5;48m[AndroidUiautomator2Driver@c0e6 (04fb1899)][0m Replacing sessionId d92d345f-129f-468b-aa85-5241dac485e0 with 04fb1899-4e5b-47b2-b00b-019762cc1459
[38;5;0m[HTTP][0m <-- GET /wd/hub/session/04fb1899-4e5b-47b2-b00b-019762cc1459/source 200 95 ms - 16059
[38;5;0m[HTTP][0m 
[38;5;0m[HTTP][0m [37m-->[39m [37mGET[39m [37m/wd/hub/session/04fb1899-4e5b-47b2-b00b-019762cc1459/screenshot[39m
[38;5;0m[HTTP][0m {}
[38;5;0m[HTTP][0m <-- GET /wd/hub/session/04fb1899-4e5b-47b2-b00b-019762cc1459/screenshot 200 161 ms - 130040
[38;5;0m[HTTP][0m 
[38;5;0m[HTTP][0m [37m-->[39m [37mPOST[39m [37m/wd/hub/session/04fb1899-4e5b-47b2-b00b-019762cc1459/elements[39m
[38;5;0m[HTTP][0m {"using":"xpath","value":"//*[@class = 'android.widget.Button' and (@text = 'CHECKOUT' or . = 'CHECKOUT') and @resource-id = 'com.solodroid.solomerce:id/btn_checkout']"}
[38;5;0m[HTTP][0m <-- POST /wd/hub/session/04fb1899-4e5b-47b2-b00b-019762cc1459/elements 200 115 ms - 139
[38;5;0m[HTTP][0m 
[38;5;0m[HTTP][0m [37m-->[39m [37mGET[39m [37m/wd/hub/session/04fb1899-4e5b-47b2-b00b-019762cc1459/window/rect[39m
[38;5;0m[HTTP][0m {}
[38;5;0m[HTTP][0m <-- GET /wd/hub/session/04fb1899-4e5b-47b2-b00b-019762cc1459/window/rect 200 5 ms - 50
[38;5;0m[HTTP][0m 
[38;5;0m[HTTP][0m [37m-->[39m [37mPOST[39m [37m/wd/hub/session/04fb1899-4e5b-47b2-b00b-019762cc1459/elements[39m
[38;5;0m[HTTP][0m {"using":"xpath","value":"//*[@class = 'android.widget.Button' and (@text = 'CHECKOUT' or . = 'CHECKOUT') and @resource-id = 'com.solodroid.solomerce:id/btn_checkout']"}
[38;5;0m[HTTP][0m <-- POST /wd/hub/session/04fb1899-4e5b-47b2-b00b-019762cc1459/elements 200 64 ms - 139
[38;5;0m[HTTP][0m 
[38;5;0m[HTTP][0m [37m-->[39m [37mGET[39m [37m/wd/hub/session/04fb1899-4e5b-47b2-b00b-019762cc1459/element/00000000-0000-00a3-ffff-ffff0000012e/location[39m
[38;5;0m[HTTP][0m {}
[38;5;48m[AndroidUiautomator2Driver@c0e6 (04fb1899)][0m Driver proxy active, passing request on via HTTP proxy
[38;5;48m[AndroidUiautomator2Driver@c0e6 (04fb1899)][0m Replacing sessionId d92d345f-129f-468b-aa85-5241dac485e0 with 04fb1899-4e5b-47b2-b00b-019762cc1459
[38;5;0m[HTTP][0m <-- GET /wd/hub/session/04fb1899-4e5b-47b2-b00b-019762cc1459/element/00000000-0000-00a3-ffff-ffff0000012e/location 200 6 ms - 79
[38;5;0m[HTTP][0m 
[38;5;0m[HTTP][0m [37m-->[39m [37mPOST[39m [37m/wd/hub/session/04fb1899-4e5b-47b2-b00b-019762cc1459/element/00000000-0000-00a3-ffff-ffff0000012e/click[39m
[38;5;0m[HTTP][0m {"id":"00000000-0000-00a3-ffff-ffff0000012e"}
[38;5;0m[HTTP][0m <-- POST /wd/hub/session/04fb1899-4e5b-47b2-b00b-019762cc1459/element/00000000-0000-00a3-ffff-ffff0000012e/click 200 112 ms - 14
[38;5;0m[HTTP][0m 
[38;5;0m[HTTP][0m [37m-->[39m [37mGET[39m [37m/wd/hub/session/04fb1899-4e5b-47b2-b00b-019762cc1459/source[39m
[38;5;0m[HTTP][0m {}
[38;5;48m[AndroidUiautomator2Driver@c0e6 (04fb1899)][0m Driver proxy active, passing request on via HTTP proxy
[38;5;48m[AndroidUiautomator2Driver@c0e6 (04fb1899)][0m Replacing sessionId d92d345f-129f-468b-aa85-5241dac485e0 with 04fb1899-4e5b-47b2-b00b-019762cc1459
[38;5;0m[HTTP][0m <-- GET /wd/hub/session/04fb1899-4e5b-47b2-b00b-019762cc1459/source 200 1673 ms - 17923
[38;5;0m[HTTP][0m 
[38;5;0m[HTTP][0m [37m-->[39m [37mGET[39m [37m/wd/hub/session/04fb1899-4e5b-47b2-b00b-019762cc1459/screenshot[39m
[38;5;0m[HTTP][0m {}
[38;5;0m[HTTP][0m <-- GET /wd/hub/session/04fb1899-4e5b-47b2-b00b-019762cc1459/screenshot 200 224 ms - 182208
[38;5;0m[HTTP][0m 
[38;5;0m[HTTP][0m [37m-->[39m [37mGET[39m [37m/wd/hub/session/04fb1899-4e5b-47b2-b00b-019762cc1459/source[39m
[38;5;0m[HTTP][0m {}
[38;5;48m[AndroidUiautomator2Driver@c0e6 (04fb1899)][0m Driver proxy active, passing request on via HTTP proxy
[38;5;48m[AndroidUiautomator2Driver@c0e6 (04fb1899)][0m Replacing sessionId d92d345f-129f-468b-aa85-5241dac485e0 with 04fb1899-4e5b-47b2-b00b-019762cc1459
[38;5;0m[HTTP][0m <-- GET /wd/hub/session/04fb1899-4e5b-47b2-b00b-019762cc1459/source 200 125 ms - 17923
[38;5;0m[HTTP][0m 
[38;5;0m[HTTP][0m [37m-->[39m [37mGET[39m [37m/wd/hub/session/04fb1899-4e5b-47b2-b00b-019762cc1459/screenshot[39m
[38;5;0m[HTTP][0m {}
[38;5;0m[HTTP][0m <-- GET /wd/hub/session/04fb1899-4e5b-47b2-b00b-019762cc1459/screenshot 200 230 ms - 182208
[38;5;0m[HTTP][0m 
[38;5;0m[HTTP][0m [37m-->[39m [37mPOST[39m [37m/wd/hub/session/04fb1899-4e5b-47b2-b00b-019762cc1459/elements[39m
[38;5;0m[HTTP][0m {"using":"xpath","value":"//*[@class = 'android.widget.EditText' and (@text = 'Your Name' or . = 'Your Name') and @resource-id = 'com.solodroid.solomerce:id/edt_name']"}
[38;5;0m[HTTP][0m <-- POST /wd/hub/session/04fb1899-4e5b-47b2-b00b-019762cc1459/elements 200 128 ms - 139
[38;5;0m[HTTP][0m 
[38;5;0m[HTTP][0m [37m-->[39m [37mGET[39m [37m/wd/hub/session/04fb1899-4e5b-47b2-b00b-019762cc1459/window/rect[39m
[38;5;0m[HTTP][0m {}
[38;5;0m[HTTP][0m <-- GET /wd/hub/session/04fb1899-4e5b-47b2-b00b-019762cc1459/window/rect 200 21 ms - 50
[38;5;0m[HTTP][0m 
[38;5;0m[HTTP][0m [37m-->[39m [37mPOST[39m [37m/wd/hub/session/04fb1899-4e5b-47b2-b00b-019762cc1459/elements[39m
[38;5;0m[HTTP][0m {"using":"xpath","value":"//*[@class = 'android.widget.EditText' and (@text = 'Your Name' or . = 'Your Name') and @resource-id = 'com.solodroid.solomerce:id/edt_name']"}
[38;5;0m[HTTP][0m <-- POST /wd/hub/session/04fb1899-4e5b-47b2-b00b-019762cc1459/elements 200 108 ms - 139
[38;5;0m[HTTP][0m 
[38;5;0m[HTTP][0m [37m-->[39m [37mGET[39m [37m/wd/hub/session/04fb1899-4e5b-47b2-b00b-019762cc1459/element/00000000-0000-00a4-ffff-ffff00000154/location[39m
[38;5;0m[HTTP][0m {}
[38;5;48m[AndroidUiautomator2Driver@c0e6 (04fb1899)][0m Driver proxy active, passing request on via HTTP proxy
[38;5;48m[AndroidUiautomator2Driver@c0e6 (04fb1899)][0m Replacing sessionId d92d345f-129f-468b-aa85-5241dac485e0 with 04fb1899-4e5b-47b2-b00b-019762cc1459
[38;5;0m[HTTP][0m <-- GET /wd/hub/session/04fb1899-4e5b-47b2-b00b-019762cc1459/element/00000000-0000-00a4-ffff-ffff00000154/location 200 8 ms - 77
[38;5;0m[HTTP][0m 
[38;5;0m[HTTP][0m [37m-->[39m [37mPOST[39m [37m/wd/hub/session/04fb1899-4e5b-47b2-b00b-019762cc1459/element/00000000-0000-00a4-ffff-ffff00000154/clear[39m
[38;5;0m[HTTP][0m {"id":"00000000-0000-00a4-ffff-ffff00000154"}
[38;5;0m[HTTP][0m <-- POST /wd/hub/session/04fb1899-4e5b-47b2-b00b-019762cc1459/element/00000000-0000-00a4-ffff-ffff00000154/clear 200 12 ms - 14
[38;5;0m[HTTP][0m 
[38;5;0m[HTTP][0m [37m-->[39m [37mPOST[39m [37m/wd/hub/session/04fb1899-4e5b-47b2-b00b-019762cc1459/element/00000000-0000-00a4-ffff-ffff00000154/click[39m
[38;5;0m[HTTP][0m {"id":"00000000-0000-00a4-ffff-ffff00000154"}
[38;5;0m[HTTP][0m <-- POST /wd/hub/session/04fb1899-4e5b-47b2-b00b-019762cc1459/element/00000000-0000-00a4-ffff-ffff00000154/click 200 579 ms - 14
[38;5;0m[HTTP][0m 
[38;5;0m[HTTP][0m [37m-->[39m [37mPOST[39m [37m/wd/hub/session/04fb1899-4e5b-47b2-b00b-019762cc1459/element/00000000-0000-00a4-ffff-ffff00000154/value[39m
[38;5;0m[HTTP][0m {"id":"00000000-0000-00a4-ffff-ffff00000154","text":"Testing paypal","value":["T","e","s","t","i","n","g"," ","p","a","y","p","a","l"]}
[38;5;0m[HTTP][0m <-- POST /wd/hub/session/04fb1899-4e5b-47b2-b00b-019762cc1459/element/00000000-0000-00a4-ffff-ffff00000154/value 200 1711 ms - 14
[38;5;0m[HTTP][0m 
[38;5;0m[HTTP][0m [37m-->[39m [37mGET[39m [37m/wd/hub/session/04fb1899-4e5b-47b2-b00b-019762cc1459/source[39m
[38;5;0m[HTTP][0m {}
[38;5;48m[AndroidUiautomator2Driver@c0e6 (04fb1899)][0m Driver proxy active, passing request on via HTTP proxy
[38;5;48m[AndroidUiautomator2Driver@c0e6 (04fb1899)][0m Replacing sessionId d92d345f-129f-468b-aa85-5241dac485e0 with 04fb1899-4e5b-47b2-b00b-019762cc1459
[38;5;0m[HTTP][0m <-- GET /wd/hub/session/04fb1899-4e5b-47b2-b00b-019762cc1459/source 200 291 ms - 13272
[38;5;0m[HTTP][0m 
[38;5;0m[HTTP][0m [37m-->[39m [37mGET[39m [37m/wd/hub/session/04fb1899-4e5b-47b2-b00b-019762cc1459/screenshot[39m
[38;5;0m[HTTP][0m {}
[38;5;0m[HTTP][0m <-- GET /wd/hub/session/04fb1899-4e5b-47b2-b00b-019762cc1459/screenshot 200 279 ms - 201004
[38;5;0m[HTTP][0m 
[38;5;0m[HTTP][0m [37m-->[39m [37mGET[39m [37m/wd/hub/session/04fb1899-4e5b-47b2-b00b-019762cc1459/source[39m
[38;5;0m[HTTP][0m {}
[38;5;48m[AndroidUiautomator2Driver@c0e6 (04fb1899)][0m Driver proxy active, passing request on via HTTP proxy
[38;5;48m[AndroidUiautomator2Driver@c0e6 (04fb1899)][0m Replacing sessionId d92d345f-129f-468b-aa85-5241dac485e0 with 04fb1899-4e5b-47b2-b00b-019762cc1459
[38;5;0m[HTTP][0m <-- GET /wd/hub/session/04fb1899-4e5b-47b2-b00b-019762cc1459/source 200 114 ms - 13272
[38;5;0m[HTTP][0m 
[38;5;0m[HTTP][0m [37m-->[39m [37mGET[39m [37m/wd/hub/session/04fb1899-4e5b-47b2-b00b-019762cc1459/screenshot[39m
[38;5;0m[HTTP][0m {}
[38;5;0m[HTTP][0m <-- GET /wd/hub/session/04fb1899-4e5b-47b2-b00b-019762cc1459/screenshot 200 181 ms - 201060
[38;5;0m[HTTP][0m 
[38;5;0m[HTTP][0m [37m-->[39m [37mPOST[39m [37m/wd/hub/session/04fb1899-4e5b-47b2-b00b-019762cc1459/elements[39m
[38;5;0m[HTTP][0m {"using":"xpath","value":"//*[@class = 'android.widget.EditText' and (@text = 'your.email@gmail.com' or . = 'your.email@gmail.com') and @resource-id = 'com.solodroid.solomerce:id/edt_email']"}
[38;5;0m[HTTP][0m <-- POST /wd/hub/session/04fb1899-4e5b-47b2-b00b-019762cc1459/elements 200 130 ms - 139
[38;5;0m[HTTP][0m 
[38;5;0m[HTTP][0m [37m-->[39m [37mPOST[39m [37m/wd/hub/session/04fb1899-4e5b-47b2-b00b-019762cc1459/elements[39m
[38;5;0m[HTTP][0m {"using":"xpath","value":"//*[@class = 'android.widget.EditText' and (@text = 'your.email@gmail.com' or . = 'your.email@gmail.com') and @resource-id = 'com.solodroid.solomerce:id/edt_email']"}
[38;5;0m[HTTP][0m <-- POST /wd/hub/session/04fb1899-4e5b-47b2-b00b-019762cc1459/elements 200 117 ms - 139
[38;5;0m[HTTP][0m 
[38;5;0m[HTTP][0m [37m-->[39m [37mGET[39m [37m/wd/hub/session/04fb1899-4e5b-47b2-b00b-019762cc1459/window/rect[39m
[38;5;0m[HTTP][0m {}
[38;5;0m[HTTP][0m <-- GET /wd/hub/session/04fb1899-4e5b-47b2-b00b-019762cc1459/window/rect 200 5 ms - 50
[38;5;0m[HTTP][0m 
[38;5;0m[HTTP][0m [37m-->[39m [37mPOST[39m [37m/wd/hub/session/04fb1899-4e5b-47b2-b00b-019762cc1459/elements[39m
[38;5;0m[HTTP][0m {"using":"xpath","value":"//*[@class = 'android.widget.EditText' and (@text = 'your.email@gmail.com' or . = 'your.email@gmail.com') and @resource-id = 'com.solodroid.solomerce:id/edt_email']"}
[38;5;0m[HTTP][0m <-- POST /wd/hub/session/04fb1899-4e5b-47b2-b00b-019762cc1459/elements 200 72 ms - 139
[38;5;0m[HTTP][0m 
[38;5;0m[HTTP][0m [37m-->[39m [37mGET[39m [37m/wd/hub/session/04fb1899-4e5b-47b2-b00b-019762cc1459/element/00000000-0000-00a4-ffff-ffff00000160/location[39m
[38;5;0m[HTTP][0m {}
[38;5;48m[AndroidUiautomator2Driver@c0e6 (04fb1899)][0m Driver proxy active, passing request on via HTTP proxy
[38;5;48m[AndroidUiautomator2Driver@c0e6 (04fb1899)][0m Replacing sessionId d92d345f-129f-468b-aa85-5241dac485e0 with 04fb1899-4e5b-47b2-b00b-019762cc1459
[38;5;0m[HTTP][0m <-- GET /wd/hub/session/04fb1899-4e5b-47b2-b00b-019762cc1459/element/00000000-0000-00a4-ffff-ffff00000160/location 200 12 ms - 77
[38;5;0m[HTTP][0m 
[38;5;0m[HTTP][0m [37m-->[39m [37mPOST[39m [37m/wd/hub/session/04fb1899-4e5b-47b2-b00b-019762cc1459/element/00000000-0000-00a4-ffff-ffff00000160/click[39m
[38;5;0m[HTTP][0m {"id":"00000000-0000-00a4-ffff-ffff00000160"}
[38;5;0m[HTTP][0m <-- POST /wd/hub/session/04fb1899-4e5b-47b2-b00b-019762cc1459/element/00000000-0000-00a4-ffff-ffff00000160/click 200 68 ms - 14
[38;5;0m[HTTP][0m 
[38;5;0m[HTTP][0m [37m-->[39m [37mGET[39m [37m/wd/hub/session/04fb1899-4e5b-47b2-b00b-019762cc1459/source[39m
[38;5;0m[HTTP][0m {}
[38;5;48m[AndroidUiautomator2Driver@c0e6 (04fb1899)][0m Driver proxy active, passing request on via HTTP proxy
[38;5;48m[AndroidUiautomator2Driver@c0e6 (04fb1899)][0m Replacing sessionId d92d345f-129f-468b-aa85-5241dac485e0 with 04fb1899-4e5b-47b2-b00b-019762cc1459
[38;5;0m[HTTP][0m <-- GET /wd/hub/session/04fb1899-4e5b-47b2-b00b-019762cc1459/source 200 307 ms - 13272
[38;5;0m[HTTP][0m 
[38;5;0m[HTTP][0m [37m-->[39m [37mGET[39m [37m/wd/hub/session/04fb1899-4e5b-47b2-b00b-019762cc1459/screenshot[39m
[38;5;0m[HTTP][0m {}
[38;5;0m[HTTP][0m <-- GET /wd/hub/session/04fb1899-4e5b-47b2-b00b-019762cc1459/screenshot 200 250 ms - 206884
[38;5;0m[HTTP][0m 
[38;5;0m[HTTP][0m [37m-->[39m [37mGET[39m [37m/wd/hub/session/04fb1899-4e5b-47b2-b00b-019762cc1459/source[39m
[38;5;0m[HTTP][0m {}
[38;5;48m[AndroidUiautomator2Driver@c0e6 (04fb1899)][0m Driver proxy active, passing request on via HTTP proxy
[38;5;48m[AndroidUiautomator2Driver@c0e6 (04fb1899)][0m Replacing sessionId d92d345f-129f-468b-aa85-5241dac485e0 with 04fb1899-4e5b-47b2-b00b-019762cc1459
[38;5;0m[HTTP][0m <-- GET /wd/hub/session/04fb1899-4e5b-47b2-b00b-019762cc1459/source 200 125 ms - 13272
[38;5;0m[HTTP][0m 
[38;5;0m[HTTP][0m [37m-->[39m [37mGET[39m [37m/wd/hub/session/04fb1899-4e5b-47b2-b00b-019762cc1459/screenshot[39m
[38;5;0m[HTTP][0m {}
[38;5;0m[HTTP][0m <-- GET /wd/hub/session/04fb1899-4e5b-47b2-b00b-019762cc1459/screenshot 200 215 ms - 206884
[38;5;0m[HTTP][0m 
[38;5;0m[HTTP][0m [37m-->[39m [37mPOST[39m [37m/wd/hub/session/04fb1899-4e5b-47b2-b00b-019762cc1459/elements[39m
[38;5;0m[HTTP][0m {"using":"xpath","value":"//*[@class = 'android.widget.EditText' and (@text = 'Your Address' or . = 'Your Address') and @resource-id = 'com.solodroid.solomerce:id/edt_address']"}
[38;5;0m[HTTP][0m <-- POST /wd/hub/session/04fb1899-4e5b-47b2-b00b-019762cc1459/elements 200 131 ms - 139
[38;5;0m[HTTP][0m 
[38;5;0m[HTTP][0m [37m-->[39m [37mGET[39m [37m/wd/hub/session/04fb1899-4e5b-47b2-b00b-019762cc1459/window/rect[39m
[38;5;0m[HTTP][0m {}
[38;5;0m[HTTP][0m <-- GET /wd/hub/session/04fb1899-4e5b-47b2-b00b-019762cc1459/window/rect 200 6 ms - 50
[38;5;0m[HTTP][0m 
[38;5;0m[HTTP][0m [37m-->[39m [37mPOST[39m [37m/wd/hub/session/04fb1899-4e5b-47b2-b00b-019762cc1459/elements[39m
[38;5;0m[HTTP][0m {"using":"xpath","value":"//*[@class = 'android.widget.EditText' and (@text = 'Your Address' or . = 'Your Address') and @resource-id = 'com.solodroid.solomerce:id/edt_address']"}
[38;5;0m[HTTP][0m <-- POST /wd/hub/session/04fb1899-4e5b-47b2-b00b-019762cc1459/elements 200 56 ms - 139
[38;5;0m[HTTP][0m 
[38;5;0m[HTTP][0m [37m-->[39m [37mGET[39m [37m/wd/hub/session/04fb1899-4e5b-47b2-b00b-019762cc1459/element/00000000-0000-00a4-ffff-ffff00000178/location[39m
[38;5;0m[HTTP][0m {}
[38;5;48m[AndroidUiautomator2Driver@c0e6 (04fb1899)][0m Driver proxy active, passing request on via HTTP proxy
[38;5;48m[AndroidUiautomator2Driver@c0e6 (04fb1899)][0m Replacing sessionId d92d345f-129f-468b-aa85-5241dac485e0 with 04fb1899-4e5b-47b2-b00b-019762cc1459
[38;5;0m[HTTP][0m <-- GET /wd/hub/session/04fb1899-4e5b-47b2-b00b-019762cc1459/element/00000000-0000-00a4-ffff-ffff00000178/location 200 6 ms - 77
[38;5;0m[HTTP][0m 
[38;5;0m[HTTP][0m [37m-->[39m [37mPOST[39m [37m/wd/hub/session/04fb1899-4e5b-47b2-b00b-019762cc1459/element/00000000-0000-00a4-ffff-ffff00000178/click[39m
[38;5;0m[HTTP][0m {"id":"00000000-0000-00a4-ffff-ffff00000178"}
[38;5;0m[HTTP][0m <-- POST /wd/hub/session/04fb1899-4e5b-47b2-b00b-019762cc1459/element/00000000-0000-00a4-ffff-ffff00000178/click 200 47 ms - 14
[38;5;0m[HTTP][0m 
[38;5;0m[HTTP][0m [37m-->[39m [37mGET[39m [37m/wd/hub/session/04fb1899-4e5b-47b2-b00b-019762cc1459/source[39m
[38;5;0m[HTTP][0m {}
[38;5;48m[AndroidUiautomator2Driver@c0e6 (04fb1899)][0m Driver proxy active, passing request on via HTTP proxy
[38;5;48m[AndroidUiautomator2Driver@c0e6 (04fb1899)][0m Replacing sessionId d92d345f-129f-468b-aa85-5241dac485e0 with 04fb1899-4e5b-47b2-b00b-019762cc1459
[38;5;0m[HTTP][0m <-- GET /wd/hub/session/04fb1899-4e5b-47b2-b00b-019762cc1459/source 200 281 ms - 13272
[38;5;0m[HTTP][0m 
[38;5;0m[HTTP][0m [37m-->[39m [37mGET[39m [37m/wd/hub/session/04fb1899-4e5b-47b2-b00b-019762cc1459/screenshot[39m
[38;5;0m[HTTP][0m {}
[38;5;0m[HTTP][0m <-- GET /wd/hub/session/04fb1899-4e5b-47b2-b00b-019762cc1459/screenshot 200 209 ms - 210488
[38;5;0m[HTTP][0m 
[38;5;0m[HTTP][0m [37m-->[39m [37mGET[39m [37m/wd/hub/session/04fb1899-4e5b-47b2-b00b-019762cc1459/source[39m
[38;5;0m[HTTP][0m {}
[38;5;48m[AndroidUiautomator2Driver@c0e6 (04fb1899)][0m Driver proxy active, passing request on via HTTP proxy
[38;5;48m[AndroidUiautomator2Driver@c0e6 (04fb1899)][0m Replacing sessionId d92d345f-129f-468b-aa85-5241dac485e0 with 04fb1899-4e5b-47b2-b00b-019762cc1459
[38;5;0m[HTTP][0m <-- GET /wd/hub/session/04fb1899-4e5b-47b2-b00b-019762cc1459/source 200 111 ms - 13272
[38;5;0m[HTTP][0m 
[38;5;0m[HTTP][0m [37m-->[39m [37mGET[39m [37m/wd/hub/session/04fb1899-4e5b-47b2-b00b-019762cc1459/screenshot[39m
[38;5;0m[HTTP][0m {}
[38;5;0m[HTTP][0m <-- GET /wd/hub/session/04fb1899-4e5b-47b2-b00b-019762cc1459/screenshot 200 188 ms - 208104
[38;5;0m[HTTP][0m 
[38;5;0m[HTTP][0m [37m-->[39m [37mGET[39m [37m/wd/hub/session/04fb1899-4e5b-47b2-b00b-019762cc1459/context[39m
[38;5;0m[HTTP][0m {}
[38;5;0m[HTTP][0m <-- GET /wd/hub/session/04fb1899-4e5b-47b2-b00b-019762cc1459/context 200 4 ms - 22
[38;5;0m[HTTP][0m 
[38;5;0m[HTTP][0m [37m-->[39m [37mGET[39m [37m/wd/hub/session/04fb1899-4e5b-47b2-b00b-019762cc1459/contexts[39m
[38;5;0m[HTTP][0m {}
[38;5;0m[HTTP][0m <-- GET /wd/hub/session/04fb1899-4e5b-47b2-b00b-019762cc1459/contexts 200 516 ms - 58
[38;5;0m[HTTP][0m 
[38;5;0m[HTTP][0m [37m-->[39m [37mPOST[39m [37m/wd/hub/session/04fb1899-4e5b-47b2-b00b-019762cc1459/context[39m
[38;5;0m[HTTP][0m {"name":"NATIVE_APP"}
[38;5;0m[HTTP][0m <-- POST /wd/hub/session/04fb1899-4e5b-47b2-b00b-019762cc1459/context 200 1 ms - 14
[38;5;0m[HTTP][0m 
[38;5;0m[HTTP][0m [37m-->[39m [37mPOST[39m [37m/wd/hub/session/04fb1899-4e5b-47b2-b00b-019762cc1459/appium/device/hide_keyboard[39m
[38;5;0m[HTTP][0m {}
[38;5;0m[HTTP][0m <-- POST /wd/hub/session/04fb1899-4e5b-47b2-b00b-019762cc1459/appium/device/hide_keyboard 200 491 ms - 14
[38;5;0m[HTTP][0m 
[38;5;0m[HTTP][0m [37m-->[39m [37mPOST[39m [37m/wd/hub/session/04fb1899-4e5b-47b2-b00b-019762cc1459/context[39m
[38;5;0m[HTTP][0m {"name":"NATIVE_APP"}
[38;5;0m[HTTP][0m <-- POST /wd/hub/session/04fb1899-4e5b-47b2-b00b-019762cc1459/context 200 0 ms - 14
[38;5;0m[HTTP][0m 
[38;5;0m[HTTP][0m [37m-->[39m [37mGET[39m [37m/wd/hub/session/04fb1899-4e5b-47b2-b00b-019762cc1459/source[39m
[38;5;0m[HTTP][0m {}
[38;5;48m[AndroidUiautomator2Driver@c0e6 (04fb1899)][0m Driver proxy active, passing request on via HTTP proxy
[38;5;48m[AndroidUiautomator2Driver@c0e6 (04fb1899)][0m Replacing sessionId d92d345f-129f-468b-aa85-5241dac485e0 with 04fb1899-4e5b-47b2-b00b-019762cc1459
[38;5;0m[HTTP][0m <-- GET /wd/hub/session/04fb1899-4e5b-47b2-b00b-019762cc1459/source 200 89 ms - 17927
[38;5;0m[HTTP][0m 
[38;5;0m[HTTP][0m [37m-->[39m [37mGET[39m [37m/wd/hub/session/04fb1899-4e5b-47b2-b00b-019762cc1459/screenshot[39m
[38;5;0m[HTTP][0m {}
[38;5;0m[HTTP][0m <-- GET /wd/hub/session/04fb1899-4e5b-47b2-b00b-019762cc1459/screenshot 200 186 ms - 182824
[38;5;0m[HTTP][0m 
[38;5;0m[HTTP][0m [37m-->[39m [37mGET[39m [37m/wd/hub/session/04fb1899-4e5b-47b2-b00b-019762cc1459/window/rect[39m
[38;5;0m[HTTP][0m {}
[38;5;0m[HTTP][0m <-- GET /wd/hub/session/04fb1899-4e5b-47b2-b00b-019762cc1459/window/rect 200 60 ms - 50
[38;5;0m[HTTP][0m 
[38;5;0m[HTTP][0m [37m-->[39m [37mPOST[39m [37m/wd/hub/session/04fb1899-4e5b-47b2-b00b-019762cc1459/elements[39m
[38;5;0m[HTTP][0m {"using":"xpath","value":"//*[@class = 'android.widget.Button' and (@text = 'ADD TO CART' or . = 'ADD TO CART') and @resource-id = 'com.solodroid.solomerce:id/btn_add_cart']"}
[38;5;0m[HTTP][0m <-- POST /wd/hub/session/04fb1899-4e5b-47b2-b00b-019762cc1459/elements 200 60084 ms - 12
[38;5;0m[HTTP][0m 
[38;5;0m[HTTP][0m [37m-->[39m [37mGET[39m [37m/wd/hub/session/04fb1899-4e5b-47b2-b00b-019762cc1459/window/rect[39m
[38;5;0m[HTTP][0m {}
[38;5;0m[HTTP][0m <-- GET /wd/hub/session/04fb1899-4e5b-47b2-b00b-019762cc1459/window/rect 200 45 ms - 50
[38;5;0m[HTTP][0m 
[38;5;0m[HTTP][0m [37m-->[39m [37mPOST[39m [37m/wd/hub/session/04fb1899-4e5b-47b2-b00b-019762cc1459/elements[39m
[38;5;0m[HTTP][0m {"using":"xpath","value":"//*[@class = 'android.widget.EditText' and (@text = 'your.email@gmail.com' or . = 'your.email@gmail.com') and @resource-id = 'com.solodroid.solomerce:id/edt_email']"}
[38;5;0m[HTTP][0m <-- POST /wd/hub/session/04fb1899-4e5b-47b2-b00b-019762cc1459/elements 200 115 ms - 139
[38;5;0m[HTTP][0m 
[38;5;0m[HTTP][0m [37m-->[39m [37mGET[39m [37m/wd/hub/session/04fb1899-4e5b-47b2-b00b-019762cc1459/element/00000000-0000-00a4-ffff-ffff00000160/location[39m
[38;5;0m[HTTP][0m {}
[38;5;48m[AndroidUiautomator2Driver@c0e6 (04fb1899)][0m Driver proxy active, passing request on via HTTP proxy
[38;5;48m[AndroidUiautomator2Driver@c0e6 (04fb1899)][0m Replacing sessionId d92d345f-129f-468b-aa85-5241dac485e0 with 04fb1899-4e5b-47b2-b00b-019762cc1459
[38;5;0m[HTTP][0m <-- GET /wd/hub/session/04fb1899-4e5b-47b2-b00b-019762cc1459/element/00000000-0000-00a4-ffff-ffff00000160/location 200 10 ms - 77
[38;5;0m[HTTP][0m 
[38;5;0m[HTTP][0m [37m-->[39m [37mPOST[39m [37m/wd/hub/session/04fb1899-4e5b-47b2-b00b-019762cc1459/element/00000000-0000-00a4-ffff-ffff00000160/click[39m
[38;5;0m[HTTP][0m {"id":"00000000-0000-00a4-ffff-ffff00000160"}
[38;5;0m[HTTP][0m <-- POST /wd/hub/session/04fb1899-4e5b-47b2-b00b-019762cc1459/element/00000000-0000-00a4-ffff-ffff00000160/click 200 59 ms - 14
[38;5;0m[HTTP][0m 
[38;5;0m[HTTP][0m [37m-->[39m [37mGET[39m [37m/wd/hub/session/04fb1899-4e5b-47b2-b00b-019762cc1459/source[39m
[38;5;0m[HTTP][0m {}
[38;5;48m[AndroidUiautomator2Driver@c0e6 (04fb1899)][0m Driver proxy active, passing request on via HTTP proxy
[38;5;48m[AndroidUiautomator2Driver@c0e6 (04fb1899)][0m Replacing sessionId d92d345f-129f-468b-aa85-5241dac485e0 with 04fb1899-4e5b-47b2-b00b-019762cc1459
[38;5;0m[HTTP][0m <-- GET /wd/hub/session/04fb1899-4e5b-47b2-b00b-019762cc1459/source 200 433 ms - 13272
[38;5;0m[HTTP][0m 
[38;5;0m[HTTP][0m [37m-->[39m [37mGET[39m [37m/wd/hub/session/04fb1899-4e5b-47b2-b00b-019762cc1459/screenshot[39m
[38;5;0m[HTTP][0m {}
[38;5;0m[HTTP][0m <-- GET /wd/hub/session/04fb1899-4e5b-47b2-b00b-019762cc1459/screenshot 200 221 ms - 207064
[38;5;0m[HTTP][0m 
[38;5;0m[HTTP][0m [37m-->[39m [37mGET[39m [37m/wd/hub/session/04fb1899-4e5b-47b2-b00b-019762cc1459/window/rect[39m
[38;5;0m[HTTP][0m {}
[38;5;0m[HTTP][0m <-- GET /wd/hub/session/04fb1899-4e5b-47b2-b00b-019762cc1459/window/rect 200 21 ms - 50
[38;5;0m[HTTP][0m 
[38;5;0m[HTTP][0m [37m-->[39m [37mPOST[39m [37m/wd/hub/session/04fb1899-4e5b-47b2-b00b-019762cc1459/elements[39m
[38;5;0m[HTTP][0m {"using":"xpath","value":"//*[@class = 'android.widget.EditText' and (@text = 'your.email@gmail.com' or . = 'your.email@gmail.com') and @resource-id = 'com.solodroid.solomerce:id/edt_email']"}
[38;5;0m[HTTP][0m <-- POST /wd/hub/session/04fb1899-4e5b-47b2-b00b-019762cc1459/elements 200 118 ms - 139
[38;5;0m[HTTP][0m 
[38;5;0m[HTTP][0m [37m-->[39m [37mGET[39m [37m/wd/hub/session/04fb1899-4e5b-47b2-b00b-019762cc1459/element/00000000-0000-00a4-ffff-ffff00000160/location[39m
[38;5;0m[HTTP][0m {}
[38;5;48m[AndroidUiautomator2Driver@c0e6 (04fb1899)][0m Driver proxy active, passing request on via HTTP proxy
[38;5;48m[AndroidUiautomator2Driver@c0e6 (04fb1899)][0m Replacing sessionId d92d345f-129f-468b-aa85-5241dac485e0 with 04fb1899-4e5b-47b2-b00b-019762cc1459
[38;5;0m[HTTP][0m <-- GET /wd/hub/session/04fb1899-4e5b-47b2-b00b-019762cc1459/element/00000000-0000-00a4-ffff-ffff00000160/location 200 13 ms - 77
[38;5;0m[HTTP][0m 
[38;5;0m[HTTP][0m [37m-->[39m [37mPOST[39m [37m/wd/hub/session/04fb1899-4e5b-47b2-b00b-019762cc1459/element/00000000-0000-00a4-ffff-ffff00000160/clear[39m
[38;5;0m[HTTP][0m {"id":"00000000-0000-00a4-ffff-ffff00000160"}
[38;5;0m[HTTP][0m <-- POST /wd/hub/session/04fb1899-4e5b-47b2-b00b-019762cc1459/element/00000000-0000-00a4-ffff-ffff00000160/clear 200 11 ms - 14
[38;5;0m[HTTP][0m 
[38;5;0m[HTTP][0m [37m-->[39m [37mPOST[39m [37m/wd/hub/session/04fb1899-4e5b-47b2-b00b-019762cc1459/element/00000000-0000-00a4-ffff-ffff00000160/click[39m
[38;5;0m[HTTP][0m {"id":"00000000-0000-00a4-ffff-ffff00000160"}
[38;5;0m[HTTP][0m <-- POST /wd/hub/session/04fb1899-4e5b-47b2-b00b-019762cc1459/element/00000000-0000-00a4-ffff-ffff00000160/click 200 730 ms - 14
[38;5;0m[HTTP][0m 
[38;5;0m[HTTP][0m [37m-->[39m [37mPOST[39m [37m/wd/hub/session/04fb1899-4e5b-47b2-b00b-019762cc1459/element/00000000-0000-00a4-ffff-ffff00000160/value[39m
[38;5;0m[HTTP][0m {"id":"00000000-0000-00a4-ffff-ffff00000160","text":"test@gmail.com","value":["t","e","s","t","@","g","m","a","i","l",".","c","o","m"]}
[38;5;0m[HTTP][0m <-- POST /wd/hub/session/04fb1899-4e5b-47b2-b00b-019762cc1459/element/00000000-0000-00a4-ffff-ffff00000160/value 200 1191 ms - 14
[38;5;0m[HTTP][0m 
[38;5;0m[HTTP][0m [37m-->[39m [37mGET[39m [37m/wd/hub/session/04fb1899-4e5b-47b2-b00b-019762cc1459/source[39m
[38;5;0m[HTTP][0m {}
[38;5;48m[AndroidUiautomator2Driver@c0e6 (04fb1899)][0m Driver proxy active, passing request on via HTTP proxy
[38;5;48m[AndroidUiautomator2Driver@c0e6 (04fb1899)][0m Replacing sessionId d92d345f-129f-468b-aa85-5241dac485e0 with 04fb1899-4e5b-47b2-b00b-019762cc1459
[38;5;0m[HTTP][0m <-- GET /wd/hub/session/04fb1899-4e5b-47b2-b00b-019762cc1459/source 200 170 ms - 13266
[38;5;0m[HTTP][0m 
[38;5;0m[HTTP][0m [37m-->[39m [37mGET[39m [37m/wd/hub/session/04fb1899-4e5b-47b2-b00b-019762cc1459/screenshot[39m
[38;5;0m[HTTP][0m {}
[38;5;0m[HTTP][0m <-- GET /wd/hub/session/04fb1899-4e5b-47b2-b00b-019762cc1459/screenshot 200 216 ms - 203932
[38;5;0m[HTTP][0m 
[38;5;0m[HTTP][0m [37m-->[39m [37mGET[39m [37m/wd/hub/session/04fb1899-4e5b-47b2-b00b-019762cc1459/source[39m
[38;5;0m[HTTP][0m {}
[38;5;48m[AndroidUiautomator2Driver@c0e6 (04fb1899)][0m Driver proxy active, passing request on via HTTP proxy
[38;5;48m[AndroidUiautomator2Driver@c0e6 (04fb1899)][0m Replacing sessionId d92d345f-129f-468b-aa85-5241dac485e0 with 04fb1899-4e5b-47b2-b00b-019762cc1459
[38;5;0m[HTTP][0m <-- GET /wd/hub/session/04fb1899-4e5b-47b2-b00b-019762cc1459/source 200 86 ms - 13266
[38;5;0m[HTTP][0m 
[38;5;0m[HTTP][0m [37m-->[39m [37mGET[39m [37m/wd/hub/session/04fb1899-4e5b-47b2-b00b-019762cc1459/screenshot[39m
[38;5;0m[HTTP][0m {}
[38;5;0m[HTTP][0m <-- GET /wd/hub/session/04fb1899-4e5b-47b2-b00b-019762cc1459/screenshot 200 178 ms - 203932
[38;5;0m[HTTP][0m 
[38;5;0m[HTTP][0m [37m-->[39m [37mGET[39m [37m/wd/hub/session/04fb1899-4e5b-47b2-b00b-019762cc1459/window/rect[39m
[38;5;0m[HTTP][0m {}
[38;5;0m[HTTP][0m <-- GET /wd/hub/session/04fb1899-4e5b-47b2-b00b-019762cc1459/window/rect 200 36 ms - 50
[38;5;0m[HTTP][0m 
[38;5;0m[HTTP][0m [37m-->[39m [37mPOST[39m [37m/wd/hub/session/04fb1899-4e5b-47b2-b00b-019762cc1459/elements[39m
[38;5;0m[HTTP][0m {"using":"xpath","value":"//*[@class = 'android.widget.EditText' and (@text = 'Your Address' or . = 'Your Address') and @resource-id = 'com.solodroid.solomerce:id/edt_address']"}
[38;5;0m[HTTP][0m <-- POST /wd/hub/session/04fb1899-4e5b-47b2-b00b-019762cc1459/elements 200 108 ms - 139
[38;5;0m[HTTP][0m 
[38;5;0m[HTTP][0m [37m-->[39m [37mGET[39m [37m/wd/hub/session/04fb1899-4e5b-47b2-b00b-019762cc1459/element/00000000-0000-00a4-ffff-ffff00000178/location[39m
[38;5;0m[HTTP][0m {}
[38;5;48m[AndroidUiautomator2Driver@c0e6 (04fb1899)][0m Driver proxy active, passing request on via HTTP proxy
[38;5;48m[AndroidUiautomator2Driver@c0e6 (04fb1899)][0m Replacing sessionId d92d345f-129f-468b-aa85-5241dac485e0 with 04fb1899-4e5b-47b2-b00b-019762cc1459
[38;5;0m[HTTP][0m <-- GET /wd/hub/session/04fb1899-4e5b-47b2-b00b-019762cc1459/element/00000000-0000-00a4-ffff-ffff00000178/location 200 14 ms - 77
[38;5;0m[HTTP][0m 
[38;5;0m[HTTP][0m [37m-->[39m [37mPOST[39m [37m/wd/hub/session/04fb1899-4e5b-47b2-b00b-019762cc1459/element/00000000-0000-00a4-ffff-ffff00000178/clear[39m
[38;5;0m[HTTP][0m {"id":"00000000-0000-00a4-ffff-ffff00000178"}
[38;5;0m[HTTP][0m <-- POST /wd/hub/session/04fb1899-4e5b-47b2-b00b-019762cc1459/element/00000000-0000-00a4-ffff-ffff00000178/clear 200 16 ms - 14
[38;5;0m[HTTP][0m 
[38;5;0m[HTTP][0m [37m-->[39m [37mPOST[39m [37m/wd/hub/session/04fb1899-4e5b-47b2-b00b-019762cc1459/element/00000000-0000-00a4-ffff-ffff00000178/click[39m
[38;5;0m[HTTP][0m {"id":"00000000-0000-00a4-ffff-ffff00000178"}
[38;5;0m[HTTP][0m <-- POST /wd/hub/session/04fb1899-4e5b-47b2-b00b-019762cc1459/element/00000000-0000-00a4-ffff-ffff00000178/click 200 573 ms - 14
[38;5;0m[HTTP][0m 
[38;5;0m[HTTP][0m [37m-->[39m [37mPOST[39m [37m/wd/hub/session/04fb1899-4e5b-47b2-b00b-019762cc1459/element/00000000-0000-00a4-ffff-ffff00000178/value[39m
[38;5;0m[HTTP][0m {"id":"00000000-0000-00a4-ffff-ffff00000178","text":"test","value":["t","e","s","t"]}
[38;5;0m[HTTP][0m <-- POST /wd/hub/session/04fb1899-4e5b-47b2-b00b-019762cc1459/element/00000000-0000-00a4-ffff-ffff00000178/value 200 1393 ms - 14
[38;5;0m[HTTP][0m 
[38;5;0m[HTTP][0m [37m-->[39m [37mGET[39m [37m/wd/hub/session/04fb1899-4e5b-47b2-b00b-019762cc1459/source[39m
[38;5;0m[HTTP][0m {}
[38;5;48m[AndroidUiautomator2Driver@c0e6 (04fb1899)][0m Driver proxy active, passing request on via HTTP proxy
[38;5;48m[AndroidUiautomator2Driver@c0e6 (04fb1899)][0m Replacing sessionId d92d345f-129f-468b-aa85-5241dac485e0 with 04fb1899-4e5b-47b2-b00b-019762cc1459
[38;5;0m[HTTP][0m <-- GET /wd/hub/session/04fb1899-4e5b-47b2-b00b-019762cc1459/source 200 163 ms - 13258
[38;5;0m[HTTP][0m 
[38;5;0m[HTTP][0m [37m-->[39m [37mGET[39m [37m/wd/hub/session/04fb1899-4e5b-47b2-b00b-019762cc1459/screenshot[39m
[38;5;0m[HTTP][0m {}
[38;5;0m[HTTP][0m <-- GET /wd/hub/session/04fb1899-4e5b-47b2-b00b-019762cc1459/screenshot 200 209 ms - 195852
[38;5;0m[HTTP][0m 
[38;5;0m[HTTP][0m [37m-->[39m [37mGET[39m [37m/wd/hub/session/04fb1899-4e5b-47b2-b00b-019762cc1459/context[39m
[38;5;0m[HTTP][0m {}
[38;5;0m[HTTP][0m <-- GET /wd/hub/session/04fb1899-4e5b-47b2-b00b-019762cc1459/context 200 4 ms - 22
[38;5;0m[HTTP][0m 
[38;5;0m[HTTP][0m [37m-->[39m [37mGET[39m [37m/wd/hub/session/04fb1899-4e5b-47b2-b00b-019762cc1459/contexts[39m
[38;5;0m[HTTP][0m {}
[38;5;0m[HTTP][0m <-- GET /wd/hub/session/04fb1899-4e5b-47b2-b00b-019762cc1459/contexts 200 363 ms - 58
[38;5;0m[HTTP][0m 
[38;5;0m[HTTP][0m [37m-->[39m [37mPOST[39m [37m/wd/hub/session/04fb1899-4e5b-47b2-b00b-019762cc1459/context[39m
[38;5;0m[HTTP][0m {"name":"NATIVE_APP"}
[38;5;0m[HTTP][0m <-- POST /wd/hub/session/04fb1899-4e5b-47b2-b00b-019762cc1459/context 200 0 ms - 14
[38;5;0m[HTTP][0m 
[38;5;0m[HTTP][0m [37m-->[39m [37mPOST[39m [37m/wd/hub/session/04fb1899-4e5b-47b2-b00b-019762cc1459/appium/device/hide_keyboard[39m
[38;5;0m[HTTP][0m {}
[38;5;0m[HTTP][0m <-- POST /wd/hub/session/04fb1899-4e5b-47b2-b00b-019762cc1459/appium/device/hide_keyboard 200 514 ms - 14
[38;5;0m[HTTP][0m 
[38;5;0m[HTTP][0m [37m-->[39m [37mPOST[39m [37m/wd/hub/session/04fb1899-4e5b-47b2-b00b-019762cc1459/context[39m
[38;5;0m[HTTP][0m {"name":"NATIVE_APP"}
[38;5;0m[HTTP][0m <-- POST /wd/hub/session/04fb1899-4e5b-47b2-b00b-019762cc1459/context 200 0 ms - 14
[38;5;0m[HTTP][0m 
[38;5;0m[HTTP][0m [37m-->[39m [37mGET[39m [37m/wd/hub/session/04fb1899-4e5b-47b2-b00b-019762cc1459/source[39m
[38;5;0m[HTTP][0m {}
[38;5;48m[AndroidUiautomator2Driver@c0e6 (04fb1899)][0m Driver proxy active, passing request on via HTTP proxy
[38;5;48m[AndroidUiautomator2Driver@c0e6 (04fb1899)][0m Replacing sessionId d92d345f-129f-468b-aa85-5241dac485e0 with 04fb1899-4e5b-47b2-b00b-019762cc1459
[38;5;0m[HTTP][0m <-- GET /wd/hub/session/04fb1899-4e5b-47b2-b00b-019762cc1459/source 200 82 ms - 17913
[38;5;0m[HTTP][0m 
[38;5;0m[HTTP][0m [37m-->[39m [37mGET[39m [37m/wd/hub/session/04fb1899-4e5b-47b2-b00b-019762cc1459/screenshot[39m
[38;5;0m[HTTP][0m {}
[38;5;0m[HTTP][0m <-- GET /wd/hub/session/04fb1899-4e5b-47b2-b00b-019762cc1459/screenshot 200 200 ms - 178260
[38;5;0m[HTTP][0m 
[38;5;0m[HTTP][0m [37m-->[39m [37mGET[39m [37m/wd/hub/session/04fb1899-4e5b-47b2-b00b-019762cc1459/source[39m
[38;5;0m[HTTP][0m {}
[38;5;48m[AndroidUiautomator2Driver@c0e6 (04fb1899)][0m Driver proxy active, passing request on via HTTP proxy
[38;5;48m[AndroidUiautomator2Driver@c0e6 (04fb1899)][0m Replacing sessionId d92d345f-129f-468b-aa85-5241dac485e0 with 04fb1899-4e5b-47b2-b00b-019762cc1459
[38;5;0m[HTTP][0m <-- GET /wd/hub/session/04fb1899-4e5b-47b2-b00b-019762cc1459/source 200 100 ms - 17913
[38;5;0m[HTTP][0m 
[38;5;0m[HTTP][0m [37m-->[39m [37mGET[39m [37m/wd/hub/session/04fb1899-4e5b-47b2-b00b-019762cc1459/screenshot[39m
[38;5;0m[HTTP][0m {}
[38;5;0m[HTTP][0m <-- GET /wd/hub/session/04fb1899-4e5b-47b2-b00b-019762cc1459/screenshot 200 181 ms - 178260
[38;5;0m[HTTP][0m 
[38;5;0m[HTTP][0m [37m-->[39m [37mGET[39m [37m/wd/hub/session/04fb1899-4e5b-47b2-b00b-019762cc1459/window/rect[39m
[38;5;0m[HTTP][0m {}
[38;5;0m[HTTP][0m <-- GET /wd/hub/session/04fb1899-4e5b-47b2-b00b-019762cc1459/window/rect 200 22 ms - 50
[38;5;0m[HTTP][0m 
[38;5;0m[HTTP][0m [37m-->[39m [37mPOST[39m [37m/wd/hub/session/04fb1899-4e5b-47b2-b00b-019762cc1459/elements[39m
[38;5;0m[HTTP][0m {"using":"xpath","value":"//*[@class = 'android.widget.Button' and (@text = 'ADD TO CART' or . = 'ADD TO CART') and @resource-id = 'com.solodroid.solomerce:id/btn_add_cart']"}
[38;5;0m[HTTP][0m <-- POST /wd/hub/session/04fb1899-4e5b-47b2-b00b-019762cc1459/elements 200 60092 ms - 12
[38;5;0m[HTTP][0m 
[38;5;0m[HTTP][0m [37m-->[39m [37mPOST[39m [37m/wd/hub/session/04fb1899-4e5b-47b2-b00b-019762cc1459/elements[39m
[38;5;0m[HTTP][0m {"using":"xpath","value":"//*[@class = 'android.widget.FrameLayout' and (@text = '' or . = '')]"}
[38;5;0m[HTTP][0m <-- POST /wd/hub/session/04fb1899-4e5b-47b2-b00b-019762cc1459/elements 200 88 ms - 1419
[38;5;0m[HTTP][0m 
[38;5;0m[HTTP][0m [37m-->[39m [37mPOST[39m [37m/wd/hub/session/04fb1899-4e5b-47b2-b00b-019762cc1459/elements[39m
[38;5;0m[HTTP][0m {"using":"-android uiautomator","value":"new UiSelector().className(\"android.widget.FrameLayout\")"}
[38;5;0m[HTTP][0m <-- POST /wd/hub/session/04fb1899-4e5b-47b2-b00b-019762cc1459/elements 200 64 ms - 1419
[38;5;0m[HTTP][0m 
[38;5;0m[HTTP][0m [37m-->[39m [37mGET[39m [37m/wd/hub/session/04fb1899-4e5b-47b2-b00b-019762cc1459/window/rect[39m
[38;5;0m[HTTP][0m {}
[38;5;0m[HTTP][0m <-- GET /wd/hub/session/04fb1899-4e5b-47b2-b00b-019762cc1459/window/rect 200 5 ms - 50
[38;5;0m[HTTP][0m 
[38;5;0m[HTTP][0m [37m-->[39m [37mPOST[39m [37m/wd/hub/session/04fb1899-4e5b-47b2-b00b-019762cc1459/elements[39m
[38;5;0m[HTTP][0m {"using":"xpath","value":"//hierarchy/android.widget.FrameLayout[1]/android.widget.LinearLayout[1]/android.widget.FrameLayout[1]/android.widget.LinearLayout[1]/android.widget.FrameLayout[1]/android.widget.RelativeLayout[1]/android.widget.RelativeLayout[1]/android.widget.FrameLayout[1]"}
[38;5;0m[HTTP][0m <-- POST /wd/hub/session/04fb1899-4e5b-47b2-b00b-019762cc1459/elements 200 47 ms - 139
[38;5;0m[HTTP][0m 
[38;5;0m[HTTP][0m [37m-->[39m [37mGET[39m [37m/wd/hub/session/04fb1899-4e5b-47b2-b00b-019762cc1459/element/00000000-0000-00a4-ffff-ffff000001b4/location[39m
[38;5;0m[HTTP][0m {}
[38;5;48m[AndroidUiautomator2Driver@c0e6 (04fb1899)][0m Driver proxy active, passing request on via HTTP proxy
[38;5;48m[AndroidUiautomator2Driver@c0e6 (04fb1899)][0m Replacing sessionId d92d345f-129f-468b-aa85-5241dac485e0 with 04fb1899-4e5b-47b2-b00b-019762cc1459
[38;5;0m[HTTP][0m <-- GET /wd/hub/session/04fb1899-4e5b-47b2-b00b-019762cc1459/element/00000000-0000-00a4-ffff-ffff000001b4/location 200 6 ms - 77
[38;5;0m[HTTP][0m 
[38;5;0m[HTTP][0m [37m-->[39m [37mPOST[39m [37m/wd/hub/session/04fb1899-4e5b-47b2-b00b-019762cc1459/element/00000000-0000-00a4-ffff-ffff000001b4/click[39m
[38;5;0m[HTTP][0m {"id":"00000000-0000-00a4-ffff-ffff000001b4"}
[38;5;0m[HTTP][0m <-- POST /wd/hub/session/04fb1899-4e5b-47b2-b00b-019762cc1459/element/00000000-0000-00a4-ffff-ffff000001b4/click 200 54 ms - 14
[38;5;0m[HTTP][0m 
[38;5;0m[HTTP][0m [37m-->[39m [37mGET[39m [37m/wd/hub/session/04fb1899-4e5b-47b2-b00b-019762cc1459/source[39m
[38;5;0m[HTTP][0m {}
[38;5;48m[AndroidUiautomator2Driver@c0e6 (04fb1899)][0m Driver proxy active, passing request on via HTTP proxy
[38;5;48m[AndroidUiautomator2Driver@c0e6 (04fb1899)][0m Replacing sessionId d92d345f-129f-468b-aa85-5241dac485e0 with 04fb1899-4e5b-47b2-b00b-019762cc1459
[38;5;0m[HTTP][0m <-- GET /wd/hub/session/04fb1899-4e5b-47b2-b00b-019762cc1459/source 200 812 ms - 7329
[38;5;0m[HTTP][0m 
[38;5;0m[HTTP][0m [37m-->[39m [37mGET[39m [37m/wd/hub/session/04fb1899-4e5b-47b2-b00b-019762cc1459/screenshot[39m
[38;5;0m[HTTP][0m {}
[38;5;0m[HTTP][0m <-- GET /wd/hub/session/04fb1899-4e5b-47b2-b00b-019762cc1459/screenshot 200 258 ms - 180084
[38;5;0m[HTTP][0m 
[38;5;0m[HTTP][0m [37m-->[39m [37mGET[39m [37m/wd/hub/session/04fb1899-4e5b-47b2-b00b-019762cc1459/source[39m
[38;5;0m[HTTP][0m {}
[38;5;48m[AndroidUiautomator2Driver@c0e6 (04fb1899)][0m Driver proxy active, passing request on via HTTP proxy
[38;5;48m[AndroidUiautomator2Driver@c0e6 (04fb1899)][0m Replacing sessionId d92d345f-129f-468b-aa85-5241dac485e0 with 04fb1899-4e5b-47b2-b00b-019762cc1459
[38;5;0m[HTTP][0m <-- GET /wd/hub/session/04fb1899-4e5b-47b2-b00b-019762cc1459/source 200 62 ms - 7329
[38;5;0m[HTTP][0m 
[38;5;0m[HTTP][0m [37m-->[39m [37mGET[39m [37m/wd/hub/session/04fb1899-4e5b-47b2-b00b-019762cc1459/screenshot[39m
[38;5;0m[HTTP][0m {}
[38;5;0m[HTTP][0m <-- GET /wd/hub/session/04fb1899-4e5b-47b2-b00b-019762cc1459/screenshot 200 168 ms - 180084
[38;5;0m[HTTP][0m 
[38;5;0m[HTTP][0m [37m-->[39m [37mPOST[39m [37m/wd/hub/session/04fb1899-4e5b-47b2-b00b-019762cc1459/elements[39m
[38;5;0m[HTTP][0m {"using":"xpath","value":"//*[@class = 'android.widget.Button' and (@text = 'NO' or . = 'NO') and @resource-id = 'android:id/button2']"}
[38;5;0m[HTTP][0m <-- POST /wd/hub/session/04fb1899-4e5b-47b2-b00b-019762cc1459/elements 200 90 ms - 139
[38;5;0m[HTTP][0m 
[38;5;0m[HTTP][0m [37m-->[39m [37mGET[39m [37m/wd/hub/session/04fb1899-4e5b-47b2-b00b-019762cc1459/window/rect[39m
[38;5;0m[HTTP][0m {}
[38;5;0m[HTTP][0m <-- GET /wd/hub/session/04fb1899-4e5b-47b2-b00b-019762cc1459/window/rect 200 6 ms - 50
[38;5;0m[HTTP][0m 
[38;5;0m[HTTP][0m [37m-->[39m [37mPOST[39m [37m/wd/hub/session/04fb1899-4e5b-47b2-b00b-019762cc1459/elements[39m
[38;5;0m[HTTP][0m {"using":"xpath","value":"//*[@class = 'android.widget.Button' and (@text = 'NO' or . = 'NO') and @resource-id = 'android:id/button2']"}
[38;5;0m[HTTP][0m <-- POST /wd/hub/session/04fb1899-4e5b-47b2-b00b-019762cc1459/elements 200 37 ms - 139
[38;5;0m[HTTP][0m 
[38;5;0m[HTTP][0m [37m-->[39m [37mGET[39m [37m/wd/hub/session/04fb1899-4e5b-47b2-b00b-019762cc1459/element/00000000-0000-00a8-ffff-ffff000001d3/location[39m
[38;5;0m[HTTP][0m {}
[38;5;48m[AndroidUiautomator2Driver@c0e6 (04fb1899)][0m Driver proxy active, passing request on via HTTP proxy
[38;5;48m[AndroidUiautomator2Driver@c0e6 (04fb1899)][0m Replacing sessionId d92d345f-129f-468b-aa85-5241dac485e0 with 04fb1899-4e5b-47b2-b00b-019762cc1459
[38;5;0m[HTTP][0m <-- GET /wd/hub/session/04fb1899-4e5b-47b2-b00b-019762cc1459/element/00000000-0000-00a8-ffff-ffff000001d3/location 200 6 ms - 79
[38;5;0m[HTTP][0m 
[38;5;0m[HTTP][0m [37m-->[39m [37mPOST[39m [37m/wd/hub/session/04fb1899-4e5b-47b2-b00b-019762cc1459/element/00000000-0000-00a8-ffff-ffff000001d3/click[39m
[38;5;0m[HTTP][0m {"id":"00000000-0000-00a8-ffff-ffff000001d3"}
[38;5;0m[HTTP][0m <-- POST /wd/hub/session/04fb1899-4e5b-47b2-b00b-019762cc1459/element/00000000-0000-00a8-ffff-ffff000001d3/click 200 691 ms - 14
[38;5;0m[HTTP][0m 
[38;5;0m[HTTP][0m [37m-->[39m [37mGET[39m [37m/wd/hub/session/04fb1899-4e5b-47b2-b00b-019762cc1459/source[39m
[38;5;0m[HTTP][0m {}
[38;5;48m[AndroidUiautomator2Driver@c0e6 (04fb1899)][0m Driver proxy active, passing request on via HTTP proxy
[38;5;48m[AndroidUiautomator2Driver@c0e6 (04fb1899)][0m Replacing sessionId d92d345f-129f-468b-aa85-5241dac485e0 with 04fb1899-4e5b-47b2-b00b-019762cc1459
[38;5;0m[HTTP][0m <-- GET /wd/hub/session/04fb1899-4e5b-47b2-b00b-019762cc1459/source 200 58 ms - 17913
[38;5;0m[HTTP][0m 
[38;5;0m[HTTP][0m [37m-->[39m [37mGET[39m [37m/wd/hub/session/04fb1899-4e5b-47b2-b00b-019762cc1459/screenshot[39m
[38;5;0m[HTTP][0m {}
[38;5;0m[HTTP][0m <-- GET /wd/hub/session/04fb1899-4e5b-47b2-b00b-019762cc1459/screenshot 200 258 ms - 177224
[38;5;0m[HTTP][0m 
[38;5;0m[HTTP][0m [37m-->[39m [37mGET[39m [37m/wd/hub/session/04fb1899-4e5b-47b2-b00b-019762cc1459/source[39m
[38;5;0m[HTTP][0m {}
[38;5;48m[AndroidUiautomator2Driver@c0e6 (04fb1899)][0m Driver proxy active, passing request on via HTTP proxy
[38;5;48m[AndroidUiautomator2Driver@c0e6 (04fb1899)][0m Replacing sessionId d92d345f-129f-468b-aa85-5241dac485e0 with 04fb1899-4e5b-47b2-b00b-019762cc1459
[38;5;0m[HTTP][0m <-- GET /wd/hub/session/04fb1899-4e5b-47b2-b00b-019762cc1459/source 200 75 ms - 17913
[38;5;0m[HTTP][0m 
[38;5;0m[HTTP][0m [37m-->[39m [37mGET[39m [37m/wd/hub/session/04fb1899-4e5b-47b2-b00b-019762cc1459/screenshot[39m
[38;5;0m[HTTP][0m {}
[38;5;0m[HTTP][0m <-- GET /wd/hub/session/04fb1899-4e5b-47b2-b00b-019762cc1459/screenshot 200 148 ms - 177220
[38;5;0m[HTTP][0m 
[38;5;0m[HTTP][0m [37m-->[39m [37mDELETE[39m [37m/wd/hub/session/04fb1899-4e5b-47b2-b00b-019762cc1459[39m
[38;5;0m[HTTP][0m {}
[38;5;16m[AppiumDriver@88a0][0m Removing session 04fb1899-4e5b-47b2-b00b-019762cc1459 from our master session list
[38;5;48m[AndroidUiautomator2Driver@c0e6 (04fb1899)][0m Restoring hidden api policy to the device default configuration
[38;5;0m[HTTP][0m <-- DELETE /wd/hub/session/04fb1899-4e5b-47b2-b00b-019762cc1459 200 256 ms - 14
[38;5;0m[HTTP][0m 
[Appium] Received SIGTERM - shutting down
[38;5;0m[HTTP][0m Waiting until the server is closed
[38;5;0m[HTTP][0m Received server close event
