[35m[Appium][39m Welcome to Appium v2.5.0
[35m[Appium][39m Non-default server args:
[35m[Appium][39m { basePath: [32m'/wd/hub'[39m, loglevel: [32m'info'[39m, port: [33m53341[39m }
[35m[Appium][39m Attempting to load driver uiautomator2...
[Appium] Appium REST http interface listener started on http://0.0.0.0:53341/wd/hub
[Appium] You can provide the following URLs in your client code to connect to this server:
[Appium] 	http://127.0.0.1:53341/wd/hub (only accessible from the same host)
[Appium] 	http://172.16.213.176:53341/wd/hub
[Appium] Available drivers:
[Appium]   - uiautomator2@3.0.0 (automationName 'UiAutomator2')
[Appium] No plugins have been installed. Use the "appium plugin" command to install the one(s) you want to use.
[38;5;0m[HTTP][0m [37m-->[39m [37mGET[39m [37m/wd/hub/status[39m
[38;5;0m[HTTP][0m {}
[38;5;0m[HTTP][0m <-- GET /wd/hub/status 200 7 ms - 110
[38;5;0m[HTTP][0m 
[38;5;0m[HTTP][0m [37m-->[39m [37mPOST[39m [37m/wd/hub/session[39m
[38;5;0m[HTTP][0m {"desiredCapabilities":{"appium:systemPort":53340,"appium:newCommandTimeout":1800,"appium:automationName":"uiautomator2","appium:fullReset":true,"appium:platformVersion":"14","appium:noReset":false,"appium:udid":"emulator-5554","appium:autoGrantPermissions":true,"appium:platformName":"ANDROID","appium:deviceName":"emulator-5554 (sdk_gphone64_arm64 - Android 14)","platformName":"Android","appium:app":"/Users/admin/Downloads/Solodroid_E-CommerceApp Demo_3.2.0.apk"},"capabilities":{"firstMatch":[{"appium:app":"/Users/admin/Downloads/Solodroid_E-CommerceApp Demo_3.2.0.apk","appium:autoGrantPermissions":true,"appium:automationName":"uiautomator2","appium:deviceName":"emulator-5554 (sdk_gphone64_arm64 - Android 14)","appium:fullReset":true,"appium:newCommandTimeout":1800,"appium:noReset":false,"appium:platformName":"ANDROID","appium:platformVersion":"14","appium:systemPort":53340,"appium:udid":"emulator-5554","platformName":"android"}]}}
[38;5;32m[BaseDriver][0m Ignoring capability 'appium:platformName=ANDROID' and using capability 'platformName=android'
[38;5;32m[BaseDriver][0m The capabilities ["platformName"] are standard capabilities and do not require "appium:" prefix
[Appium] Attempting to find matching driver for automationName 'uiautomator2' and platformName 'android'
[Appium] The 'uiautomator2' driver was installed and matched caps.
[Appium] Will require it at /Users/admin/.appium/node_modules/appium-uiautomator2-driver
[38;5;16m[AppiumDriver@8f43][0m Appium v2.5.0 creating new AndroidUiautomator2Driver (v3.0.0) session
[38;5;16m[AppiumDriver@8f43][0m Checking BaseDriver versions for Appium and AndroidUiautomator2Driver
[38;5;16m[AppiumDriver@8f43][0m Appium's BaseDriver version is 9.5.1
[38;5;16m[AppiumDriver@8f43][0m AndroidUiautomator2Driver's BaseDriver version is 9.5.1
[38;5;48m[AndroidUiautomator2Driver@8312 (9b96a812)][0m Session created with session id: 9b96a812-5aa5-4392-93f9-b5dbf676b882
[38;5;64m[ADB][0m Found 1 'build-tools' folders under '/Users/admin/.katalon/tools/android_sdk' (newest first):
[38;5;64m[ADB][0m     /Users/admin/.katalon/tools/android_sdk/build-tools/29.0.3
[38;5;64m[ADB][0m Using 'adb' from '/Users/admin/.katalon/tools/android_sdk/platform-tools/adb'
[38;5;48m[AndroidUiautomator2Driver@8312 (9b96a812)][0m Retrieving device list
[38;5;48m[AndroidUiautomator2Driver@8312 (9b96a812)][0m Using device: emulator-5554
[38;5;64m[ADB][0m Using 'adb' from '/Users/admin/.katalon/tools/android_sdk/platform-tools/adb'
[38;5;32m[BaseDriver][0m Using local app '/Users/admin/Downloads/Solodroid_E-CommerceApp Demo_3.2.0.apk'
[38;5;64m[ADB][0m Getting device platform version
[38;5;48m[AndroidUiautomator2Driver@8312 (9b96a812)][0m Relaxing hidden api policy
[38;5;64m[ADB][0m Package name: 'com.solodroid.solomerce'
[38;5;64m[ADB][0m Main activity name: 'com.solodroid.solomerce.activities.ActivitySplash'
[38;5;64m[ADB][0m Using 'apksigner.jar' from '/Users/admin/.katalon/tools/android_sdk/build-tools/29.0.3/lib/apksigner.jar'
[38;5;64m[ADB][0m '/Users/admin/.appium/node_modules/appium-uiautomator2-driver/node_modules/appium-uiautomator2-server/apks/appium-uiautomator2-server-debug-androidTest.apk' is signed with the default certificate
[38;5;64m[ADB][0m '/Users/admin/Downloads/Solodroid_E-CommerceApp Demo_3.2.0.apk' is signed with a non-default certificate
[38;5;64m[ADB][0m com.solodroid.solomerce was not uninstalled, because it was not present on the device
[38;5;64m[ADB][0m '/Users/admin/.appium/node_modules/appium-uiautomator2-driver/node_modules/appium-uiautomator2-server/apks/appium-uiautomator2-server-v7.0.0.apk' is signed with the default certificate
[38;5;64m[ADB][0m The application at '/Users/admin/Downloads/Solodroid_E-CommerceApp Demo_3.2.0.apk' will not be cached, because the device under test has confirmed the support of streamed installs
[38;5;48m[AndroidUiautomator2Driver@8312 (9b96a812)][0m Server packages are not going to be (re)installed
[38;5;64m[ADB][0m Adding packages ["io.appium.settings","io.appium.uiautomator2.server","io.appium.uiautomator2.server.test"] to Doze whitelist
[38;5;64m[ADB][0m The installation of 'Solodroid_E-CommerceApp Demo_3.2.0.apk' took 1058ms
[38;5;48m[AndroidUiautomator2Driver@8312 (9b96a812)][0m Starting UIAutomator2 server 7.0.0
[38;5;48m[AndroidUiautomator2Driver@8312 (9b96a812)][0m Using UIAutomator2 server from '/Users/admin/.appium/node_modules/appium-uiautomator2-driver/node_modules/appium-uiautomator2-server/apks/appium-uiautomator2-server-v7.0.0.apk' and test from '/Users/admin/.appium/node_modules/appium-uiautomator2-driver/node_modules/appium-uiautomator2-server/apks/appium-uiautomator2-server-debug-androidTest.apk'
[38;5;48m[AndroidUiautomator2Driver@8312 (9b96a812)][0m Waiting up to 30000ms for UiAutomator2 to be online...
[38;5;48m[AndroidUiautomator2Driver@8312 (9b96a812)][0m socket hang up
[38;5;48m[AndroidUiautomator2Driver@8312 (9b96a812)][0m socket hang up
[38;5;48m[AndroidUiautomator2Driver@8312 (9b96a812)][0m socket hang up
[38;5;48m[AndroidUiautomator2Driver@8312 (9b96a812)][0m Determined the downstream protocol as 'W3C'
[38;5;48m[AndroidUiautomator2Driver@8312 (9b96a812)][0m Screen already unlocked, doing nothing
[38;5;48m[AndroidUiautomator2Driver@8312 (9b96a812)][0m Starting 'com.solodroid.solomerce/com.solodroid.solomerce.activities.ActivitySplash and waiting for 'com.solodroid.solomerce/com.solodroid.solomerce.activities.ActivitySplash'
[38;5;16m[AppiumDriver@8f43][0m New AndroidUiautomator2Driver session created successfully, session 9b96a812-5aa5-4392-93f9-b5dbf676b882 added to master session list
[38;5;0m[HTTP][0m <-- POST /wd/hub/session 200 7420 ms - 1244
[38;5;0m[HTTP][0m 
[38;5;0m[HTTP][0m [37m-->[39m [37mGET[39m [37m/wd/hub/session/9b96a812-5aa5-4392-93f9-b5dbf676b882[39m
[38;5;0m[HTTP][0m {}
[38;5;0m[HTTP][0m <-- GET /wd/hub/session/9b96a812-5aa5-4392-93f9-b5dbf676b882 200 19 ms - 374
[38;5;0m[HTTP][0m 
[38;5;0m[HTTP][0m [37m-->[39m [37mGET[39m [37m/wd/hub/session/9b96a812-5aa5-4392-93f9-b5dbf676b882[39m
[38;5;0m[HTTP][0m {}
[38;5;0m[HTTP][0m <-- GET /wd/hub/session/9b96a812-5aa5-4392-93f9-b5dbf676b882 200 5 ms - 374
[38;5;0m[HTTP][0m 
[38;5;0m[HTTP][0m [37m-->[39m [37mGET[39m [37m/wd/hub/status[39m
[38;5;0m[HTTP][0m {}
[38;5;0m[HTTP][0m <-- GET /wd/hub/status 200 1 ms - 110
[38;5;0m[HTTP][0m 
[38;5;0m[HTTP][0m [37m-->[39m [37mPOST[39m [37m/wd/hub/session/9b96a812-5aa5-4392-93f9-b5dbf676b882/timeouts[39m
[38;5;0m[HTTP][0m {"implicit":30000}
[38;5;0m[HTTP][0m <-- POST /wd/hub/session/9b96a812-5aa5-4392-93f9-b5dbf676b882/timeouts 200 2 ms - 14
[38;5;0m[HTTP][0m 
[38;5;0m[HTTP][0m [37m-->[39m [37mGET[39m [37m/wd/hub/session/9b96a812-5aa5-4392-93f9-b5dbf676b882/appium/device/system_bars[39m
[38;5;0m[HTTP][0m {}
[38;5;0m[HTTP][0m <-- GET /wd/hub/session/9b96a812-5aa5-4392-93f9-b5dbf676b882/appium/device/system_bars 200 178 ms - 151
[38;5;0m[HTTP][0m 
[38;5;0m[HTTP][0m [37m-->[39m [37mPOST[39m [37m/wd/hub/session/9b96a812-5aa5-4392-93f9-b5dbf676b882/timeouts[39m
[38;5;0m[HTTP][0m {"implicit":50}
[38;5;0m[HTTP][0m <-- POST /wd/hub/session/9b96a812-5aa5-4392-93f9-b5dbf676b882/timeouts 200 1 ms - 14
[38;5;0m[HTTP][0m 
[38;5;0m[HTTP][0m [37m-->[39m [37mGET[39m [37m/wd/hub/session/9b96a812-5aa5-4392-93f9-b5dbf676b882/window/rect[39m
[38;5;0m[HTTP][0m {}
[38;5;0m[HTTP][0m <-- GET /wd/hub/session/9b96a812-5aa5-4392-93f9-b5dbf676b882/window/rect 200 20 ms - 50
[38;5;0m[HTTP][0m 
[38;5;0m[HTTP][0m [37m-->[39m [37mPOST[39m [37m/wd/hub/session/9b96a812-5aa5-4392-93f9-b5dbf676b882/elements[39m
[38;5;0m[HTTP][0m {"using":"xpath","value":"//*[@class = 'android.widget.ImageButton' and @resource-id = 'com.solodroid.solomerce:id/btn_add_cart' and (@text = '' or . = '')]"}
[38;5;0m[HTTP][0m <-- POST /wd/hub/session/9b96a812-5aa5-4392-93f9-b5dbf676b882/elements 200 1245 ms - 12
[38;5;0m[HTTP][0m 
[38;5;0m[HTTP][0m [37m-->[39m [37mPOST[39m [37m/wd/hub/session/9b96a812-5aa5-4392-93f9-b5dbf676b882/elements[39m
[38;5;0m[HTTP][0m {"using":"xpath","value":"//*[@class = 'android.widget.ImageButton' and @resource-id = 'com.solodroid.solomerce:id/btn_add_cart' and (@text = '' or . = '')]"}
[38;5;0m[HTTP][0m <-- POST /wd/hub/session/9b96a812-5aa5-4392-93f9-b5dbf676b882/elements 200 330 ms - 12
[38;5;0m[HTTP][0m 
[38;5;0m[HTTP][0m [37m-->[39m [37mPOST[39m [37m/wd/hub/session/9b96a812-5aa5-4392-93f9-b5dbf676b882/elements[39m
[38;5;0m[HTTP][0m {"using":"xpath","value":"//*[@class = 'android.widget.ImageButton' and @resource-id = 'com.solodroid.solomerce:id/btn_add_cart' and (@text = '' or . = '')]"}
[38;5;0m[HTTP][0m <-- POST /wd/hub/session/9b96a812-5aa5-4392-93f9-b5dbf676b882/elements 200 2839 ms - 139
[38;5;0m[HTTP][0m 
[38;5;0m[HTTP][0m [37m-->[39m [37mGET[39m [37m/wd/hub/session/9b96a812-5aa5-4392-93f9-b5dbf676b882/element/00000000-0000-0110-ffff-ffff00000017/location[39m
[38;5;0m[HTTP][0m {}
[38;5;48m[AndroidUiautomator2Driver@8312 (9b96a812)][0m Driver proxy active, passing request on via HTTP proxy
[38;5;48m[AndroidUiautomator2Driver@8312 (9b96a812)][0m Replacing sessionId 40c24524-4895-4424-a9a2-ec3622a74daa with 9b96a812-5aa5-4392-93f9-b5dbf676b882
[38;5;0m[HTTP][0m <-- GET /wd/hub/session/9b96a812-5aa5-4392-93f9-b5dbf676b882/element/00000000-0000-0110-ffff-ffff00000017/location 200 15 ms - 77
[38;5;0m[HTTP][0m 
[38;5;0m[HTTP][0m [37m-->[39m [37mPOST[39m [37m/wd/hub/session/9b96a812-5aa5-4392-93f9-b5dbf676b882/timeouts[39m
[38;5;0m[HTTP][0m {"implicit":30000}
[38;5;0m[HTTP][0m <-- POST /wd/hub/session/9b96a812-5aa5-4392-93f9-b5dbf676b882/timeouts 200 1 ms - 14
[38;5;0m[HTTP][0m 
[38;5;0m[HTTP][0m [37m-->[39m [37mPOST[39m [37m/wd/hub/session/9b96a812-5aa5-4392-93f9-b5dbf676b882/element/00000000-0000-0110-ffff-ffff00000017/click[39m
[38;5;0m[HTTP][0m {"id":"00000000-0000-0110-ffff-ffff00000017"}
[38;5;0m[HTTP][0m <-- POST /wd/hub/session/9b96a812-5aa5-4392-93f9-b5dbf676b882/element/00000000-0000-0110-ffff-ffff00000017/click 200 179 ms - 14
[38;5;0m[HTTP][0m 
[38;5;0m[HTTP][0m [37m-->[39m [37mPOST[39m [37m/wd/hub/session/9b96a812-5aa5-4392-93f9-b5dbf676b882/timeouts[39m
[38;5;0m[HTTP][0m {"implicit":50}
[38;5;0m[HTTP][0m <-- POST /wd/hub/session/9b96a812-5aa5-4392-93f9-b5dbf676b882/timeouts 200 1 ms - 14
[38;5;0m[HTTP][0m 
[38;5;0m[HTTP][0m [37m-->[39m [37mGET[39m [37m/wd/hub/session/9b96a812-5aa5-4392-93f9-b5dbf676b882/window/rect[39m
[38;5;0m[HTTP][0m {}
[38;5;0m[HTTP][0m <-- GET /wd/hub/session/9b96a812-5aa5-4392-93f9-b5dbf676b882/window/rect 200 21 ms - 50
[38;5;0m[HTTP][0m 
[38;5;0m[HTTP][0m [37m-->[39m [37mPOST[39m [37m/wd/hub/session/9b96a812-5aa5-4392-93f9-b5dbf676b882/elements[39m
[38;5;0m[HTTP][0m {"using":"xpath","value":"//*[@class = 'android.widget.ImageButton' and (@text = '' or . = '')]"}
[38;5;0m[HTTP][0m <-- POST /wd/hub/session/9b96a812-5aa5-4392-93f9-b5dbf676b882/elements 200 1331 ms - 139
[38;5;0m[HTTP][0m 
[38;5;0m[HTTP][0m [37m-->[39m [37mGET[39m [37m/wd/hub/session/9b96a812-5aa5-4392-93f9-b5dbf676b882/element/00000000-0000-0111-ffff-ffff000000c8/location[39m
[38;5;0m[HTTP][0m {}
[38;5;48m[AndroidUiautomator2Driver@8312 (9b96a812)][0m Driver proxy active, passing request on via HTTP proxy
[38;5;48m[AndroidUiautomator2Driver@8312 (9b96a812)][0m Replacing sessionId 40c24524-4895-4424-a9a2-ec3622a74daa with 9b96a812-5aa5-4392-93f9-b5dbf676b882
[38;5;0m[HTTP][0m <-- GET /wd/hub/session/9b96a812-5aa5-4392-93f9-b5dbf676b882/element/00000000-0000-0111-ffff-ffff000000c8/location 200 29 ms - 75
[38;5;0m[HTTP][0m 
[38;5;0m[HTTP][0m [37m-->[39m [37mPOST[39m [37m/wd/hub/session/9b96a812-5aa5-4392-93f9-b5dbf676b882/timeouts[39m
[38;5;0m[HTTP][0m {"implicit":30000}
[38;5;0m[HTTP][0m <-- POST /wd/hub/session/9b96a812-5aa5-4392-93f9-b5dbf676b882/timeouts 200 2 ms - 14
[38;5;0m[HTTP][0m 
[38;5;0m[HTTP][0m [37m-->[39m [37mPOST[39m [37m/wd/hub/session/9b96a812-5aa5-4392-93f9-b5dbf676b882/element/00000000-0000-0111-ffff-ffff000000c8/click[39m
[38;5;0m[HTTP][0m {"id":"00000000-0000-0111-ffff-ffff000000c8"}
[38;5;0m[HTTP][0m <-- POST /wd/hub/session/9b96a812-5aa5-4392-93f9-b5dbf676b882/element/00000000-0000-0111-ffff-ffff000000c8/click 200 123 ms - 14
[38;5;0m[HTTP][0m 
[38;5;0m[HTTP][0m [37m-->[39m [37mPOST[39m [37m/wd/hub/session/9b96a812-5aa5-4392-93f9-b5dbf676b882/timeouts[39m
[38;5;0m[HTTP][0m {"implicit":50}
[38;5;0m[HTTP][0m <-- POST /wd/hub/session/9b96a812-5aa5-4392-93f9-b5dbf676b882/timeouts 200 1 ms - 14
[38;5;0m[HTTP][0m 
[38;5;0m[HTTP][0m [37m-->[39m [37mGET[39m [37m/wd/hub/session/9b96a812-5aa5-4392-93f9-b5dbf676b882/window/rect[39m
[38;5;0m[HTTP][0m {}
[38;5;0m[HTTP][0m <-- GET /wd/hub/session/9b96a812-5aa5-4392-93f9-b5dbf676b882/window/rect 200 40 ms - 50
[38;5;0m[HTTP][0m 
[38;5;0m[HTTP][0m [37m-->[39m [37mPOST[39m [37m/wd/hub/session/9b96a812-5aa5-4392-93f9-b5dbf676b882/elements[39m
[38;5;0m[HTTP][0m {"using":"xpath","value":"//hierarchy/android.widget.FrameLayout[1]/android.widget.LinearLayout[1]/android.widget.FrameLayout[1]/android.widget.LinearLayout[1]/android.widget.FrameLayout[1]/android.widget.RelativeLayout[1]/android.view.ViewGroup[1]/androidx.viewpager.widget.ViewPager[1]/android.widget.LinearLayout[1]/android.view.ViewGroup[1]/androidx.recyclerview.widget.RecyclerView[1]/android.widget.FrameLayout[3]/android.widget.RelativeLayout[1]/android.view.ViewGroup[1]/android.widget.ImageView[1]"}
[38;5;0m[HTTP][0m <-- POST /wd/hub/session/9b96a812-5aa5-4392-93f9-b5dbf676b882/elements 200 1127 ms - 139
[38;5;0m[HTTP][0m 
[38;5;0m[HTTP][0m [37m-->[39m [37mGET[39m [37m/wd/hub/session/9b96a812-5aa5-4392-93f9-b5dbf676b882/element/00000000-0000-0110-ffff-ffff000000a6/location[39m
[38;5;0m[HTTP][0m {}
[38;5;48m[AndroidUiautomator2Driver@8312 (9b96a812)][0m Driver proxy active, passing request on via HTTP proxy
[38;5;48m[AndroidUiautomator2Driver@8312 (9b96a812)][0m Replacing sessionId 40c24524-4895-4424-a9a2-ec3622a74daa with 9b96a812-5aa5-4392-93f9-b5dbf676b882
[38;5;0m[HTTP][0m <-- GET /wd/hub/session/9b96a812-5aa5-4392-93f9-b5dbf676b882/element/00000000-0000-0110-ffff-ffff000000a6/location 200 12 ms - 78
[38;5;0m[HTTP][0m 
[38;5;0m[HTTP][0m [37m-->[39m [37mPOST[39m [37m/wd/hub/session/9b96a812-5aa5-4392-93f9-b5dbf676b882/timeouts[39m
[38;5;0m[HTTP][0m {"implicit":30000}
[38;5;0m[HTTP][0m <-- POST /wd/hub/session/9b96a812-5aa5-4392-93f9-b5dbf676b882/timeouts 200 1 ms - 14
[38;5;0m[HTTP][0m 
[38;5;0m[HTTP][0m [37m-->[39m [37mPOST[39m [37m/wd/hub/session/9b96a812-5aa5-4392-93f9-b5dbf676b882/element/00000000-0000-0110-ffff-ffff000000a6/click[39m
[38;5;0m[HTTP][0m {"id":"00000000-0000-0110-ffff-ffff000000a6"}
[38;5;0m[HTTP][0m <-- POST /wd/hub/session/9b96a812-5aa5-4392-93f9-b5dbf676b882/element/00000000-0000-0110-ffff-ffff000000a6/click 200 2132 ms - 14
[38;5;0m[HTTP][0m 
[38;5;0m[HTTP][0m [37m-->[39m [37mPOST[39m [37m/wd/hub/session/9b96a812-5aa5-4392-93f9-b5dbf676b882/timeouts[39m
[38;5;0m[HTTP][0m {"implicit":50}
[38;5;0m[HTTP][0m <-- POST /wd/hub/session/9b96a812-5aa5-4392-93f9-b5dbf676b882/timeouts 200 1 ms - 14
[38;5;0m[HTTP][0m 
[38;5;0m[HTTP][0m [37m-->[39m [37mGET[39m [37m/wd/hub/session/9b96a812-5aa5-4392-93f9-b5dbf676b882/window/rect[39m
[38;5;0m[HTTP][0m {}
[38;5;0m[HTTP][0m <-- GET /wd/hub/session/9b96a812-5aa5-4392-93f9-b5dbf676b882/window/rect 200 27 ms - 50
[38;5;0m[HTTP][0m 
[38;5;0m[HTTP][0m [37m-->[39m [37mPOST[39m [37m/wd/hub/session/9b96a812-5aa5-4392-93f9-b5dbf676b882/elements[39m
[38;5;0m[HTTP][0m {"using":"xpath","value":"//*[@class = 'android.widget.Button' and (@text = 'ADD TO CART' or . = 'ADD TO CART') and @resource-id = 'com.solodroid.solomerce:id/btn_add_cart']"}
[38;5;0m[HTTP][0m <-- POST /wd/hub/session/9b96a812-5aa5-4392-93f9-b5dbf676b882/elements 200 100 ms - 139
[38;5;0m[HTTP][0m 
[38;5;0m[HTTP][0m [37m-->[39m [37mGET[39m [37m/wd/hub/session/9b96a812-5aa5-4392-93f9-b5dbf676b882/element/00000000-0000-0112-ffff-ffff000000fa/location[39m
[38;5;0m[HTTP][0m {}
[38;5;48m[AndroidUiautomator2Driver@8312 (9b96a812)][0m Driver proxy active, passing request on via HTTP proxy
[38;5;48m[AndroidUiautomator2Driver@8312 (9b96a812)][0m Replacing sessionId 40c24524-4895-4424-a9a2-ec3622a74daa with 9b96a812-5aa5-4392-93f9-b5dbf676b882
[38;5;0m[HTTP][0m <-- GET /wd/hub/session/9b96a812-5aa5-4392-93f9-b5dbf676b882/element/00000000-0000-0112-ffff-ffff000000fa/location 200 477 ms - 77
[38;5;0m[HTTP][0m 
[38;5;0m[HTTP][0m [37m-->[39m [37mPOST[39m [37m/wd/hub/session/9b96a812-5aa5-4392-93f9-b5dbf676b882/timeouts[39m
[38;5;0m[HTTP][0m {"implicit":30000}
[38;5;0m[HTTP][0m <-- POST /wd/hub/session/9b96a812-5aa5-4392-93f9-b5dbf676b882/timeouts 200 2 ms - 14
[38;5;0m[HTTP][0m 
[38;5;0m[HTTP][0m [37m-->[39m [37mPOST[39m [37m/wd/hub/session/9b96a812-5aa5-4392-93f9-b5dbf676b882/element/00000000-0000-0112-ffff-ffff000000fa/click[39m
[38;5;0m[HTTP][0m {"id":"00000000-0000-0112-ffff-ffff000000fa"}
[38;5;0m[HTTP][0m <-- POST /wd/hub/session/9b96a812-5aa5-4392-93f9-b5dbf676b882/element/00000000-0000-0112-ffff-ffff000000fa/click 200 118 ms - 14
[38;5;0m[HTTP][0m 
[38;5;0m[HTTP][0m [37m-->[39m [37mPOST[39m [37m/wd/hub/session/9b96a812-5aa5-4392-93f9-b5dbf676b882/timeouts[39m
[38;5;0m[HTTP][0m {"implicit":50}
[38;5;0m[HTTP][0m <-- POST /wd/hub/session/9b96a812-5aa5-4392-93f9-b5dbf676b882/timeouts 200 3 ms - 14
[38;5;0m[HTTP][0m 
[38;5;0m[HTTP][0m [37m-->[39m [37mGET[39m [37m/wd/hub/session/9b96a812-5aa5-4392-93f9-b5dbf676b882/window/rect[39m
[38;5;0m[HTTP][0m {}
[38;5;0m[HTTP][0m <-- GET /wd/hub/session/9b96a812-5aa5-4392-93f9-b5dbf676b882/window/rect 200 34 ms - 50
[38;5;0m[HTTP][0m 
[38;5;0m[HTTP][0m [37m-->[39m [37mPOST[39m [37m/wd/hub/session/9b96a812-5aa5-4392-93f9-b5dbf676b882/elements[39m
[38;5;0m[HTTP][0m {"using":"xpath","value":"//*[@class = 'android.widget.EditText' and @resource-id = 'com.solodroid.solomerce:id/userInputDialog' and (@text = '' or . = '')]"}
[38;5;0m[HTTP][0m <-- POST /wd/hub/session/9b96a812-5aa5-4392-93f9-b5dbf676b882/elements 200 115 ms - 12
[38;5;0m[HTTP][0m 
[38;5;0m[HTTP][0m [37m-->[39m [37mPOST[39m [37m/wd/hub/session/9b96a812-5aa5-4392-93f9-b5dbf676b882/elements[39m
[38;5;0m[HTTP][0m {"using":"xpath","value":"//*[@class = 'android.widget.EditText' and @resource-id = 'com.solodroid.solomerce:id/userInputDialog' and (@text = '' or . = '')]"}
[38;5;0m[HTTP][0m <-- POST /wd/hub/session/9b96a812-5aa5-4392-93f9-b5dbf676b882/elements 200 111 ms - 12
[38;5;0m[HTTP][0m 
[38;5;0m[HTTP][0m [37m-->[39m [37mPOST[39m [37m/wd/hub/session/9b96a812-5aa5-4392-93f9-b5dbf676b882/elements[39m
[38;5;0m[HTTP][0m {"using":"xpath","value":"//*[@class = 'android.widget.EditText' and @resource-id = 'com.solodroid.solomerce:id/userInputDialog' and (@text = '' or . = '')]"}
[38;5;0m[HTTP][0m <-- POST /wd/hub/session/9b96a812-5aa5-4392-93f9-b5dbf676b882/elements 200 203 ms - 139
[38;5;0m[HTTP][0m 
[38;5;0m[HTTP][0m [37m-->[39m [37mGET[39m [37m/wd/hub/session/9b96a812-5aa5-4392-93f9-b5dbf676b882/element/00000000-0000-0113-ffff-ffff00000113/location[39m
[38;5;0m[HTTP][0m {}
[38;5;48m[AndroidUiautomator2Driver@8312 (9b96a812)][0m Driver proxy active, passing request on via HTTP proxy
[38;5;48m[AndroidUiautomator2Driver@8312 (9b96a812)][0m Replacing sessionId 40c24524-4895-4424-a9a2-ec3622a74daa with 9b96a812-5aa5-4392-93f9-b5dbf676b882
[38;5;0m[HTTP][0m <-- GET /wd/hub/session/9b96a812-5aa5-4392-93f9-b5dbf676b882/element/00000000-0000-0113-ffff-ffff00000113/location 200 748 ms - 79
[38;5;0m[HTTP][0m 
[38;5;0m[HTTP][0m [37m-->[39m [37mPOST[39m [37m/wd/hub/session/9b96a812-5aa5-4392-93f9-b5dbf676b882/timeouts[39m
[38;5;0m[HTTP][0m {"implicit":30000}
[38;5;0m[HTTP][0m <-- POST /wd/hub/session/9b96a812-5aa5-4392-93f9-b5dbf676b882/timeouts 200 1 ms - 14
[38;5;0m[HTTP][0m 
[38;5;0m[HTTP][0m [37m-->[39m [37mPOST[39m [37m/wd/hub/session/9b96a812-5aa5-4392-93f9-b5dbf676b882/element/00000000-0000-0113-ffff-ffff00000113/clear[39m
[38;5;0m[HTTP][0m {"id":"00000000-0000-0113-ffff-ffff00000113"}
[38;5;0m[HTTP][0m <-- POST /wd/hub/session/9b96a812-5aa5-4392-93f9-b5dbf676b882/element/00000000-0000-0113-ffff-ffff00000113/clear 200 9 ms - 14
[38;5;0m[HTTP][0m 
[38;5;0m[HTTP][0m [37m-->[39m [37mPOST[39m [37m/wd/hub/session/9b96a812-5aa5-4392-93f9-b5dbf676b882/element/00000000-0000-0113-ffff-ffff00000113/click[39m
[38;5;0m[HTTP][0m {"id":"00000000-0000-0113-ffff-ffff00000113"}
[38;5;0m[HTTP][0m <-- POST /wd/hub/session/9b96a812-5aa5-4392-93f9-b5dbf676b882/element/00000000-0000-0113-ffff-ffff00000113/click 200 1296 ms - 14
[38;5;0m[HTTP][0m 
[38;5;0m[HTTP][0m [37m-->[39m [37mPOST[39m [37m/wd/hub/session/9b96a812-5aa5-4392-93f9-b5dbf676b882/element/00000000-0000-0113-ffff-ffff00000113/value[39m
[38;5;0m[HTTP][0m {"id":"00000000-0000-0113-ffff-ffff00000113","text":"1","value":["1"]}
[38;5;0m[HTTP][0m <-- POST /wd/hub/session/9b96a812-5aa5-4392-93f9-b5dbf676b882/element/00000000-0000-0113-ffff-ffff00000113/value 200 45 ms - 14
[38;5;0m[HTTP][0m 
[38;5;0m[HTTP][0m [37m-->[39m [37mPOST[39m [37m/wd/hub/session/9b96a812-5aa5-4392-93f9-b5dbf676b882/timeouts[39m
[38;5;0m[HTTP][0m {"implicit":50}
[38;5;0m[HTTP][0m <-- POST /wd/hub/session/9b96a812-5aa5-4392-93f9-b5dbf676b882/timeouts 200 1 ms - 14
[38;5;0m[HTTP][0m 
[38;5;0m[HTTP][0m [37m-->[39m [37mGET[39m [37m/wd/hub/session/9b96a812-5aa5-4392-93f9-b5dbf676b882/window/rect[39m
[38;5;0m[HTTP][0m {}
[38;5;0m[HTTP][0m <-- GET /wd/hub/session/9b96a812-5aa5-4392-93f9-b5dbf676b882/window/rect 200 14 ms - 50
[38;5;0m[HTTP][0m 
[38;5;0m[HTTP][0m [37m-->[39m [37mPOST[39m [37m/wd/hub/session/9b96a812-5aa5-4392-93f9-b5dbf676b882/elements[39m
[38;5;0m[HTTP][0m {"using":"xpath","value":"//*[@class = 'android.widget.Button' and (@text = 'ADD' or . = 'ADD') and @resource-id = 'android:id/button1']"}
[38;5;0m[HTTP][0m <-- POST /wd/hub/session/9b96a812-5aa5-4392-93f9-b5dbf676b882/elements 200 626 ms - 139
[38;5;0m[HTTP][0m 
[38;5;0m[HTTP][0m [37m-->[39m [37mGET[39m [37m/wd/hub/session/9b96a812-5aa5-4392-93f9-b5dbf676b882/element/00000000-0000-0113-ffff-ffff00000119/location[39m
[38;5;0m[HTTP][0m {}
[38;5;48m[AndroidUiautomator2Driver@8312 (9b96a812)][0m Driver proxy active, passing request on via HTTP proxy
[38;5;48m[AndroidUiautomator2Driver@8312 (9b96a812)][0m Replacing sessionId 40c24524-4895-4424-a9a2-ec3622a74daa with 9b96a812-5aa5-4392-93f9-b5dbf676b882
[38;5;0m[HTTP][0m <-- GET /wd/hub/session/9b96a812-5aa5-4392-93f9-b5dbf676b882/element/00000000-0000-0113-ffff-ffff00000119/location 200 17 ms - 78
[38;5;0m[HTTP][0m 
[38;5;0m[HTTP][0m [37m-->[39m [37mPOST[39m [37m/wd/hub/session/9b96a812-5aa5-4392-93f9-b5dbf676b882/timeouts[39m
[38;5;0m[HTTP][0m {"implicit":30000}
[38;5;0m[HTTP][0m <-- POST /wd/hub/session/9b96a812-5aa5-4392-93f9-b5dbf676b882/timeouts 200 2 ms - 14
[38;5;0m[HTTP][0m 
[38;5;0m[HTTP][0m [37m-->[39m [37mPOST[39m [37m/wd/hub/session/9b96a812-5aa5-4392-93f9-b5dbf676b882/element/00000000-0000-0113-ffff-ffff00000119/click[39m
[38;5;0m[HTTP][0m {"id":"00000000-0000-0113-ffff-ffff00000119"}
[38;5;0m[HTTP][0m <-- POST /wd/hub/session/9b96a812-5aa5-4392-93f9-b5dbf676b882/element/00000000-0000-0113-ffff-ffff00000119/click 200 62 ms - 14
[38;5;0m[HTTP][0m 
[38;5;0m[HTTP][0m [37m-->[39m [37mPOST[39m [37m/wd/hub/session/9b96a812-5aa5-4392-93f9-b5dbf676b882/timeouts[39m
[38;5;0m[HTTP][0m {"implicit":50}
[38;5;0m[HTTP][0m <-- POST /wd/hub/session/9b96a812-5aa5-4392-93f9-b5dbf676b882/timeouts 200 1 ms - 14
[38;5;0m[HTTP][0m 
[38;5;0m[HTTP][0m [37m-->[39m [37mGET[39m [37m/wd/hub/session/9b96a812-5aa5-4392-93f9-b5dbf676b882/window/rect[39m
[38;5;0m[HTTP][0m {}
[38;5;0m[HTTP][0m <-- GET /wd/hub/session/9b96a812-5aa5-4392-93f9-b5dbf676b882/window/rect 200 78 ms - 50
[38;5;0m[HTTP][0m 
[38;5;0m[HTTP][0m [37m-->[39m [37mPOST[39m [37m/wd/hub/session/9b96a812-5aa5-4392-93f9-b5dbf676b882/elements[39m
[38;5;0m[HTTP][0m {"using":"xpath","value":"//*[@class = 'android.widget.TextView' and @resource-id = 'com.solodroid.solomerce:id/cart' and (@text = '' or . = '')]"}
[38;5;0m[HTTP][0m <-- POST /wd/hub/session/9b96a812-5aa5-4392-93f9-b5dbf676b882/elements 200 660 ms - 139
[38;5;0m[HTTP][0m 
[38;5;0m[HTTP][0m [37m-->[39m [37mGET[39m [37m/wd/hub/session/9b96a812-5aa5-4392-93f9-b5dbf676b882/element/00000000-0000-0112-ffff-ffff00000100/location[39m
[38;5;0m[HTTP][0m {}
[38;5;48m[AndroidUiautomator2Driver@8312 (9b96a812)][0m Driver proxy active, passing request on via HTTP proxy
[38;5;48m[AndroidUiautomator2Driver@8312 (9b96a812)][0m Replacing sessionId 40c24524-4895-4424-a9a2-ec3622a74daa with 9b96a812-5aa5-4392-93f9-b5dbf676b882
[38;5;0m[HTTP][0m <-- GET /wd/hub/session/9b96a812-5aa5-4392-93f9-b5dbf676b882/element/00000000-0000-0112-ffff-ffff00000100/location 200 10 ms - 77
[38;5;0m[HTTP][0m 
[38;5;0m[HTTP][0m [37m-->[39m [37mPOST[39m [37m/wd/hub/session/9b96a812-5aa5-4392-93f9-b5dbf676b882/timeouts[39m
[38;5;0m[HTTP][0m {"implicit":30000}
[38;5;0m[HTTP][0m <-- POST /wd/hub/session/9b96a812-5aa5-4392-93f9-b5dbf676b882/timeouts 200 2 ms - 14
[38;5;0m[HTTP][0m 
[38;5;0m[HTTP][0m [37m-->[39m [37mPOST[39m [37m/wd/hub/session/9b96a812-5aa5-4392-93f9-b5dbf676b882/element/00000000-0000-0112-ffff-ffff00000100/click[39m
[38;5;0m[HTTP][0m {"id":"00000000-0000-0112-ffff-ffff00000100"}
[38;5;0m[HTTP][0m <-- POST /wd/hub/session/9b96a812-5aa5-4392-93f9-b5dbf676b882/element/00000000-0000-0112-ffff-ffff00000100/click 200 108 ms - 14
[38;5;0m[HTTP][0m 
[38;5;0m[HTTP][0m [37m-->[39m [37mPOST[39m [37m/wd/hub/session/9b96a812-5aa5-4392-93f9-b5dbf676b882/timeouts[39m
[38;5;0m[HTTP][0m {"implicit":50}
[38;5;0m[HTTP][0m <-- POST /wd/hub/session/9b96a812-5aa5-4392-93f9-b5dbf676b882/timeouts 200 1 ms - 14
[38;5;0m[HTTP][0m 
[38;5;0m[HTTP][0m [37m-->[39m [37mGET[39m [37m/wd/hub/session/9b96a812-5aa5-4392-93f9-b5dbf676b882/window/rect[39m
[38;5;0m[HTTP][0m {}
[38;5;0m[HTTP][0m <-- GET /wd/hub/session/9b96a812-5aa5-4392-93f9-b5dbf676b882/window/rect 200 19 ms - 50
[38;5;0m[HTTP][0m 
[38;5;0m[HTTP][0m [37m-->[39m [37mPOST[39m [37m/wd/hub/session/9b96a812-5aa5-4392-93f9-b5dbf676b882/elements[39m
[38;5;0m[HTTP][0m {"using":"xpath","value":"//*[@class = 'android.widget.Button' and (@text = 'CHECKOUT' or . = 'CHECKOUT') and @resource-id = 'com.solodroid.solomerce:id/btn_checkout']"}
[38;5;0m[HTTP][0m <-- POST /wd/hub/session/9b96a812-5aa5-4392-93f9-b5dbf676b882/elements 200 1371 ms - 139
[38;5;0m[HTTP][0m 
[38;5;0m[HTTP][0m [37m-->[39m [37mGET[39m [37m/wd/hub/session/9b96a812-5aa5-4392-93f9-b5dbf676b882/element/00000000-0000-0115-ffff-ffff0000012e/location[39m
[38;5;0m[HTTP][0m {}
[38;5;48m[AndroidUiautomator2Driver@8312 (9b96a812)][0m Driver proxy active, passing request on via HTTP proxy
[38;5;48m[AndroidUiautomator2Driver@8312 (9b96a812)][0m Replacing sessionId 40c24524-4895-4424-a9a2-ec3622a74daa with 9b96a812-5aa5-4392-93f9-b5dbf676b882
[38;5;0m[HTTP][0m <-- GET /wd/hub/session/9b96a812-5aa5-4392-93f9-b5dbf676b882/element/00000000-0000-0115-ffff-ffff0000012e/location 200 14 ms - 79
[38;5;0m[HTTP][0m 
[38;5;0m[HTTP][0m [37m-->[39m [37mPOST[39m [37m/wd/hub/session/9b96a812-5aa5-4392-93f9-b5dbf676b882/timeouts[39m
[38;5;0m[HTTP][0m {"implicit":30000}
[38;5;0m[HTTP][0m <-- POST /wd/hub/session/9b96a812-5aa5-4392-93f9-b5dbf676b882/timeouts 200 1 ms - 14
[38;5;0m[HTTP][0m 
[38;5;0m[HTTP][0m [37m-->[39m [37mPOST[39m [37m/wd/hub/session/9b96a812-5aa5-4392-93f9-b5dbf676b882/element/00000000-0000-0115-ffff-ffff0000012e/click[39m
[38;5;0m[HTTP][0m {"id":"00000000-0000-0115-ffff-ffff0000012e"}
[38;5;0m[HTTP][0m <-- POST /wd/hub/session/9b96a812-5aa5-4392-93f9-b5dbf676b882/element/00000000-0000-0115-ffff-ffff0000012e/click 200 65 ms - 14
[38;5;0m[HTTP][0m 
[38;5;0m[HTTP][0m [37m-->[39m [37mPOST[39m [37m/wd/hub/session/9b96a812-5aa5-4392-93f9-b5dbf676b882/timeouts[39m
[38;5;0m[HTTP][0m {"implicit":50}
[38;5;0m[HTTP][0m <-- POST /wd/hub/session/9b96a812-5aa5-4392-93f9-b5dbf676b882/timeouts 200 1 ms - 14
[38;5;0m[HTTP][0m 
[38;5;0m[HTTP][0m [37m-->[39m [37mGET[39m [37m/wd/hub/session/9b96a812-5aa5-4392-93f9-b5dbf676b882/window/rect[39m
[38;5;0m[HTTP][0m {}
[38;5;0m[HTTP][0m <-- GET /wd/hub/session/9b96a812-5aa5-4392-93f9-b5dbf676b882/window/rect 200 10 ms - 50
[38;5;0m[HTTP][0m 
[38;5;0m[HTTP][0m [37m-->[39m [37mPOST[39m [37m/wd/hub/session/9b96a812-5aa5-4392-93f9-b5dbf676b882/elements[39m
[38;5;0m[HTTP][0m {"using":"xpath","value":"//*[@class = 'android.widget.EditText' and (@text = 'Your Name' or . = 'Your Name') and @resource-id = 'com.solodroid.solomerce:id/edt_name']"}
[38;5;0m[HTTP][0m <-- POST /wd/hub/session/9b96a812-5aa5-4392-93f9-b5dbf676b882/elements 200 112 ms - 12
[38;5;0m[HTTP][0m 
[38;5;0m[HTTP][0m [37m-->[39m [37mPOST[39m [37m/wd/hub/session/9b96a812-5aa5-4392-93f9-b5dbf676b882/elements[39m
[38;5;0m[HTTP][0m {"using":"xpath","value":"//*[@class = 'android.widget.EditText' and (@text = 'Your Name' or . = 'Your Name') and @resource-id = 'com.solodroid.solomerce:id/edt_name']"}
[38;5;0m[HTTP][0m <-- POST /wd/hub/session/9b96a812-5aa5-4392-93f9-b5dbf676b882/elements 200 111 ms - 12
[38;5;0m[HTTP][0m 
[38;5;0m[HTTP][0m [37m-->[39m [37mPOST[39m [37m/wd/hub/session/9b96a812-5aa5-4392-93f9-b5dbf676b882/elements[39m
[38;5;0m[HTTP][0m {"using":"xpath","value":"//*[@class = 'android.widget.EditText' and (@text = 'Your Name' or . = 'Your Name') and @resource-id = 'com.solodroid.solomerce:id/edt_name']"}
[38;5;0m[HTTP][0m <-- POST /wd/hub/session/9b96a812-5aa5-4392-93f9-b5dbf676b882/elements 200 420 ms - 12
[38;5;0m[HTTP][0m 
[38;5;0m[HTTP][0m [37m-->[39m [37mPOST[39m [37m/wd/hub/session/9b96a812-5aa5-4392-93f9-b5dbf676b882/elements[39m
[38;5;0m[HTTP][0m {"using":"xpath","value":"//*[@class = 'android.widget.EditText' and (@text = 'Your Name' or . = 'Your Name') and @resource-id = 'com.solodroid.solomerce:id/edt_name']"}
[38;5;0m[HTTP][0m <-- POST /wd/hub/session/9b96a812-5aa5-4392-93f9-b5dbf676b882/elements 200 1094 ms - 139
[38;5;0m[HTTP][0m 
[38;5;0m[HTTP][0m [37m-->[39m [37mGET[39m [37m/wd/hub/session/9b96a812-5aa5-4392-93f9-b5dbf676b882/element/00000000-0000-0116-ffff-ffff00000154/location[39m
[38;5;0m[HTTP][0m {}
[38;5;48m[AndroidUiautomator2Driver@8312 (9b96a812)][0m Driver proxy active, passing request on via HTTP proxy
[38;5;48m[AndroidUiautomator2Driver@8312 (9b96a812)][0m Replacing sessionId 40c24524-4895-4424-a9a2-ec3622a74daa with 9b96a812-5aa5-4392-93f9-b5dbf676b882
[38;5;0m[HTTP][0m <-- GET /wd/hub/session/9b96a812-5aa5-4392-93f9-b5dbf676b882/element/00000000-0000-0116-ffff-ffff00000154/location 200 10 ms - 77
[38;5;0m[HTTP][0m 
[38;5;0m[HTTP][0m [37m-->[39m [37mPOST[39m [37m/wd/hub/session/9b96a812-5aa5-4392-93f9-b5dbf676b882/timeouts[39m
[38;5;0m[HTTP][0m {"implicit":30000}
[38;5;0m[HTTP][0m <-- POST /wd/hub/session/9b96a812-5aa5-4392-93f9-b5dbf676b882/timeouts 200 1 ms - 14
[38;5;0m[HTTP][0m 
[38;5;0m[HTTP][0m [37m-->[39m [37mPOST[39m [37m/wd/hub/session/9b96a812-5aa5-4392-93f9-b5dbf676b882/element/00000000-0000-0116-ffff-ffff00000154/clear[39m
[38;5;0m[HTTP][0m {"id":"00000000-0000-0116-ffff-ffff00000154"}
[38;5;0m[HTTP][0m <-- POST /wd/hub/session/9b96a812-5aa5-4392-93f9-b5dbf676b882/element/00000000-0000-0116-ffff-ffff00000154/clear 200 31 ms - 14
[38;5;0m[HTTP][0m 
[38;5;0m[HTTP][0m [37m-->[39m [37mPOST[39m [37m/wd/hub/session/9b96a812-5aa5-4392-93f9-b5dbf676b882/element/00000000-0000-0116-ffff-ffff00000154/click[39m
[38;5;0m[HTTP][0m {"id":"00000000-0000-0116-ffff-ffff00000154"}
[38;5;0m[HTTP][0m <-- POST /wd/hub/session/9b96a812-5aa5-4392-93f9-b5dbf676b882/element/00000000-0000-0116-ffff-ffff00000154/click 200 776 ms - 14
[38;5;0m[HTTP][0m 
[38;5;0m[HTTP][0m [37m-->[39m [37mPOST[39m [37m/wd/hub/session/9b96a812-5aa5-4392-93f9-b5dbf676b882/element/00000000-0000-0116-ffff-ffff00000154/value[39m
[38;5;0m[HTTP][0m {"id":"00000000-0000-0116-ffff-ffff00000154","text":"Testing paypal","value":["T","e","s","t","i","n","g"," ","p","a","y","p","a","l"]}
[38;5;0m[HTTP][0m <-- POST /wd/hub/session/9b96a812-5aa5-4392-93f9-b5dbf676b882/element/00000000-0000-0116-ffff-ffff00000154/value 200 1727 ms - 14
[38;5;0m[HTTP][0m 
[38;5;0m[HTTP][0m [37m-->[39m [37mPOST[39m [37m/wd/hub/session/9b96a812-5aa5-4392-93f9-b5dbf676b882/timeouts[39m
[38;5;0m[HTTP][0m {"implicit":50}
[38;5;0m[HTTP][0m <-- POST /wd/hub/session/9b96a812-5aa5-4392-93f9-b5dbf676b882/timeouts 200 1 ms - 14
[38;5;0m[HTTP][0m 
[38;5;0m[HTTP][0m [37m-->[39m [37mGET[39m [37m/wd/hub/session/9b96a812-5aa5-4392-93f9-b5dbf676b882/window/rect[39m
[38;5;0m[HTTP][0m {}
[38;5;0m[HTTP][0m <-- GET /wd/hub/session/9b96a812-5aa5-4392-93f9-b5dbf676b882/window/rect 200 10 ms - 50
[38;5;0m[HTTP][0m 
[38;5;0m[HTTP][0m [37m-->[39m [37mPOST[39m [37m/wd/hub/session/9b96a812-5aa5-4392-93f9-b5dbf676b882/elements[39m
[38;5;0m[HTTP][0m {"using":"xpath","value":"//*[@class = 'android.widget.EditText' and (@text = 'your.email@gmail.com' or . = 'your.email@gmail.com') and @resource-id = 'com.solodroid.solomerce:id/edt_email']"}
[38;5;0m[HTTP][0m <-- POST /wd/hub/session/9b96a812-5aa5-4392-93f9-b5dbf676b882/elements 200 686 ms - 139
[38;5;0m[HTTP][0m 
[38;5;0m[HTTP][0m [37m-->[39m [37mGET[39m [37m/wd/hub/session/9b96a812-5aa5-4392-93f9-b5dbf676b882/element/00000000-0000-0116-ffff-ffff00000160/location[39m
[38;5;0m[HTTP][0m {}
[38;5;48m[AndroidUiautomator2Driver@8312 (9b96a812)][0m Driver proxy active, passing request on via HTTP proxy
[38;5;48m[AndroidUiautomator2Driver@8312 (9b96a812)][0m Replacing sessionId 40c24524-4895-4424-a9a2-ec3622a74daa with 9b96a812-5aa5-4392-93f9-b5dbf676b882
[38;5;0m[HTTP][0m <-- GET /wd/hub/session/9b96a812-5aa5-4392-93f9-b5dbf676b882/element/00000000-0000-0116-ffff-ffff00000160/location 200 11 ms - 77
[38;5;0m[HTTP][0m 
[38;5;0m[HTTP][0m [37m-->[39m [37mPOST[39m [37m/wd/hub/session/9b96a812-5aa5-4392-93f9-b5dbf676b882/timeouts[39m
[38;5;0m[HTTP][0m {"implicit":30000}
[38;5;0m[HTTP][0m <-- POST /wd/hub/session/9b96a812-5aa5-4392-93f9-b5dbf676b882/timeouts 200 1 ms - 14
[38;5;0m[HTTP][0m 
[38;5;0m[HTTP][0m [37m-->[39m [37mPOST[39m [37m/wd/hub/session/9b96a812-5aa5-4392-93f9-b5dbf676b882/element/00000000-0000-0116-ffff-ffff00000160/click[39m
[38;5;0m[HTTP][0m {"id":"00000000-0000-0116-ffff-ffff00000160"}
[38;5;0m[HTTP][0m <-- POST /wd/hub/session/9b96a812-5aa5-4392-93f9-b5dbf676b882/element/00000000-0000-0116-ffff-ffff00000160/click 200 67 ms - 14
[38;5;0m[HTTP][0m 
[38;5;0m[HTTP][0m [37m-->[39m [37mPOST[39m [37m/wd/hub/session/9b96a812-5aa5-4392-93f9-b5dbf676b882/timeouts[39m
[38;5;0m[HTTP][0m {"implicit":50}
[38;5;0m[HTTP][0m <-- POST /wd/hub/session/9b96a812-5aa5-4392-93f9-b5dbf676b882/timeouts 200 1 ms - 14
[38;5;0m[HTTP][0m 
[38;5;0m[HTTP][0m [37m-->[39m [37mGET[39m [37m/wd/hub/session/9b96a812-5aa5-4392-93f9-b5dbf676b882/window/rect[39m
[38;5;0m[HTTP][0m {}
[38;5;0m[HTTP][0m <-- GET /wd/hub/session/9b96a812-5aa5-4392-93f9-b5dbf676b882/window/rect 200 4 ms - 50
[38;5;0m[HTTP][0m 
[38;5;0m[HTTP][0m [37m-->[39m [37mPOST[39m [37m/wd/hub/session/9b96a812-5aa5-4392-93f9-b5dbf676b882/elements[39m
[38;5;0m[HTTP][0m {"using":"xpath","value":"//*[@class = 'android.widget.EditText' and (@text = 'Your Address' or . = 'Your Address') and @resource-id = 'com.solodroid.solomerce:id/edt_address']"}
[38;5;0m[HTTP][0m <-- POST /wd/hub/session/9b96a812-5aa5-4392-93f9-b5dbf676b882/elements 200 194 ms - 139
[38;5;0m[HTTP][0m 
[38;5;0m[HTTP][0m [37m-->[39m [37mGET[39m [37m/wd/hub/session/9b96a812-5aa5-4392-93f9-b5dbf676b882/element/00000000-0000-0116-ffff-ffff00000178/location[39m
[38;5;0m[HTTP][0m {}
[38;5;48m[AndroidUiautomator2Driver@8312 (9b96a812)][0m Driver proxy active, passing request on via HTTP proxy
[38;5;48m[AndroidUiautomator2Driver@8312 (9b96a812)][0m Replacing sessionId 40c24524-4895-4424-a9a2-ec3622a74daa with 9b96a812-5aa5-4392-93f9-b5dbf676b882
[38;5;0m[HTTP][0m <-- GET /wd/hub/session/9b96a812-5aa5-4392-93f9-b5dbf676b882/element/00000000-0000-0116-ffff-ffff00000178/location 200 503 ms - 77
[38;5;0m[HTTP][0m 
[38;5;0m[HTTP][0m [37m-->[39m [37mPOST[39m [37m/wd/hub/session/9b96a812-5aa5-4392-93f9-b5dbf676b882/timeouts[39m
[38;5;0m[HTTP][0m {"implicit":30000}
[38;5;0m[HTTP][0m <-- POST /wd/hub/session/9b96a812-5aa5-4392-93f9-b5dbf676b882/timeouts 200 1 ms - 14
[38;5;0m[HTTP][0m 
[38;5;0m[HTTP][0m [37m-->[39m [37mPOST[39m [37m/wd/hub/session/9b96a812-5aa5-4392-93f9-b5dbf676b882/element/00000000-0000-0116-ffff-ffff00000178/click[39m
[38;5;0m[HTTP][0m {"id":"00000000-0000-0116-ffff-ffff00000178"}
[38;5;0m[HTTP][0m <-- POST /wd/hub/session/9b96a812-5aa5-4392-93f9-b5dbf676b882/element/00000000-0000-0116-ffff-ffff00000178/click 200 1030 ms - 14
[38;5;0m[HTTP][0m 
[38;5;0m[HTTP][0m [37m-->[39m [37mPOST[39m [37m/wd/hub/session/9b96a812-5aa5-4392-93f9-b5dbf676b882/timeouts[39m
[38;5;0m[HTTP][0m {"implicit":50}
[38;5;0m[HTTP][0m <-- POST /wd/hub/session/9b96a812-5aa5-4392-93f9-b5dbf676b882/timeouts 200 1 ms - 14
[38;5;0m[HTTP][0m 
[38;5;0m[HTTP][0m [37m-->[39m [37mGET[39m [37m/wd/hub/session/9b96a812-5aa5-4392-93f9-b5dbf676b882/window/rect[39m
[38;5;0m[HTTP][0m {}
[38;5;0m[HTTP][0m <-- GET /wd/hub/session/9b96a812-5aa5-4392-93f9-b5dbf676b882/window/rect 200 20 ms - 50
[38;5;0m[HTTP][0m 
[38;5;0m[HTTP][0m [37m-->[39m [37mPOST[39m [37m/wd/hub/session/9b96a812-5aa5-4392-93f9-b5dbf676b882/elements[39m
[38;5;0m[HTTP][0m {"using":"xpath","value":"//*[@class = 'android.widget.EditText' and (@text = 'your.email@gmail.com' or . = 'your.email@gmail.com') and @resource-id = 'com.solodroid.solomerce:id/edt_email']"}
[38;5;0m[HTTP][0m <-- POST /wd/hub/session/9b96a812-5aa5-4392-93f9-b5dbf676b882/elements 200 100 ms - 139
[38;5;0m[HTTP][0m 
[38;5;0m[HTTP][0m [37m-->[39m [37mGET[39m [37m/wd/hub/session/9b96a812-5aa5-4392-93f9-b5dbf676b882/element/00000000-0000-0116-ffff-ffff00000160/location[39m
[38;5;0m[HTTP][0m {}
[38;5;48m[AndroidUiautomator2Driver@8312 (9b96a812)][0m Driver proxy active, passing request on via HTTP proxy
[38;5;48m[AndroidUiautomator2Driver@8312 (9b96a812)][0m Replacing sessionId 40c24524-4895-4424-a9a2-ec3622a74daa with 9b96a812-5aa5-4392-93f9-b5dbf676b882
[38;5;0m[HTTP][0m <-- GET /wd/hub/session/9b96a812-5aa5-4392-93f9-b5dbf676b882/element/00000000-0000-0116-ffff-ffff00000160/location 200 10 ms - 77
[38;5;0m[HTTP][0m 
[38;5;0m[HTTP][0m [37m-->[39m [37mPOST[39m [37m/wd/hub/session/9b96a812-5aa5-4392-93f9-b5dbf676b882/timeouts[39m
[38;5;0m[HTTP][0m {"implicit":30000}
[38;5;0m[HTTP][0m <-- POST /wd/hub/session/9b96a812-5aa5-4392-93f9-b5dbf676b882/timeouts 200 1 ms - 14
[38;5;0m[HTTP][0m 
[38;5;0m[HTTP][0m [37m-->[39m [37mPOST[39m [37m/wd/hub/session/9b96a812-5aa5-4392-93f9-b5dbf676b882/element/00000000-0000-0116-ffff-ffff00000160/click[39m
[38;5;0m[HTTP][0m {"id":"00000000-0000-0116-ffff-ffff00000160"}
[38;5;0m[HTTP][0m <-- POST /wd/hub/session/9b96a812-5aa5-4392-93f9-b5dbf676b882/element/00000000-0000-0116-ffff-ffff00000160/click 200 100 ms - 14
[38;5;0m[HTTP][0m 
[38;5;0m[HTTP][0m [37m-->[39m [37mPOST[39m [37m/wd/hub/session/9b96a812-5aa5-4392-93f9-b5dbf676b882/timeouts[39m
[38;5;0m[HTTP][0m {"implicit":50}
[38;5;0m[HTTP][0m <-- POST /wd/hub/session/9b96a812-5aa5-4392-93f9-b5dbf676b882/timeouts 200 1 ms - 14
[38;5;0m[HTTP][0m 
[38;5;0m[HTTP][0m [37m-->[39m [37mGET[39m [37m/wd/hub/session/9b96a812-5aa5-4392-93f9-b5dbf676b882/window/rect[39m
[38;5;0m[HTTP][0m {}
[38;5;0m[HTTP][0m <-- GET /wd/hub/session/9b96a812-5aa5-4392-93f9-b5dbf676b882/window/rect 200 13 ms - 50
[38;5;0m[HTTP][0m 
[38;5;0m[HTTP][0m [37m-->[39m [37mPOST[39m [37m/wd/hub/session/9b96a812-5aa5-4392-93f9-b5dbf676b882/elements[39m
[38;5;0m[HTTP][0m {"using":"xpath","value":"//*[@class = 'android.widget.EditText' and (@text = 'your.email@gmail.com' or . = 'your.email@gmail.com') and @resource-id = 'com.solodroid.solomerce:id/edt_email']"}
[38;5;0m[HTTP][0m <-- POST /wd/hub/session/9b96a812-5aa5-4392-93f9-b5dbf676b882/elements 200 238 ms - 139
[38;5;0m[HTTP][0m 
[38;5;0m[HTTP][0m [37m-->[39m [37mGET[39m [37m/wd/hub/session/9b96a812-5aa5-4392-93f9-b5dbf676b882/element/00000000-0000-0116-ffff-ffff00000160/location[39m
[38;5;0m[HTTP][0m {}
[38;5;48m[AndroidUiautomator2Driver@8312 (9b96a812)][0m Driver proxy active, passing request on via HTTP proxy
[38;5;48m[AndroidUiautomator2Driver@8312 (9b96a812)][0m Replacing sessionId 40c24524-4895-4424-a9a2-ec3622a74daa with 9b96a812-5aa5-4392-93f9-b5dbf676b882
[38;5;0m[HTTP][0m <-- GET /wd/hub/session/9b96a812-5aa5-4392-93f9-b5dbf676b882/element/00000000-0000-0116-ffff-ffff00000160/location 200 655 ms - 77
[38;5;0m[HTTP][0m 
[38;5;0m[HTTP][0m [37m-->[39m [37mPOST[39m [37m/wd/hub/session/9b96a812-5aa5-4392-93f9-b5dbf676b882/timeouts[39m
[38;5;0m[HTTP][0m {"implicit":30000}
[38;5;0m[HTTP][0m <-- POST /wd/hub/session/9b96a812-5aa5-4392-93f9-b5dbf676b882/timeouts 200 1 ms - 14
[38;5;0m[HTTP][0m 
[38;5;0m[HTTP][0m [37m-->[39m [37mPOST[39m [37m/wd/hub/session/9b96a812-5aa5-4392-93f9-b5dbf676b882/element/00000000-0000-0116-ffff-ffff00000160/clear[39m
[38;5;0m[HTTP][0m {"id":"00000000-0000-0116-ffff-ffff00000160"}
[38;5;0m[HTTP][0m <-- POST /wd/hub/session/9b96a812-5aa5-4392-93f9-b5dbf676b882/element/00000000-0000-0116-ffff-ffff00000160/clear 200 50 ms - 14
[38;5;0m[HTTP][0m 
[38;5;0m[HTTP][0m [37m-->[39m [37mPOST[39m [37m/wd/hub/session/9b96a812-5aa5-4392-93f9-b5dbf676b882/element/00000000-0000-0116-ffff-ffff00000160/click[39m
[38;5;0m[HTTP][0m {"id":"00000000-0000-0116-ffff-ffff00000160"}
[38;5;0m[HTTP][0m <-- POST /wd/hub/session/9b96a812-5aa5-4392-93f9-b5dbf676b882/element/00000000-0000-0116-ffff-ffff00000160/click 200 1211 ms - 14
[38;5;0m[HTTP][0m 
[38;5;0m[HTTP][0m [37m-->[39m [37mPOST[39m [37m/wd/hub/session/9b96a812-5aa5-4392-93f9-b5dbf676b882/element/00000000-0000-0116-ffff-ffff00000160/value[39m
[38;5;0m[HTTP][0m {"id":"00000000-0000-0116-ffff-ffff00000160","text":"test@gmail.com","value":["t","e","s","t","@","g","m","a","i","l",".","c","o","m"]}
[38;5;0m[HTTP][0m <-- POST /wd/hub/session/9b96a812-5aa5-4392-93f9-b5dbf676b882/element/00000000-0000-0116-ffff-ffff00000160/value 200 692 ms - 14
[38;5;0m[HTTP][0m 
[38;5;0m[HTTP][0m [37m-->[39m [37mPOST[39m [37m/wd/hub/session/9b96a812-5aa5-4392-93f9-b5dbf676b882/timeouts[39m
[38;5;0m[HTTP][0m {"implicit":50}
[38;5;0m[HTTP][0m <-- POST /wd/hub/session/9b96a812-5aa5-4392-93f9-b5dbf676b882/timeouts 200 1 ms - 14
[38;5;0m[HTTP][0m 
[38;5;0m[HTTP][0m [37m-->[39m [37mGET[39m [37m/wd/hub/session/9b96a812-5aa5-4392-93f9-b5dbf676b882/window/rect[39m
[38;5;0m[HTTP][0m {}
[38;5;0m[HTTP][0m <-- GET /wd/hub/session/9b96a812-5aa5-4392-93f9-b5dbf676b882/window/rect 200 13 ms - 50
[38;5;0m[HTTP][0m 
[38;5;0m[HTTP][0m [37m-->[39m [37mPOST[39m [37m/wd/hub/session/9b96a812-5aa5-4392-93f9-b5dbf676b882/elements[39m
[38;5;0m[HTTP][0m {"using":"xpath","value":"//*[@class = 'android.widget.EditText' and (@text = 'Your Address' or . = 'Your Address') and @resource-id = 'com.solodroid.solomerce:id/edt_address']"}
[38;5;0m[HTTP][0m <-- POST /wd/hub/session/9b96a812-5aa5-4392-93f9-b5dbf676b882/elements 200 779 ms - 139
[38;5;0m[HTTP][0m 
[38;5;0m[HTTP][0m [37m-->[39m [37mGET[39m [37m/wd/hub/session/9b96a812-5aa5-4392-93f9-b5dbf676b882/element/00000000-0000-0116-ffff-ffff00000178/location[39m
[38;5;0m[HTTP][0m {}
[38;5;48m[AndroidUiautomator2Driver@8312 (9b96a812)][0m Driver proxy active, passing request on via HTTP proxy
[38;5;48m[AndroidUiautomator2Driver@8312 (9b96a812)][0m Replacing sessionId 40c24524-4895-4424-a9a2-ec3622a74daa with 9b96a812-5aa5-4392-93f9-b5dbf676b882
[38;5;0m[HTTP][0m <-- GET /wd/hub/session/9b96a812-5aa5-4392-93f9-b5dbf676b882/element/00000000-0000-0116-ffff-ffff00000178/location 200 15 ms - 77
[38;5;0m[HTTP][0m 
[38;5;0m[HTTP][0m [37m-->[39m [37mPOST[39m [37m/wd/hub/session/9b96a812-5aa5-4392-93f9-b5dbf676b882/timeouts[39m
[38;5;0m[HTTP][0m {"implicit":30000}
[38;5;0m[HTTP][0m <-- POST /wd/hub/session/9b96a812-5aa5-4392-93f9-b5dbf676b882/timeouts 200 1 ms - 14
[38;5;0m[HTTP][0m 
[38;5;0m[HTTP][0m [37m-->[39m [37mPOST[39m [37m/wd/hub/session/9b96a812-5aa5-4392-93f9-b5dbf676b882/element/00000000-0000-0116-ffff-ffff00000178/clear[39m
[38;5;0m[HTTP][0m {"id":"00000000-0000-0116-ffff-ffff00000178"}
[38;5;0m[HTTP][0m <-- POST /wd/hub/session/9b96a812-5aa5-4392-93f9-b5dbf676b882/element/00000000-0000-0116-ffff-ffff00000178/clear 200 12 ms - 14
[38;5;0m[HTTP][0m 
[38;5;0m[HTTP][0m [37m-->[39m [37mPOST[39m [37m/wd/hub/session/9b96a812-5aa5-4392-93f9-b5dbf676b882/element/00000000-0000-0116-ffff-ffff00000178/click[39m
[38;5;0m[HTTP][0m {"id":"00000000-0000-0116-ffff-ffff00000178"}
[38;5;0m[HTTP][0m <-- POST /wd/hub/session/9b96a812-5aa5-4392-93f9-b5dbf676b882/element/00000000-0000-0116-ffff-ffff00000178/click 200 602 ms - 14
[38;5;0m[HTTP][0m 
[38;5;0m[HTTP][0m [37m-->[39m [37mPOST[39m [37m/wd/hub/session/9b96a812-5aa5-4392-93f9-b5dbf676b882/element/00000000-0000-0116-ffff-ffff00000178/value[39m
[38;5;0m[HTTP][0m {"id":"00000000-0000-0116-ffff-ffff00000178","text":"test","value":["t","e","s","t"]}
[38;5;0m[HTTP][0m <-- POST /wd/hub/session/9b96a812-5aa5-4392-93f9-b5dbf676b882/element/00000000-0000-0116-ffff-ffff00000178/value 200 1459 ms - 14
[38;5;0m[HTTP][0m 
[38;5;0m[HTTP][0m [37m-->[39m [37mGET[39m [37m/wd/hub/session/9b96a812-5aa5-4392-93f9-b5dbf676b882/context[39m
[38;5;0m[HTTP][0m {}
[38;5;0m[HTTP][0m <-- GET /wd/hub/session/9b96a812-5aa5-4392-93f9-b5dbf676b882/context 200 2 ms - 22
[38;5;0m[HTTP][0m 
[38;5;0m[HTTP][0m [37m-->[39m [37mGET[39m [37m/wd/hub/session/9b96a812-5aa5-4392-93f9-b5dbf676b882/contexts[39m
[38;5;0m[HTTP][0m {}
[38;5;0m[HTTP][0m <-- GET /wd/hub/session/9b96a812-5aa5-4392-93f9-b5dbf676b882/contexts 200 402 ms - 58
[38;5;0m[HTTP][0m 
[38;5;0m[HTTP][0m [37m-->[39m [37mPOST[39m [37m/wd/hub/session/9b96a812-5aa5-4392-93f9-b5dbf676b882/context[39m
[38;5;0m[HTTP][0m {"name":"NATIVE_APP"}
[38;5;0m[HTTP][0m <-- POST /wd/hub/session/9b96a812-5aa5-4392-93f9-b5dbf676b882/context 200 1 ms - 14
[38;5;0m[HTTP][0m 
[38;5;0m[HTTP][0m [37m-->[39m [37mPOST[39m [37m/wd/hub/session/9b96a812-5aa5-4392-93f9-b5dbf676b882/appium/device/hide_keyboard[39m
[38;5;0m[HTTP][0m {}
[38;5;0m[HTTP][0m <-- POST /wd/hub/session/9b96a812-5aa5-4392-93f9-b5dbf676b882/appium/device/hide_keyboard 200 538 ms - 14
[38;5;0m[HTTP][0m 
[38;5;0m[HTTP][0m [37m-->[39m [37mPOST[39m [37m/wd/hub/session/9b96a812-5aa5-4392-93f9-b5dbf676b882/context[39m
[38;5;0m[HTTP][0m {"name":"NATIVE_APP"}
[38;5;0m[HTTP][0m <-- POST /wd/hub/session/9b96a812-5aa5-4392-93f9-b5dbf676b882/context 200 1 ms - 14
[38;5;0m[HTTP][0m 
[38;5;0m[HTTP][0m [37m-->[39m [37mPOST[39m [37m/wd/hub/session/9b96a812-5aa5-4392-93f9-b5dbf676b882/timeouts[39m
[38;5;0m[HTTP][0m {"implicit":50}
[38;5;0m[HTTP][0m <-- POST /wd/hub/session/9b96a812-5aa5-4392-93f9-b5dbf676b882/timeouts 200 1 ms - 14
[38;5;0m[HTTP][0m 
[38;5;0m[HTTP][0m [37m-->[39m [37mGET[39m [37m/wd/hub/session/9b96a812-5aa5-4392-93f9-b5dbf676b882/window/rect[39m
[38;5;0m[HTTP][0m {}
[38;5;0m[HTTP][0m <-- GET /wd/hub/session/9b96a812-5aa5-4392-93f9-b5dbf676b882/window/rect 200 36 ms - 50
[38;5;0m[HTTP][0m 
[38;5;0m[HTTP][0m [37m-->[39m [37mPOST[39m [37m/wd/hub/session/9b96a812-5aa5-4392-93f9-b5dbf676b882/elements[39m
[38;5;0m[HTTP][0m {"using":"xpath","value":"//hierarchy/android.widget.FrameLayout[1]/android.widget.LinearLayout[1]/android.widget.FrameLayout[1]/android.widget.LinearLayout[1]/android.widget.FrameLayout[1]/android.widget.RelativeLayout[1]/android.widget.RelativeLayout[1]/android.widget.FrameLayout[1]"}
[38;5;0m[HTTP][0m <-- POST /wd/hub/session/9b96a812-5aa5-4392-93f9-b5dbf676b882/elements 200 596 ms - 139
[38;5;0m[HTTP][0m 
[38;5;0m[HTTP][0m [37m-->[39m [37mGET[39m [37m/wd/hub/session/9b96a812-5aa5-4392-93f9-b5dbf676b882/element/00000000-0000-0116-ffff-ffff000001b4/location[39m
[38;5;0m[HTTP][0m {}
[38;5;48m[AndroidUiautomator2Driver@8312 (9b96a812)][0m Driver proxy active, passing request on via HTTP proxy
[38;5;48m[AndroidUiautomator2Driver@8312 (9b96a812)][0m Replacing sessionId 40c24524-4895-4424-a9a2-ec3622a74daa with 9b96a812-5aa5-4392-93f9-b5dbf676b882
[38;5;0m[HTTP][0m <-- GET /wd/hub/session/9b96a812-5aa5-4392-93f9-b5dbf676b882/element/00000000-0000-0116-ffff-ffff000001b4/location 200 51 ms - 77
[38;5;0m[HTTP][0m 
[38;5;0m[HTTP][0m [37m-->[39m [37mPOST[39m [37m/wd/hub/session/9b96a812-5aa5-4392-93f9-b5dbf676b882/timeouts[39m
[38;5;0m[HTTP][0m {"implicit":30000}
[38;5;0m[HTTP][0m <-- POST /wd/hub/session/9b96a812-5aa5-4392-93f9-b5dbf676b882/timeouts 200 1 ms - 14
[38;5;0m[HTTP][0m 
[38;5;0m[HTTP][0m [37m-->[39m [37mPOST[39m [37m/wd/hub/session/9b96a812-5aa5-4392-93f9-b5dbf676b882/element/00000000-0000-0116-ffff-ffff000001b4/click[39m
[38;5;0m[HTTP][0m {"id":"00000000-0000-0116-ffff-ffff000001b4"}
[38;5;0m[HTTP][0m <-- POST /wd/hub/session/9b96a812-5aa5-4392-93f9-b5dbf676b882/element/00000000-0000-0116-ffff-ffff000001b4/click 200 84 ms - 14
[38;5;0m[HTTP][0m 
[38;5;0m[HTTP][0m [37m-->[39m [37mPOST[39m [37m/wd/hub/session/9b96a812-5aa5-4392-93f9-b5dbf676b882/timeouts[39m
[38;5;0m[HTTP][0m {"implicit":50}
[38;5;0m[HTTP][0m <-- POST /wd/hub/session/9b96a812-5aa5-4392-93f9-b5dbf676b882/timeouts 200 1 ms - 14
[38;5;0m[HTTP][0m 
[38;5;0m[HTTP][0m [37m-->[39m [37mGET[39m [37m/wd/hub/session/9b96a812-5aa5-4392-93f9-b5dbf676b882/window/rect[39m
[38;5;0m[HTTP][0m {}
[38;5;0m[HTTP][0m <-- GET /wd/hub/session/9b96a812-5aa5-4392-93f9-b5dbf676b882/window/rect 200 6 ms - 50
[38;5;0m[HTTP][0m 
[38;5;0m[HTTP][0m [37m-->[39m [37mPOST[39m [37m/wd/hub/session/9b96a812-5aa5-4392-93f9-b5dbf676b882/elements[39m
[38;5;0m[HTTP][0m {"using":"xpath","value":"//*[@class = 'android.widget.Button' and (@text = 'NO' or . = 'NO') and @resource-id = 'android:id/button2']"}
[38;5;0m[HTTP][0m <-- POST /wd/hub/session/9b96a812-5aa5-4392-93f9-b5dbf676b882/elements 200 144 ms - 12
[38;5;0m[HTTP][0m 
[38;5;0m[HTTP][0m [37m-->[39m [37mPOST[39m [37m/wd/hub/session/9b96a812-5aa5-4392-93f9-b5dbf676b882/elements[39m
[38;5;0m[HTTP][0m {"using":"xpath","value":"//*[@class = 'android.widget.Button' and (@text = 'NO' or . = 'NO') and @resource-id = 'android:id/button2']"}
[38;5;0m[HTTP][0m <-- POST /wd/hub/session/9b96a812-5aa5-4392-93f9-b5dbf676b882/elements 200 108 ms - 12
[38;5;0m[HTTP][0m 
[38;5;0m[HTTP][0m [37m-->[39m [37mPOST[39m [37m/wd/hub/session/9b96a812-5aa5-4392-93f9-b5dbf676b882/elements[39m
[38;5;0m[HTTP][0m {"using":"xpath","value":"//*[@class = 'android.widget.Button' and (@text = 'NO' or . = 'NO') and @resource-id = 'android:id/button2']"}
[38;5;0m[HTTP][0m <-- POST /wd/hub/session/9b96a812-5aa5-4392-93f9-b5dbf676b882/elements 200 290 ms - 12
[38;5;0m[HTTP][0m 
[38;5;0m[HTTP][0m [37m-->[39m [37mPOST[39m [37m/wd/hub/session/9b96a812-5aa5-4392-93f9-b5dbf676b882/elements[39m
[38;5;0m[HTTP][0m {"using":"xpath","value":"//*[@class = 'android.widget.Button' and (@text = 'NO' or . = 'NO') and @resource-id = 'android:id/button2']"}
[38;5;0m[HTTP][0m <-- POST /wd/hub/session/9b96a812-5aa5-4392-93f9-b5dbf676b882/elements 200 797 ms - 139
[38;5;0m[HTTP][0m 
[38;5;0m[HTTP][0m [37m-->[39m [37mGET[39m [37m/wd/hub/session/9b96a812-5aa5-4392-93f9-b5dbf676b882/element/00000000-0000-011a-ffff-ffff000001d3/location[39m
[38;5;0m[HTTP][0m {}
[38;5;48m[AndroidUiautomator2Driver@8312 (9b96a812)][0m Driver proxy active, passing request on via HTTP proxy
[38;5;48m[AndroidUiautomator2Driver@8312 (9b96a812)][0m Replacing sessionId 40c24524-4895-4424-a9a2-ec3622a74daa with 9b96a812-5aa5-4392-93f9-b5dbf676b882
[38;5;0m[HTTP][0m <-- GET /wd/hub/session/9b96a812-5aa5-4392-93f9-b5dbf676b882/element/00000000-0000-011a-ffff-ffff000001d3/location 200 15 ms - 79
[38;5;0m[HTTP][0m 
[38;5;0m[HTTP][0m [37m-->[39m [37mPOST[39m [37m/wd/hub/session/9b96a812-5aa5-4392-93f9-b5dbf676b882/timeouts[39m
[38;5;0m[HTTP][0m {"implicit":30000}
[38;5;0m[HTTP][0m <-- POST /wd/hub/session/9b96a812-5aa5-4392-93f9-b5dbf676b882/timeouts 200 2 ms - 14
[38;5;0m[HTTP][0m 
[38;5;0m[HTTP][0m [37m-->[39m [37mPOST[39m [37m/wd/hub/session/9b96a812-5aa5-4392-93f9-b5dbf676b882/element/00000000-0000-011a-ffff-ffff000001d3/click[39m
[38;5;0m[HTTP][0m {"id":"00000000-0000-011a-ffff-ffff000001d3"}
[38;5;0m[HTTP][0m <-- POST /wd/hub/session/9b96a812-5aa5-4392-93f9-b5dbf676b882/element/00000000-0000-011a-ffff-ffff000001d3/click 200 105 ms - 14
[38;5;0m[HTTP][0m 
[38;5;0m[HTTP][0m [37m-->[39m [37mGET[39m [37m/wd/hub/session/9b96a812-5aa5-4392-93f9-b5dbf676b882/context[39m
[38;5;0m[HTTP][0m {}
[38;5;0m[HTTP][0m <-- GET /wd/hub/session/9b96a812-5aa5-4392-93f9-b5dbf676b882/context 200 4 ms - 22
[38;5;0m[HTTP][0m 
[38;5;0m[HTTP][0m [37m-->[39m [37mGET[39m [37m/wd/hub/session/9b96a812-5aa5-4392-93f9-b5dbf676b882/contexts[39m
[38;5;0m[HTTP][0m {}
[38;5;0m[HTTP][0m <-- GET /wd/hub/session/9b96a812-5aa5-4392-93f9-b5dbf676b882/contexts 200 379 ms - 58
[38;5;0m[HTTP][0m 
[38;5;0m[HTTP][0m [37m-->[39m [37mPOST[39m [37m/wd/hub/session/9b96a812-5aa5-4392-93f9-b5dbf676b882/context[39m
[38;5;0m[HTTP][0m {"name":"NATIVE_APP"}
[38;5;0m[HTTP][0m <-- POST /wd/hub/session/9b96a812-5aa5-4392-93f9-b5dbf676b882/context 200 1 ms - 14
[38;5;0m[HTTP][0m 
[38;5;0m[HTTP][0m [37m-->[39m [37mGET[39m [37m/wd/hub/session/9b96a812-5aa5-4392-93f9-b5dbf676b882/appium/device/current_package[39m
[38;5;0m[HTTP][0m {}
[38;5;0m[HTTP][0m <-- GET /wd/hub/session/9b96a812-5aa5-4392-93f9-b5dbf676b882/appium/device/current_package 200 59 ms - 35
[38;5;0m[HTTP][0m 
[38;5;0m[HTTP][0m [37m-->[39m [37mPOST[39m [37m/wd/hub/session/9b96a812-5aa5-4392-93f9-b5dbf676b882/appium/device/terminate_app[39m
[38;5;0m[HTTP][0m {"bundleId":"com.solodroid.solomerce"}
[38;5;48m[AndroidUiautomator2Driver@8312 (9b96a812)][0m Terminating 'com.solodroid.solomerce'
[38;5;48m[AndroidUiautomator2Driver@8312 (9b96a812)][0m Querying the state of 'com.solodroid.solomerce'
[38;5;48m[AndroidUiautomator2Driver@8312 (9b96a812)][0m 'com.solodroid.solomerce' has been successfully terminated
[38;5;0m[HTTP][0m <-- POST /wd/hub/session/9b96a812-5aa5-4392-93f9-b5dbf676b882/appium/device/terminate_app 200 874 ms - 14
[38;5;0m[HTTP][0m 
[38;5;0m[HTTP][0m [37m-->[39m [37mPOST[39m [37m/wd/hub/session/9b96a812-5aa5-4392-93f9-b5dbf676b882/context[39m
[38;5;0m[HTTP][0m {"name":"NATIVE_APP"}
[38;5;0m[HTTP][0m <-- POST /wd/hub/session/9b96a812-5aa5-4392-93f9-b5dbf676b882/context 200 1 ms - 14
[38;5;0m[HTTP][0m 
[38;5;0m[HTTP][0m [37m-->[39m [37mDELETE[39m [37m/wd/hub/session/9b96a812-5aa5-4392-93f9-b5dbf676b882[39m
[38;5;0m[HTTP][0m {}
[38;5;16m[AppiumDriver@8f43][0m Removing session 9b96a812-5aa5-4392-93f9-b5dbf676b882 from our master session list
[38;5;64m[ADB][0m com.solodroid.solomerce was successfully uninstalled
[38;5;48m[AndroidUiautomator2Driver@8312 (9b96a812)][0m Restoring hidden api policy to the device default configuration
[38;5;0m[HTTP][0m <-- DELETE /wd/hub/session/9b96a812-5aa5-4392-93f9-b5dbf676b882 200 1344 ms - 14
[38;5;0m[HTTP][0m 
[Appium] Received SIGTERM - shutting down
[38;5;0m[HTTP][0m Waiting until the server is closed
[38;5;0m[HTTP][0m Received server close event
